Run_ID	Bag	sample	Depth	d17	d18	dD
HKDS2004_Fast_IsoWater_20181212_082637	2001	1	1100.025	-19.2858	-36.2401	-281.6519
HKDS2004_Fast_IsoWater_20181212_082637	2001	2	1100.050	-19.0529	-35.7748	-277.9412
HKDS2004_Fast_IsoWater_20181212_082637	2001	3	1100.075	-18.7341	-35.2596	-273.8001
HKDS2004_Fast_IsoWater_20181212_082637	2001	4	1100.100	-18.5670	-34.9326	-270.8441
HKDS2004_Fast_IsoWater_20181212_082637	2001	5	1100.125	-18.5160	-34.7780	-270.4461
HKDS2004_Fast_IsoWater_20181212_082637	2001	6	1100.150	-18.4542	-34.7732	-270.4731
HKDS2004_Fast_IsoWater_20181212_082637	2001	7	1100.175	-18.4656	-34.6678	-269.6128
HKDS2004_Fast_IsoWater_20181212_082637	2001	8	1100.200	-18.3484	-34.4289	-267.7646
HKDS2004_Fast_IsoWater_20181212_082637	2001	9	1100.225	-18.0597	-34.0367	-264.5035
HKDS2004_Fast_IsoWater_20181212_082637	2001	10	1100.250	-17.9938	-33.8484	-262.2938
HKDS2004_Fast_IsoWater_20181212_082637	2001	11	1100.275	-18.0217	-33.9083	-263.0663
HKDS2004_Fast_IsoWater_20181212_082637	2001	12	1100.300	-18.2714	-34.3828	-266.7087
HKDS2004_Fast_IsoWater_20181212_082637	2001	13	1100.325	-18.4191	-34.8145	-271.1503
HKDS2004_Fast_IsoWater_20181212_082637	2001	14	1100.350	-18.6805	-35.1555	-273.4768
HKDS2004_Fast_IsoWater_20181212_082637	2001	15	1100.375	-18.7654	-35.3669	-275.7988
HKDS2004_Fast_IsoWater_20181212_082637	2001	16	1100.400	-18.9147	-35.6445	-278.9770
HKDS2004_Fast_IsoWater_20181212_082637	2001	17	1100.425	-19.0110	-35.7297	-280.0217
HKDS2004_Fast_IsoWater_20181212_082637	2001	18	1100.450	-18.9198	-35.6512	-279.0110
HKDS2004_Fast_IsoWater_20181212_082637	2001	19	1100.475	-18.8893	-35.4027	-277.2871
HKDS2004_Fast_IsoWater_20181212_082637	2001	20	1100.500	-18.7749	-35.2724	-276.0473
HKDS2004_Fast_IsoWater_20181212_082637	2001	21	1100.525	-18.6589	-35.0332	-273.9306
HKDS2004_Fast_IsoWater_20181212_082637	2001	22	1100.550	-18.3420	-34.4075	-268.4103
HKDS2004_Fast_IsoWater_20181212_082637	2002	1	1100.575	-17.7013	-33.3283	-258.8065
HKDS2004_Fast_IsoWater_20181212_082637	2002	2	1100.600	-17.3460	-32.5246	-250.4613
HKDS2004_Fast_IsoWater_20181212_082637	2002	3	1100.625	-17.1771	-32.2819	-248.7314
HKDS2004_Fast_IsoWater_20181212_082637	2002	4	1100.650	-17.3235	-32.5944	-251.9033
HKDS2004_Fast_IsoWater_20181212_082637	2002	5	1100.675	-17.6005	-33.2275	-258.3264
HKDS2004_Fast_IsoWater_20181212_082637	2002	6	1100.700	-18.0603	-33.9499	-264.5908
HKDS2004_Fast_IsoWater_20181212_082637	2002	7	1100.725	-18.4736	-34.7850	-271.1967
HKDS2004_Fast_IsoWater_20181212_082637	2002	8	1100.750	-18.9023	-35.5933	-277.0380
HKDS2004_Fast_IsoWater_20181212_082637	2002	9	1100.775	-19.4464	-36.5667	-284.6594
HKDS2004_Fast_IsoWater_20181212_082637	2002	10	1100.800	-19.9088	-37.3583	-291.7175
HKDS2004_Fast_IsoWater_20181212_082637	2002	11	1100.825	-19.9091	-37.5649	-293.0408
HKDS2004_Fast_IsoWater_20181212_082637	2002	12	1100.850	-19.7494	-37.2033	-289.6081
HKDS2004_Fast_IsoWater_20181212_082637	2002	13	1100.875	-19.3786	-36.4595	-283.3383
HKDS2004_Fast_IsoWater_20181212_082637	2002	14	1100.900	-19.0589	-35.8562	-278.4026
HKDS2004_Fast_IsoWater_20181212_082637	2002	15	1100.925	-18.7461	-35.2891	-274.0410
HKDS2004_Fast_IsoWater_20181212_082637	2002	16	1100.950	-18.5762	-34.8529	-270.3423
HKDS2004_Fast_IsoWater_20181212_082637	2002	17	1100.975	-18.3202	-34.3668	-268.1019
HKDS2004_Fast_IsoWater_20181212_082637	2002	18	1101.000	-18.2394	-34.2986	-267.6100
HKDS2004_Fast_IsoWater_20181212_082637	2002	19	1101.025	-18.2673	-34.3652	-267.6208
HKDS2004_Fast_IsoWater_20181212_082637	2002	20	1101.050	-18.4827	-34.7219	-269.8454
HKDS2004_Fast_IsoWater_20181212_082637	2002	21	1101.075	-18.8710	-35.5875	-276.4919
HKDS2004_Fast_IsoWater_20181212_082637	2002	22	1101.100	-19.3108	-36.2846	-283.0432
HKDS2004_Fast_IsoWater_20181212_082637	2003	1	1101.125	-19.7979	-37.3212	-292.3538
HKDS2004_Fast_IsoWater_20181212_082637	2003	2	1101.150	-19.9227	-37.5524	-293.4718
HKDS2004_Fast_IsoWater_20181212_082637	2003	3	1101.175	-19.6527	-36.9267	-288.5110
HKDS2004_Fast_IsoWater_20181212_082637	2003	4	1101.200	-19.2018	-36.0838	-281.5989
HKDS2004_Fast_IsoWater_20181212_082637	2003	5	1101.225	-18.8643	-35.4626	-275.6541
HKDS2004_Fast_IsoWater_20181212_082637	2003	6	1101.250	-18.4942	-34.7754	-270.9440
HKDS2004_Fast_IsoWater_20181212_082637	2003	7	1101.275	-18.4660	-34.7383	-270.6937
HKDS2004_Fast_IsoWater_20181212_082637	2003	8	1101.300	-18.5531	-34.9144	-273.2984
HKDS2004_Fast_IsoWater_20181212_082637	2003	9	1101.325	-18.8288	-35.5468	-278.5962
HKDS2004_Fast_IsoWater_20181213_071223	2003	10	1101.350	-19.1159	-35.9975	-281.8663
HKDS2004_Fast_IsoWater_20181213_071223	2003	11	1101.375	-19.2951	-36.3631	-284.3361
HKDS2004_Fast_IsoWater_20181213_071223	2003	12	1101.400	-19.3935	-36.5025	-285.7322
HKDS2004_Fast_IsoWater_20181213_071223	2003	13	1101.425	-19.2258	-36.0965	-282.4832
HKDS2004_Fast_IsoWater_20181213_071223	2003	14	1101.450	-18.8232	-35.3203	-275.2453
HKDS2004_Fast_IsoWater_20181213_071223	2003	15	1101.475	-18.4120	-34.5871	-268.1047
HKDS2004_Fast_IsoWater_20181213_071223	2003	16	1101.500	-18.0072	-33.8830	-262.0629
HKDS2004_Fast_IsoWater_20181213_071223	2003	17	1101.525	-17.7808	-33.4761	-259.3940
HKDS2004_Fast_IsoWater_20181213_071223	2003	18	1101.550	-17.7603	-33.3229	-258.8811
HKDS2004_Fast_IsoWater_20181213_071223	2003	19	1101.575	-17.6663	-33.2723	-258.9081
HKDS2004_Fast_IsoWater_20181213_071223	2003	20	1101.600	-17.6397	-33.0777	-257.0485
HKDS2004_Fast_IsoWater_20181213_071223	2003	21	1101.625	-17.4804	-32.8922	-254.9629
HKDS2004_Fast_IsoWater_20181213_071223	2003	22	1101.650	-17.6033	-33.1146	-256.3492
HKDS2004_Fast_IsoWater_20181213_071223	2004	1	1101.675	-18.1040	-33.9840	-264.8624
HKDS2004_Fast_IsoWater_20181213_071223	2004	2	1101.700	-18.6880	-35.1223	-274.4775
HKDS2004_Fast_IsoWater_20181213_071223	2004	3	1101.725	-19.1903	-36.1824	-284.0933
HKDS2004_Fast_IsoWater_20181213_071223	2004	4	1101.750	-19.6221	-36.9217	-290.4683
HKDS2004_Fast_IsoWater_20181213_071223	2004	5	1101.775	-19.6480	-36.9576	-291.4428
HKDS2004_Fast_IsoWater_20181213_071223	2004	6	1101.800	-19.3631	-36.3948	-286.2575
HKDS2004_Fast_IsoWater_20181213_071223	2004	7	1101.825	-18.8599	-35.5065	-277.1185
HKDS2004_Fast_IsoWater_20181213_071223	2004	8	1101.850	-18.4709	-34.7823	-270.3675
HKDS2004_Fast_IsoWater_20181213_071223	2004	9	1101.875	-18.3819	-34.5711	-267.5772
HKDS2004_Fast_IsoWater_20181213_071223	2004	10	1101.900	-18.4345	-34.6252	-268.1814
HKDS2004_Fast_IsoWater_20181213_071223	2004	11	1101.925	-18.5658	-35.0050	-272.2724
HKDS2004_Fast_IsoWater_20181213_071223	2004	12	1101.950	-18.6234	-35.1614	-274.5102
HKDS2004_Fast_IsoWater_20181213_071223	2004	13	1101.975	-18.5471	-34.9941	-273.0862
HKDS2004_Fast_IsoWater_20181213_071223	2004	14	1102.000	-18.2553	-34.4301	-268.5999
HKDS2004_Fast_IsoWater_20181213_071223	2004	15	1102.025	-17.8236	-33.5148	-260.7267
HKDS2004_Fast_IsoWater_20181213_071223	2004	16	1102.050	-17.6159	-33.0518	-255.5015
HKDS2004_Fast_IsoWater_20181213_071223	2004	17	1102.075	-17.4355	-32.8339	-253.8825
HKDS2004_Fast_IsoWater_20181213_071223	2004	18	1102.100	-17.8036	-33.5940	-261.4498
HKDS2004_Fast_IsoWater_20181213_071223	2004	19	1102.125	-18.2411	-34.3855	-268.5580
HKDS2004_Fast_IsoWater_20181213_071223	2004	20	1102.150	-18.3683	-34.7207	-271.8958
HKDS2004_Fast_IsoWater_20181213_071223	2004	21	1102.175	-18.5927	-34.9893	-273.4789
HKDS2004_Fast_IsoWater_20181213_071223	2004	22	1102.200	-18.7649	-35.3293	-275.1340
HKDS2004_Fast_IsoWater_20181213_071223	2005	1	1102.225	-18.7317	-35.2287	-274.9077
HKDS2004_Fast_IsoWater_20181213_071223	2005	2	1102.250	-18.5247	-34.8573	-272.2826
HKDS2004_Fast_IsoWater_20181213_071223	2005	3	1102.275	-18.3490	-34.5140	-268.1586
HKDS2004_Fast_IsoWater_20181213_071223	2005	4	1102.300	-18.2246	-34.3702	-266.4931
HKDS2004_Fast_IsoWater_20181213_071223	2005	5	1102.325	-18.2335	-34.3237	-266.3510
HKDS2004_Fast_IsoWater_20181213_071223	2005	6	1102.350	-18.1917	-34.3298	-266.7857
HKDS2004_Fast_IsoWater_20181213_071223	2005	7	1102.375	-18.1759	-34.2237	-266.6668
HKDS2004_Fast_IsoWater_20181213_071223	2005	8	1102.400	-18.1173	-34.0612	-264.5045
HKDS2004_Fast_IsoWater_20181213_071223	2005	9	1102.425	-17.9195	-33.7863	-262.6820
HKDS2004_Fast_IsoWater_20181213_071223	2005	10	1102.450	-17.9647	-33.7238	-262.7746
HKDS2004_Fast_IsoWater_20181213_071223	2005	11	1102.475	-18.1236	-34.1083	-265.7155
HKDS2004_Fast_IsoWater_20181213_071223	2005	12	1102.500	-18.2237	-34.4413	-269.5734
HKDS2004_Fast_IsoWater_20181213_071223	2005	13	1102.525	-18.5193	-34.9204	-272.6243
HKDS2004_Fast_IsoWater_20181213_071223	2005	14	1102.550	-18.7981	-35.2873	-274.9464
HKDS2004_Fast_IsoWater_20181213_071223	2005	15	1102.575	-18.8456	-35.4854	-276.4823
HKDS2004_Fast_IsoWater_20181213_071223	2005	16	1102.600	-18.8950	-35.5007	-276.3599
HKDS2004_Fast_IsoWater_20181213_071223	2005	17	1102.625	-18.7757	-35.3597	-275.4235
HKDS2004_Fast_IsoWater_20181213_071223	2005	18	1102.650	-18.7488	-35.2296	-273.5664
HKDS2004_Fast_IsoWater_20181217_114316	2005	19	1102.675	-18.4699	-34.7696	-269.7991
HKDS2004_Fast_IsoWater_20181217_114316	2005	20	1102.700	-18.3842	-34.5484	-267.3990
HKDS2004_Fast_IsoWater_20181217_114316	2005	21	1102.725	-18.3944	-34.5764	-268.9526
HKDS2004_Fast_IsoWater_20181217_114316	2005	22	1102.750	-18.6485	-35.0565	-272.4965
HKDS2004_Fast_IsoWater_20181217_114316	2006	1	1102.775	-18.8109	-35.3049	-275.5488
HKDS2004_Fast_IsoWater_20181217_114316	2006	2	1102.800	-18.8392	-35.5792	-277.7526
HKDS2004_Fast_IsoWater_20181217_114316	2006	3	1102.825	-18.9586	-35.7105	-278.4659
HKDS2004_Fast_IsoWater_20181217_114316	2006	4	1102.850	-18.7475	-35.3533	-276.2215
HKDS2004_Fast_IsoWater_20181217_114316	2006	5	1102.875	-18.6644	-35.0844	-273.0405
HKDS2004_Fast_IsoWater_20181217_114316	2006	6	1102.900	-18.4909	-34.7939	-269.8026
HKDS2004_Fast_IsoWater_20181217_114316	2006	7	1102.925	-18.5078	-34.8623	-270.6115
HKDS2004_Fast_IsoWater_20181217_114316	2006	8	1102.950	-18.7106	-35.1961	-274.0044
HKDS2004_Fast_IsoWater_20181217_114316	2006	9	1102.975	-18.8201	-35.4570	-276.7160
HKDS2004_Fast_IsoWater_20181217_114316	2006	10	1103.000	-18.7867	-35.5542	-277.3495
HKDS2004_Fast_IsoWater_20181217_114316	2006	11	1103.025	-18.9242	-35.5532	-276.5403
HKDS2004_Fast_IsoWater_20181217_114316	2006	12	1103.050	-18.9089	-35.5934	-276.6773
HKDS2004_Fast_IsoWater_20181217_114316	2006	13	1103.075	-19.1210	-36.0545	-280.7868
HKDS2004_Fast_IsoWater_20181217_114316	2006	14	1103.100	-19.4142	-36.6588	-285.9782
HKDS2004_Fast_IsoWater_20181217_114316	2006	15	1103.125	-19.7351	-37.0991	-289.2934
HKDS2004_Fast_IsoWater_20181217_114316	2006	16	1103.150	-19.7599	-37.1088	-290.4007
HKDS2004_Fast_IsoWater_20181217_114316	2006	17	1103.175	-19.5135	-36.7099	-286.4343
HKDS2004_Fast_IsoWater_20181217_114316	2006	18	1103.200	-19.1420	-35.9640	-279.6395
HKDS2004_Fast_IsoWater_20181217_114316	2006	19	1103.225	-18.8433	-35.3212	-273.3726
HKDS2004_Fast_IsoWater_20181217_114316	2006	20	1103.250	-18.5288	-34.8816	-270.6920
HKDS2004_Fast_IsoWater_20181217_114316	2006	21	1103.275	-18.5488	-34.8116	-270.5775
HKDS2004_Fast_IsoWater_20181217_114316	2006	22	1103.300	-18.4699	-34.7310	-269.9298
HKDS2004_Fast_IsoWater_20181217_114316	2007	1	1103.325	-18.3289	-34.5914	-269.2647
HKDS2004_Fast_IsoWater_20181217_114316	2007	2	1103.350	-18.3737	-34.5886	-269.3024
HKDS2004_Fast_IsoWater_20181217_114316	2007	3	1103.375	-18.3187	-34.5122	-268.6189
HKDS2004_Fast_IsoWater_20181217_114316	2007	4	1103.400	-18.2706	-34.3341	-267.0974
HKDS2004_Fast_IsoWater_20181217_114316	2007	5	1103.425	-18.0054	-34.1309	-265.4461
HKDS2004_Fast_IsoWater_20181217_114316	2007	6	1103.450	-18.0872	-34.0680	-264.5868
HKDS2004_Fast_IsoWater_20181217_114316	2007	7	1103.475	-18.0745	-34.0658	-263.9058
HKDS2004_Fast_IsoWater_20181217_114316	2007	8	1103.500	-18.1735	-34.1293	-264.8996
HKDS2004_Fast_IsoWater_20181217_114316	2007	9	1103.525	-18.4167	-34.5870	-268.9849
HKDS2004_Fast_IsoWater_20181217_114316	2007	10	1103.550	-18.7134	-35.2426	-274.5144
HKDS2004_Fast_IsoWater_20181217_114316	2007	11	1103.575	-19.0098	-35.7731	-279.3004
HKDS2004_Fast_IsoWater_20181217_114316	2007	12	1103.600	-19.1089	-36.0138	-281.5024
HKDS2004_Fast_IsoWater_20181217_114316	2007	13	1103.625	-18.9573	-35.6864	-278.7070
HKDS2004_Fast_IsoWater_20181217_114316	2007	14	1103.650	-18.5788	-34.9326	-272.0423
HKDS2004_Fast_IsoWater_20181217_114316	2007	15	1103.675	-18.1369	-34.0488	-264.0784
HKDS2004_Fast_IsoWater_20181217_114316	2007	16	1103.700	-17.8191	-33.5536	-260.5043
HKDS2004_Fast_IsoWater_20181217_114316	2007	17	1103.725	-17.7889	-33.4044	-259.5353
HKDS2004_Fast_IsoWater_20181217_114316	2007	18	1103.750	-17.7523	-33.4339	-260.5643
HKDS2004_Fast_IsoWater_20181217_114316	2007	19	1103.775	-17.7599	-33.3992	-260.1674
HKDS2004_Fast_IsoWater_20181217_114316	2007	20	1103.800	-17.6931	-33.2879	-258.6982
HKDS2004_Fast_IsoWater_20181217_114316	2007	21	1103.825	-17.8169	-33.6473	-261.2954
HKDS2004_Fast_IsoWater_20181217_114316	2007	22	1103.850	-18.1741	-34.2278	-267.5481
HKDS2004_Fast_IsoWater_20181217_114316	2008	1	1103.875	-18.5011	-34.8771	-273.0807
HKDS2004_Fast_IsoWater_20181217_114316	2008	2	1103.900	-18.7797	-35.3992	-276.5869
HKDS2004_Fast_IsoWater_20181217_114316	2008	3	1103.925	-19.0477	-35.8941	-279.6487
HKDS2004_Fast_IsoWater_20181217_114316	2008	4	1103.950	-19.3371	-36.4332	-283.2393
HKDS2004_Fast_IsoWater_20181217_114316	2008	5	1103.975	-19.3279	-36.5074	-283.7902
HKDS2004_Fast_IsoWater_20181218_073023	2008	6	1104.000	-19.2264	-36.2379	-280.8986
HKDS2004_Fast_IsoWater_20181218_073023	2008	7	1104.025	-18.9862	-35.8133	-277.1923
HKDS2004_Fast_IsoWater_20181218_073023	2008	8	1104.050	-18.7469	-35.4487	-274.9431
HKDS2004_Fast_IsoWater_20181218_073023	2008	9	1104.075	-18.7693	-35.3842	-274.7285
HKDS2004_Fast_IsoWater_20181218_073023	2008	10	1104.100	-18.7144	-35.2981	-275.3225
HKDS2004_Fast_IsoWater_20181218_073023	2008	11	1104.125	-18.7555	-35.4337	-276.0322
HKDS2004_Fast_IsoWater_20181218_073023	2008	12	1104.150	-18.6740	-35.3479	-276.6075
HKDS2004_Fast_IsoWater_20181218_073023	2008	13	1104.175	-18.7416	-35.3239	-275.5091
HKDS2004_Fast_IsoWater_20181218_073023	2008	14	1104.200	-18.6103	-35.1424	-274.2159
HKDS2004_Fast_IsoWater_20181218_073023	2008	15	1104.225	-18.5642	-35.0024	-272.9011
HKDS2004_Fast_IsoWater_20181218_073023	2008	16	1104.250	-18.4853	-34.9025	-270.5550
HKDS2004_Fast_IsoWater_20181218_073023	2008	17	1104.275	-18.4228	-34.7341	-268.5862
HKDS2004_Fast_IsoWater_20181218_073023	2008	18	1104.300	-18.5784	-35.0572	-271.1474
HKDS2004_Fast_IsoWater_20181218_073023	2008	19	1104.325	-18.9546	-35.7725	-278.0999
HKDS2004_Fast_IsoWater_20181218_073023	2008	20	1104.350	-19.3915	-36.6016	-286.5484
HKDS2004_Fast_IsoWater_20181218_073023	2008	21	1104.375	-19.5822	-36.9755	-289.4611
HKDS2004_Fast_IsoWater_20181218_073023	2008	22	1104.400	-19.0727	-35.9432	-281.5991
HKDS2004_Fast_IsoWater_20181218_073023	2009	1	1104.425	-18.5639	-35.0068	-273.4783
HKDS2004_Fast_IsoWater_20181218_073023	2009	2	1104.450	-18.3789	-34.5873	-269.9162
HKDS2004_Fast_IsoWater_20181218_073023	2009	3	1104.475	-18.0733	-34.1257	-265.8723
HKDS2004_Fast_IsoWater_20181218_073023	2009	4	1104.500	-17.8833	-33.7917	-263.6588
HKDS2004_Fast_IsoWater_20181218_073023	2009	5	1104.525	-17.8290	-33.6338	-262.0793
HKDS2004_Fast_IsoWater_20181218_073023	2009	6	1104.550	-17.8438	-33.5891	-261.1576
HKDS2004_Fast_IsoWater_20181218_073023	2009	7	1104.575	-17.9745	-33.8357	-263.0800
HKDS2004_Fast_IsoWater_20181218_073023	2009	8	1104.600	-18.1491	-34.2791	-266.7486
HKDS2004_Fast_IsoWater_20181218_073023	2009	9	1104.625	-18.3502	-34.6250	-269.5882
HKDS2004_Fast_IsoWater_20181218_073023	2009	10	1104.650	-18.4524	-34.8457	-271.3934
HKDS2004_Fast_IsoWater_20181218_073023	2009	11	1104.675	-18.6125	-35.1437	-273.8285
HKDS2004_Fast_IsoWater_20181218_073023	2009	12	1104.700	-18.6216	-35.1663	-273.9105
HKDS2004_Fast_IsoWater_20181218_073023	2009	13	1104.725	-18.4739	-34.9012	-271.6442
HKDS2004_Fast_IsoWater_20181218_073023	2009	14	1104.750	-18.3050	-34.5057	-268.1667
HKDS2004_Fast_IsoWater_20181218_073023	2009	15	1104.775	-18.2147	-34.2543	-265.8301
HKDS2004_Fast_IsoWater_20181218_073023	2009	16	1104.800	-18.0623	-34.1643	-265.7119
HKDS2004_Fast_IsoWater_20181218_073023	2009	17	1104.825	-18.1819	-34.3391	-266.2932
HKDS2004_Fast_IsoWater_20181218_073023	2009	18	1104.850	-18.2551	-34.4792	-267.5250
HKDS2004_Fast_IsoWater_20181218_073023	2009	19	1104.875	-18.5771	-35.0206	-272.1594
HKDS2004_Fast_IsoWater_20181218_073023	2009	20	1104.900	-18.9461	-35.6860	-279.2911
HKDS2004_Fast_IsoWater_20181218_073023	2009	21	1104.925	-18.9531	-35.8589	-282.2502
HKDS2004_Fast_IsoWater_20181218_073023	2009	22	1104.950	-18.9827	-35.7253	-279.4074
HKDS2004_Fast_IsoWater_20181218_073023	2010	1	1104.975	-18.6134	-35.1699	-274.2118
HKDS2004_Fast_IsoWater_20181218_073023	2010	2	1105.000	-18.3896	-34.6396	-268.8741
HKDS2004_Fast_IsoWater_20181218_073023	2010	3	1105.025	-18.1737	-34.2827	-265.7548
HKDS2004_Fast_IsoWater_20181218_073023	2010	4	1105.050	-18.2100	-34.3136	-265.1042
HKDS2004_Fast_IsoWater_20181218_073023	2010	5	1105.075	-18.3003	-34.5503	-267.7668
HKDS2004_Fast_IsoWater_20181218_073023	2010	6	1105.100	-18.4344	-34.8135	-270.6656
HKDS2004_Fast_IsoWater_20181218_073023	2010	7	1105.125	-18.6437	-35.1322	-272.8840
HKDS2004_Fast_IsoWater_20181218_073023	2010	8	1105.150	-18.7299	-35.3673	-274.5207
HKDS2004_Fast_IsoWater_20181218_073023	2010	9	1105.175	-18.7987	-35.5150	-275.5577
HKDS2004_Fast_IsoWater_20181218_073023	2010	10	1105.200	-18.8404	-35.5061	-275.3909
HKDS2004_Fast_IsoWater_20181218_073023	2010	11	1105.225	-18.6898	-35.2142	-272.9100
HKDS2004_Fast_IsoWater_20181218_073023	2010	12	1105.250	-18.2937	-34.6441	-268.3043
HKDS2004_Fast_IsoWater_20181218_073023	2010	13	1105.275	-18.1260	-34.1965	-264.2664
HKDS2004_Fast_IsoWater_20181218_073023	2010	14	1105.300	-17.9281	-33.8765	-262.0602
HKDS2004_Fast_IsoWater_20190114_141252	2010	15	1105.325	-18.0357	-33.9902	-263.3981
HKDS2004_Fast_IsoWater_20190114_141252	2010	16	1105.350	-18.1217	-34.0824	-265.9245
HKDS2004_Fast_IsoWater_20190114_141252	2010	17	1105.375	-18.1745	-34.2446	-266.9781
HKDS2004_Fast_IsoWater_20190114_141252	2010	18	1105.400	-18.0736	-34.0479	-264.3480
HKDS2004_Fast_IsoWater_20190114_141252	2010	19	1105.425	-17.9453	-33.7704	-260.8324
HKDS2004_Fast_IsoWater_20190114_141252	2010	20	1105.450	-17.9609	-33.8042	-260.7181
HKDS2004_Fast_IsoWater_20190114_141252	2010	21	1105.475	-18.2312	-34.3929	-266.1273
HKDS2004_Fast_IsoWater_20190114_141252	2010	22	1105.500	-18.4926	-34.8484	-271.6598
HKDS2004_Fast_IsoWater_20190114_141252	2011	1	1105.525	-18.6435	-35.1914	-273.5271
HKDS2004_Fast_IsoWater_20190114_141252	2011	2	1105.550	-18.6960	-35.2269	-273.0509
HKDS2004_Fast_IsoWater_20190114_141252	2011	3	1105.575	-18.7030	-35.2046	-272.7119
HKDS2004_Fast_IsoWater_20190114_141252	2011	4	1105.600	-18.7683	-35.3059	-274.0636
HKDS2004_Fast_IsoWater_20190114_141252	2011	5	1105.625	-18.9724	-35.7398	-277.6300
HKDS2004_Fast_IsoWater_20190114_141252	2011	6	1105.650	-19.2962	-36.2785	-283.3913
HKDS2004_Fast_IsoWater_20190114_141252	2011	7	1105.675	-19.4926	-36.6983	-286.6526
HKDS2004_Fast_IsoWater_20190114_141252	2011	8	1105.700	-19.4837	-36.7724	-286.2831
HKDS2004_Fast_IsoWater_20190114_141252	2011	9	1105.725	-19.3789	-36.5235	-283.4593
HKDS2004_Fast_IsoWater_20190114_141252	2011	10	1105.750	-19.1955	-36.1112	-280.8567
HKDS2004_Fast_IsoWater_20190114_141252	2011	11	1105.775	-18.9829	-35.6840	-277.0732
HKDS2004_Fast_IsoWater_20190114_141252	2011	12	1105.800	-18.5362	-34.9435	-271.2826
HKDS2004_Fast_IsoWater_20190114_141252	2011	13	1105.825	-18.2162	-34.3100	-266.1683
HKDS2004_Fast_IsoWater_20190114_141252	2011	14	1105.850	-18.0500	-33.8703	-261.4648
HKDS2004_Fast_IsoWater_20190114_141252	2011	15	1105.875	-17.8985	-33.6453	-259.8800
HKDS2004_Fast_IsoWater_20190114_141252	2011	16	1105.900	-17.9988	-33.8574	-262.1025
HKDS2004_Fast_IsoWater_20190114_141252	2011	17	1105.925	-18.1669	-34.2211	-265.5356
HKDS2004_Fast_IsoWater_20190114_141252	2011	18	1105.950	-18.3235	-34.4554	-267.7902
HKDS2004_Fast_IsoWater_20190114_141252	2011	19	1105.975	-18.4926	-34.7249	-270.2661
HKDS2004_Fast_IsoWater_20190114_141252	2011	20	1106.000	-18.5168	-34.8104	-270.8909
HKDS2004_Fast_IsoWater_20190114_141252	2011	21	1106.025	-18.3515	-34.6150	-269.2048
HKDS2004_Fast_IsoWater_20190114_141252	2011	22	1106.050	-18.1554	-34.2343	-265.8492
HKDS2004_Fast_IsoWater_20190114_141252	2012	1	1106.075	-17.9201	-33.6665	-261.1219
HKDS2004_Fast_IsoWater_20190114_141252	2012	2	1106.100	-17.5368	-33.0792	-255.7374
HKDS2004_Fast_IsoWater_20190114_141252	2012	3	1106.125	-17.3770	-32.6720	-251.9748
HKDS2004_Fast_IsoWater_20190114_141252	2012	4	1106.150	-17.3337	-32.5898	-250.7256
HKDS2004_Fast_IsoWater_20190114_141252	2012	5	1106.175	-17.3072	-32.6865	-252.2627
HKDS2004_Fast_IsoWater_20190114_141252	2012	6	1106.200	-17.4581	-32.8583	-254.2663
HKDS2004_Fast_IsoWater_20190114_141252	2012	7	1106.225	-17.5693	-33.0269	-256.4510
HKDS2004_Fast_IsoWater_20190114_141252	2012	8	1106.250	-17.7008	-33.4170	-259.5844
HKDS2004_Fast_IsoWater_20190114_141252	2012	9	1106.275	-17.9192	-33.7426	-262.6571
HKDS2004_Fast_IsoWater_20190114_141252	2012	10	1106.300	-18.0784	-34.0279	-264.5667
HKDS2004_Fast_IsoWater_20190114_141252	2012	11	1106.325	-18.2913	-34.4029	-267.5207
HKDS2004_Fast_IsoWater_20190114_141252	2012	12	1106.350	-18.5556	-34.8429	-271.0198
HKDS2004_Fast_IsoWater_20190114_141252	2012	13	1106.375	-18.6241	-35.0193	-271.5106
HKDS2004_Fast_IsoWater_20190114_141252	2012	14	1106.400	-18.5785	-34.8929	-270.8779
HKDS2004_Fast_IsoWater_20190114_141252	2012	15	1106.425	-18.6603	-35.0599	-272.4823
HKDS2004_Fast_IsoWater_20190114_141252	2012	16	1106.450	-18.8794	-35.4497	-276.7386
HKDS2004_Fast_IsoWater_20190114_141252	2012	17	1106.475	-18.9905	-35.7375	-278.5462
HKDS2004_Fast_IsoWater_20190114_141252	2012	18	1106.500	-19.0857	-35.8562	-279.6656
HKDS2004_Fast_IsoWater_20190114_141252	2012	19	1106.525	-19.1901	-36.1663	-281.8335
HKDS2004_Fast_IsoWater_20190114_141252	2012	20	1106.550	-19.3789	-36.3543	-283.7227
HKDS2004_Fast_IsoWater_20190114_141252	2012	21	1106.575	-19.1838	-36.2031	-282.2881
HKDS2004_Fast_IsoWater_20190114_141252	2012	22	1106.600	-18.9456	-35.7620	-278.5268
HKDS2004_Fast_IsoWater_20190110_101057	2013	1	1106.625	-18.8213	-35.4262	-275.3242
HKDS2004_Fast_IsoWater_20190110_101057	2013	2	1106.650	-18.6919	-35.2329	-273.2794
HKDS2004_Fast_IsoWater_20190110_101057	2013	3	1106.675	-18.6392	-35.1719	-272.0270
HKDS2004_Fast_IsoWater_20190110_101057	2013	4	1106.700	-18.8974	-35.5268	-274.5127
HKDS2004_Fast_IsoWater_20190110_101057	2013	5	1106.725	-19.2014	-36.0948	-279.7053
HKDS2004_Fast_IsoWater_20190110_101057	2013	6	1106.750	-19.3340	-36.4740	-283.2755
HKDS2004_Fast_IsoWater_20190110_101057	2013	7	1106.775	-19.3826	-36.6631	-285.3995
HKDS2004_Fast_IsoWater_20190110_101057	2013	8	1106.800	-19.5145	-36.7337	-285.6740
HKDS2004_Fast_IsoWater_20190110_101057	2013	9	1106.825	-19.2983	-36.4385	-283.4544
HKDS2004_Fast_IsoWater_20190110_101057	2013	10	1106.850	-19.1822	-36.0935	-280.0140
HKDS2004_Fast_IsoWater_20190110_101057	2013	11	1106.875	-18.9523	-35.6597	-277.1772
HKDS2004_Fast_IsoWater_20190110_101057	2013	12	1106.900	-18.8905	-35.5172	-276.1410
HKDS2004_Fast_IsoWater_20190110_101057	2013	13	1106.925	-18.8075	-35.3856	-274.7919
HKDS2004_Fast_IsoWater_20190110_101057	2013	14	1106.950	-18.7462	-35.3479	-273.9043
HKDS2004_Fast_IsoWater_20190110_101057	2013	15	1106.975	-18.9372	-35.6907	-276.7867
HKDS2004_Fast_IsoWater_20190110_101057	2013	16	1107.000	-19.3198	-36.4114	-284.6358
HKDS2004_Fast_IsoWater_20190110_101057	2013	17	1107.025	-19.6105	-37.0100	-290.5580
HKDS2004_Fast_IsoWater_20190110_101057	2013	18	1107.050	-19.7961	-37.2001	-291.6662
HKDS2004_Fast_IsoWater_20190110_101057	2013	19	1107.075	-19.7068	-37.1148	-289.7077
HKDS2004_Fast_IsoWater_20190110_101057	2013	20	1107.100	-19.4675	-36.6043	-285.9203
HKDS2004_Fast_IsoWater_20190110_101057	2013	21	1107.125	-19.1512	-36.1513	-282.1852
HKDS2004_Fast_IsoWater_20190110_101057	2013	22	1107.150	-18.9836	-35.7942	-279.2236
HKDS2004_Fast_IsoWater_20190110_101057	2014	1	1107.175	-18.8520	-35.5769	-277.1129
HKDS2004_Fast_IsoWater_20190110_101057	2014	2	1107.200	-18.8977	-35.5821	-277.2597
HKDS2004_Fast_IsoWater_20190110_101057	2014	3	1107.225	-18.9912	-35.7667	-278.4981
HKDS2004_Fast_IsoWater_20190110_101057	2014	4	1107.250	-18.9037	-35.7539	-278.6537
HKDS2004_Fast_IsoWater_20190110_101057	2014	5	1107.275	-19.0521	-35.8820	-278.9435
HKDS2004_Fast_IsoWater_20190110_101057	2014	6	1107.300	-19.1130	-35.8641	-279.8336
HKDS2004_Fast_IsoWater_20190110_101057	2014	7	1107.325	-18.8501	-35.5469	-278.1021
HKDS2004_Fast_IsoWater_20190110_101057	2014	8	1107.350	-18.3810	-34.6563	-269.5318
HKDS2004_Fast_IsoWater_20190110_101057	2014	9	1107.375	-17.9189	-33.7829	-261.7062
HKDS2004_Fast_IsoWater_20190110_101057	2014	10	1107.400	-17.5688	-33.2040	-256.4382
HKDS2004_Fast_IsoWater_20190110_101057	2014	11	1107.425	-17.6247	-33.1344	-255.8617
HKDS2004_Fast_IsoWater_20190110_101057	2014	12	1107.450	-17.6597	-33.2810	-257.7941
HKDS2004_Fast_IsoWater_20190110_101057	2014	13	1107.475	-17.7992	-33.5174	-259.2110
HKDS2004_Fast_IsoWater_20190110_101057	2014	14	1107.500	-17.9378	-33.7465	-260.4557
HKDS2004_Fast_IsoWater_20190110_101057	2014	15	1107.525	-18.0928	-34.0327	-262.1602
HKDS2004_Fast_IsoWater_20190110_101057	2014	16	1107.550	-18.2285	-34.3327	-264.0177
HKDS2004_Fast_IsoWater_20190110_101057	2014	17	1107.575	-18.5101	-34.9173	-269.2316
HKDS2004_Fast_IsoWater_20190110_101057	2014	18	1107.600	-19.0142	-35.7919	-277.8630
HKDS2004_Fast_IsoWater_20190110_101057	2014	19	1107.625	-19.4129	-36.5966	-285.7360
HKDS2004_Fast_IsoWater_20190110_101057	2014	20	1107.650	-19.6032	-37.0343	-290.4434
HKDS2004_Fast_IsoWater_20190110_101057	2014	21	1107.675	-19.8147	-37.3180	-293.2200
HKDS2004_Fast_IsoWater_20190110_101057	2014	22	1107.700	-19.8965	-37.4777	-294.2626
HKDS2004_Fast_IsoWater_20190110_101057	2015	1	1107.725	-19.8248	-37.2979	-292.3611
HKDS2004_Fast_IsoWater_20190110_101057	2015	2	1107.750	-19.4618	-36.7350	-287.1737
HKDS2004_Fast_IsoWater_20190110_101057	2015	3	1107.775	-19.2693	-36.2462	-282.3198
HKDS2004_Fast_IsoWater_20190110_101057	2015	4	1107.800	-18.9984	-35.7913	-277.6013
HKDS2004_Fast_IsoWater_20190110_101057	2015	5	1107.825	-18.6853	-35.2501	-273.2403
HKDS2004_Fast_IsoWater_20190110_101057	2015	6	1107.850	-18.3532	-34.6045	-268.5959
HKDS2004_Fast_IsoWater_20190110_101057	2015	7	1107.875	-18.0391	-34.0123	-262.4492
HKDS2004_Fast_IsoWater_20190110_101057	2015	8	1107.900	-17.8267	-33.5449	-258.9293
HKDS2004_Fast_IsoWater_20190110_101057	2015	9	1107.925	-17.8175	-33.5190	-259.6319
HKDS2004_Fast_IsoWater_20190111_085837	2015	10	1107.950	-18.1566	-34.0313	-263.9795
HKDS2004_Fast_IsoWater_20190111_085837	2015	11	1107.975	-18.4183	-34.5909	-269.1207
HKDS2004_Fast_IsoWater_20190111_085837	2015	12	1108.000	-18.6697	-35.2080	-275.1983
HKDS2004_Fast_IsoWater_20190111_085837	2015	13	1108.025	-19.1502	-35.9410	-281.5990
HKDS2004_Fast_IsoWater_20190111_085837	2015	14	1108.050	-19.2107	-36.2037	-284.6470
HKDS2004_Fast_IsoWater_20190111_085837	2015	15	1108.075	-19.1234	-35.9651	-281.8627
HKDS2004_Fast_IsoWater_20190111_085837	2015	16	1108.100	-18.8402	-35.3527	-275.4781
HKDS2004_Fast_IsoWater_20190111_085837	2015	17	1108.125	-18.3735	-34.4776	-267.7281
HKDS2004_Fast_IsoWater_20190111_085837	2015	18	1108.150	-17.9058	-33.7109	-259.5104
HKDS2004_Fast_IsoWater_20190111_085837	2015	19	1108.175	-17.8610	-33.5852	-259.0417
HKDS2004_Fast_IsoWater_20190111_085837	2015	20	1108.200	-18.1953	-34.2590	-265.4362
HKDS2004_Fast_IsoWater_20190111_085837	2015	21	1108.225	-18.5098	-34.8739	-271.4174
HKDS2004_Fast_IsoWater_20190111_085837	2015	22	1108.250	-18.8508	-35.3759	-275.8890
HKDS2004_Fast_IsoWater_20190111_085837	2016	1	1108.275	-18.9861	-35.7374	-279.0584
HKDS2004_Fast_IsoWater_20190111_085837	2016	2	1108.300	-19.0172	-35.7985	-279.3721
HKDS2004_Fast_IsoWater_20190111_085837	2016	3	1108.325	-19.0424	-35.7335	-277.2063
HKDS2004_Fast_IsoWater_20190111_085837	2016	4	1108.350	-18.9689	-35.6563	-275.7851
HKDS2004_Fast_IsoWater_20190111_085837	2016	5	1108.375	-19.1051	-35.9693	-279.2346
HKDS2004_Fast_IsoWater_20190111_085837	2016	6	1108.400	-19.3422	-36.4025	-283.5053
HKDS2004_Fast_IsoWater_20190111_085837	2016	7	1108.425	-19.5690	-36.7083	-286.6499
HKDS2004_Fast_IsoWater_20190111_085837	2016	8	1108.450	-19.5617	-36.7787	-287.0454
HKDS2004_Fast_IsoWater_20190111_085837	2016	9	1108.475	-19.2053	-36.2191	-282.5772
HKDS2004_Fast_IsoWater_20190111_085837	2016	10	1108.500	-18.7676	-35.2379	-274.4774
HKDS2004_Fast_IsoWater_20190111_085837	2016	11	1108.525	-18.2260	-34.3188	-266.2743
HKDS2004_Fast_IsoWater_20190111_085837	2016	12	1108.550	-17.8076	-33.3861	-258.8063
HKDS2004_Fast_IsoWater_20190111_085837	2016	13	1108.575	-17.4828	-32.8452	-254.7982
HKDS2004_Fast_IsoWater_20190111_085837	2016	14	1108.600	-17.3459	-32.7169	-253.2367
HKDS2004_Fast_IsoWater_20190111_085837	2016	15	1108.625	-17.4432	-32.7770	-253.8327
HKDS2004_Fast_IsoWater_20190111_085837	2016	16	1108.650	-17.6380	-33.1780	-257.0977
HKDS2004_Fast_IsoWater_20190111_085837	2016	17	1108.675	-17.8367	-33.6112	-261.3691
HKDS2004_Fast_IsoWater_20190111_085837	2016	18	1108.700	-18.0539	-33.9946	-264.2935
HKDS2004_Fast_IsoWater_20190111_085837	2016	19	1108.725	-18.4106	-34.5802	-268.5101
HKDS2004_Fast_IsoWater_20190111_085837	2016	20	1108.750	-18.6416	-34.9700	-271.8889
HKDS2004_Fast_IsoWater_20190111_085837	2016	21	1108.775	-18.6739	-35.1321	-272.9257
HKDS2004_Fast_IsoWater_20190111_085837	2016	22	1108.800	-18.6425	-35.0234	-271.7257
HKDS2004_Fast_IsoWater_20190111_085837	2017	1	1108.825	-18.6013	-34.9929	-272.1994
HKDS2004_Fast_IsoWater_20190111_085837	2017	2	1108.850	-18.6758	-35.1511	-273.7514
HKDS2004_Fast_IsoWater_20190111_085837	2017	3	1108.875	-18.5840	-34.9884	-273.3566
HKDS2004_Fast_IsoWater_20190111_085837	2017	4	1108.900	-18.3111	-34.3799	-268.2328
HKDS2004_Fast_IsoWater_20190111_085837	2017	5	1108.925	-18.2462	-34.2281	-266.0575
HKDS2004_Fast_IsoWater_20190111_085837	2017	6	1108.950	-18.2257	-34.2737	-266.8383
HKDS2004_Fast_IsoWater_20190111_085837	2017	7	1108.975	-18.3012	-34.3934	-267.6685
HKDS2004_Fast_IsoWater_20190111_085837	2017	8	1109.000	-18.3917	-34.5471	-268.8900
HKDS2004_Fast_IsoWater_20190111_085837	2017	9	1109.025	-18.4509	-34.5909	-269.7449
HKDS2004_Fast_IsoWater_20190111_085837	2017	10	1109.050	-18.3553	-34.3776	-268.1067
HKDS2004_Fast_IsoWater_20190111_085837	2017	11	1109.075	-18.1809	-34.1036	-265.5683
HKDS2004_Fast_IsoWater_20190111_085837	2017	12	1109.100	-18.0721	-34.0329	-264.8937
HKDS2004_Fast_IsoWater_20190111_085837	2017	13	1109.125	-18.2286	-34.2969	-267.0085
HKDS2004_Fast_IsoWater_20190111_085837	2017	14	1109.150	-18.3917	-34.6835	-270.5618
HKDS2004_Fast_IsoWater_20190111_085837	2017	15	1109.175	-18.6697	-35.1315	-273.2942
HKDS2004_Fast_IsoWater_20190111_085837	2017	16	1109.200	-18.8543	-35.4618	-275.2750
HKDS2004_Fast_IsoWater_20190111_085837	2017	17	1109.225	-18.9829	-35.5997	-275.4613
HKDS2004_Fast_IsoWater_20190111_085837	2017	18	1109.250	-18.9925	-35.6062	-275.3133
HKDS2004_Fast_IsoWater_20190112_141208	2017	19	1109.275	-18.8772	-35.4711	-275.1705
HKDS2004_Fast_IsoWater_20190112_141208	2017	20	1109.300	-18.5984	-35.0551	-271.9124
HKDS2004_Fast_IsoWater_20190112_141208	2017	21	1109.325	-18.4027	-34.6789	-268.5851
HKDS2004_Fast_IsoWater_20190112_141208	2017	22	1109.350	-18.4422	-34.6394	-268.1380
HKDS2004_Fast_IsoWater_20190112_141208	2018	1	1109.375	-18.6635	-35.2496	-273.1546
HKDS2004_Fast_IsoWater_20190112_141208	2018	2	1109.400	-18.9195	-35.7160	-277.6488
HKDS2004_Fast_IsoWater_20190112_141208	2018	3	1109.425	-19.1023	-36.0472	-280.7449
HKDS2004_Fast_IsoWater_20190112_141208	2018	4	1109.450	-19.2323	-36.2209	-282.0343
HKDS2004_Fast_IsoWater_20190112_141208	2018	5	1109.475	-19.1405	-35.9962	-279.5471
HKDS2004_Fast_IsoWater_20190112_141208	2018	6	1109.500	-18.9561	-35.6027	-275.1594
HKDS2004_Fast_IsoWater_20190112_141208	2018	7	1109.525	-18.8169	-35.5006	-275.6852
HKDS2004_Fast_IsoWater_20190112_141208	2018	8	1109.550	-19.0874	-35.8822	-279.1970
HKDS2004_Fast_IsoWater_20190112_141208	2018	9	1109.575	-19.2383	-36.1579	-282.4868
HKDS2004_Fast_IsoWater_20190112_141208	2018	10	1109.600	-19.3482	-36.4459	-284.9607
HKDS2004_Fast_IsoWater_20190112_141208	2018	11	1109.625	-19.3864	-36.5598	-286.1417
HKDS2004_Fast_IsoWater_20190112_141208	2018	12	1109.650	-19.2424	-36.2597	-282.5348
HKDS2004_Fast_IsoWater_20190112_141208	2018	13	1109.675	-19.1885	-36.1916	-282.8449
HKDS2004_Fast_IsoWater_20190112_141208	2018	14	1109.700	-19.3267	-36.3184	-282.4567
HKDS2004_Fast_IsoWater_20190112_141208	2018	15	1109.725	-19.2708	-36.2427	-281.4797
HKDS2004_Fast_IsoWater_20190112_141208	2018	16	1109.750	-19.2879	-36.3563	-282.0711
HKDS2004_Fast_IsoWater_20190112_141208	2018	17	1109.775	-19.4145	-36.7078	-285.3540
HKDS2004_Fast_IsoWater_20190112_141208	2018	18	1109.800	-19.7371	-37.1298	-288.2921
HKDS2004_Fast_IsoWater_20190112_141208	2018	19	1109.825	-19.7753	-37.3102	-289.8530
HKDS2004_Fast_IsoWater_20190112_141208	2018	20	1109.850	-19.7021	-37.0294	-288.3311
HKDS2004_Fast_IsoWater_20190112_141208	2018	21	1109.875	-19.3981	-36.4892	-284.1229
HKDS2004_Fast_IsoWater_20190112_141208	2018	22	1109.900	-19.0628	-35.8065	-277.7516
HKDS2004_Fast_IsoWater_20190112_141208	2019	1	1109.925	-18.6193	-35.0355	-271.8651
HKDS2004_Fast_IsoWater_20190112_141208	2019	2	1109.950	-18.3443	-34.6747	-270.3969
HKDS2004_Fast_IsoWater_20190112_141208	2019	3	1109.975	-18.4011	-34.6725	-271.1351
HKDS2004_Fast_IsoWater_20190112_141208	2019	4	1110.000	-18.4535	-34.7489	-270.7419
HKDS2004_Fast_IsoWater_20190112_141208	2019	5	1110.025	-18.3964	-34.7010	-270.1761
HKDS2004_Fast_IsoWater_20190112_141208	2019	6	1110.050	-18.4769	-34.8368	-271.3581
HKDS2004_Fast_IsoWater_20190112_141208	2019	7	1110.075	-18.5927	-34.9565	-272.2559
HKDS2004_Fast_IsoWater_20190112_141208	2019	8	1110.100	-18.5135	-34.8359	-271.8918
HKDS2004_Fast_IsoWater_20190112_141208	2019	9	1110.125	-18.5508	-34.8965	-271.1364
HKDS2004_Fast_IsoWater_20190112_141208	2019	10	1110.150	-18.6142	-34.9427	-271.1754
HKDS2004_Fast_IsoWater_20190112_141208	2019	11	1110.175	-18.5104	-34.8731	-271.2544
HKDS2004_Fast_IsoWater_20190112_141208	2019	12	1110.200	-18.5672	-35.0095	-271.7548
HKDS2004_Fast_IsoWater_20190112_141208	2019	13	1110.225	-18.8046	-35.3488	-274.5258
HKDS2004_Fast_IsoWater_20190112_141208	2019	14	1110.250	-18.8958	-35.5308	-276.6807
HKDS2004_Fast_IsoWater_20190112_141208	2019	15	1110.275	-18.8071	-35.3600	-274.9590
HKDS2004_Fast_IsoWater_20190112_141208	2019	16	1110.300	-18.5571	-35.0586	-271.0248
HKDS2004_Fast_IsoWater_20190112_141208	2019	17	1110.325	-18.3945	-34.6096	-267.7502
HKDS2004_Fast_IsoWater_20190112_141208	2019	18	1110.350	-18.2739	-34.4151	-267.0002
HKDS2004_Fast_IsoWater_20190112_141208	2019	19	1110.375	-18.3478	-34.5820	-268.7155
HKDS2004_Fast_IsoWater_20190112_141208	2019	20	1110.400	-18.4545	-34.7961	-271.0108
HKDS2004_Fast_IsoWater_20190112_141208	2019	21	1110.425	-18.4996	-34.9466	-271.5969
HKDS2004_Fast_IsoWater_20190112_141208	2019	22	1110.450	-18.6006	-35.0528	-272.4674
HKDS2004_Fast_IsoWater_20190112_141208	2020	1	1110.475	-18.8425	-35.5478	-276.2475
HKDS2004_Fast_IsoWater_20190112_141208	2020	2	1110.500	-19.0300	-35.8825	-279.7827
HKDS2004_Fast_IsoWater_20190112_141208	2020	3	1110.525	-19.0795	-35.9182	-279.8484
HKDS2004_Fast_IsoWater_20190112_141208	2020	4	1110.550	-19.1304	-36.0331	-279.2141
HKDS2004_Fast_IsoWater_20190112_141208	2020	5	1110.575	-19.2443	-36.1993	-281.7993
HKDS2004_Fast_IsoWater_20190115_082926	2020	6	1110.600	-19.5319	-36.6674	-286.8349
HKDS2004_Fast_IsoWater_20190115_082926	2020	7	1110.625	-19.5151	-36.8163	-288.3997
HKDS2004_Fast_IsoWater_20190115_082926	2020	8	1110.650	-19.5506	-36.7438	-286.6781
HKDS2004_Fast_IsoWater_20190115_082926	2020	9	1110.675	-19.2713	-36.1925	-282.4067
HKDS2004_Fast_IsoWater_20190115_082926	2020	10	1110.700	-19.0760	-35.9214	-279.3598
HKDS2004_Fast_IsoWater_20190115_082926	2020	11	1110.725	-18.9967	-35.7045	-277.0159
HKDS2004_Fast_IsoWater_20190115_082926	2020	12	1110.750	-19.0497	-35.8697	-279.2758
HKDS2004_Fast_IsoWater_20190115_082926	2020	13	1110.775	-19.2580	-36.2198	-282.4038
HKDS2004_Fast_IsoWater_20190115_082926	2020	14	1110.800	-19.2155	-36.1200	-282.8673
HKDS2004_Fast_IsoWater_20190115_082926	2020	15	1110.825	-19.0408	-35.8155	-280.2523
HKDS2004_Fast_IsoWater_20190115_082926	2020	16	1110.850	-18.6654	-35.2075	-275.4727
HKDS2004_Fast_IsoWater_20190115_082926	2020	17	1110.875	-18.3692	-34.6332	-270.1589
HKDS2004_Fast_IsoWater_20190115_082926	2020	18	1110.900	-18.0205	-33.9125	-263.4619
HKDS2004_Fast_IsoWater_20190115_082926	2020	19	1110.925	-17.8600	-33.6247	-261.0068
HKDS2004_Fast_IsoWater_20190115_082926	2020	20	1110.950	-18.0706	-33.9244	-262.5459
HKDS2004_Fast_IsoWater_20190115_082926	2020	21	1110.975	-18.2094	-34.3916	-267.0971
HKDS2004_Fast_IsoWater_20190115_082926	2020	22	1111.000	-18.5046	-34.8992	-272.4910
