Run_ID	Bag	sample	Depth	d17	d18	dD
HKDS2004_Fast_IsoWater_20180720_072323	1001	1	550.025	-17.2887	-32.4015	-250.8903
HKDS2004_Fast_IsoWater_20180720_072323	1001	2	550.050	-17.5105	-32.8231	-254.4972
HKDS2004_Fast_IsoWater_20180720_072323	1001	3	550.075	-17.7012	-33.2580	-258.5444
HKDS2004_Fast_IsoWater_20180720_072323	1001	4	550.100	-17.9265	-33.6219	-261.4618
HKDS2004_Fast_IsoWater_20180720_072323	1001	5	550.125	-18.0129	-33.8572	-263.4991
HKDS2004_Fast_IsoWater_20180720_072323	1001	6	550.150	-18.1187	-34.0757	-265.2249
HKDS2004_Fast_IsoWater_20180720_072323	1001	7	550.175	-18.2605	-34.3571	-266.1658
HKDS2004_Fast_IsoWater_20180720_072323	1001	8	550.200	-18.3783	-34.4777	-266.6523
HKDS2004_Fast_IsoWater_20180720_072323	1001	9	550.225	-18.4594	-34.6305	-268.0275
HKDS2004_Fast_IsoWater_20180720_072323	1001	10	550.250	-18.6162	-34.9596	-269.4820
HKDS2004_Fast_IsoWater_20180720_072323	1001	11	550.275	-18.8035	-35.4144	-273.2316
HKDS2004_Fast_IsoWater_20180720_072323	1001	12	550.300	-18.9926	-35.6978	-276.8041
HKDS2004_Fast_IsoWater_20180720_072323	1001	13	550.325	-18.9993	-35.8006	-278.3307
HKDS2004_Fast_IsoWater_20180720_072323	1001	14	550.350	-19.1387	-35.9015	-277.9445
HKDS2004_Fast_IsoWater_20180720_072323	1001	15	550.375	-18.9910	-35.7294	-276.6323
HKDS2004_Fast_IsoWater_20180720_072323	1001	16	550.400	-18.8915	-35.5634	-275.3494
HKDS2004_Fast_IsoWater_20180720_072323	1001	17	550.425	-18.7498	-35.2355	-272.9284
HKDS2004_Fast_IsoWater_20180720_072323	1001	18	550.450	-18.5916	-34.9419	-270.3639
HKDS2004_Fast_IsoWater_20180720_072323	1001	19	550.475	-18.4403	-34.6582	-268.7023
HKDS2004_Fast_IsoWater_20180720_072323	1001	20	550.500	-18.4409	-34.6257	-268.3106
HKDS2004_Fast_IsoWater_20180720_072323	1001	21	550.525	-18.4740	-34.6769	-268.3927
HKDS2004_Fast_IsoWater_20180720_072323	1001	22	550.550	-18.5286	-34.8413	-270.2503
HKDS2004_Fast_IsoWater_20180720_072323	1002	1	550.575	-18.7806	-35.2259	-273.3086
HKDS2004_Fast_IsoWater_20180720_072323	1002	2	550.600	-18.8080	-35.4112	-275.1703
HKDS2004_Fast_IsoWater_20180720_072323	1002	3	550.625	-18.9389	-35.5601	-276.6870
HKDS2004_Fast_IsoWater_20180720_072323	1002	4	550.650	-18.9881	-35.7426	-278.2964
HKDS2004_Fast_IsoWater_20180720_072323	1002	5	550.675	-19.0908	-35.8380	-279.4084
HKDS2004_Fast_IsoWater_20180720_072323	1002	6	550.700	-19.0765	-35.8261	-279.1656
HKDS2004_Fast_IsoWater_20180720_072323	1002	7	550.725	-18.9548	-35.6307	-277.4106
HKDS2004_Fast_IsoWater_20180720_072323	1002	8	550.750	-18.8512	-35.4293	-275.3714
HKDS2004_Fast_IsoWater_20180720_072323	1002	9	550.775	-18.7444	-35.2043	-272.8323
HKDS2004_Fast_IsoWater_20180720_072323	1002	10	550.800	-18.5858	-34.9661	-270.9280
HKDS2004_Fast_IsoWater_20180720_072323	1002	11	550.825	-18.5722	-34.7759	-269.4103
HKDS2004_Fast_IsoWater_20180720_072323	1002	12	550.850	-18.3977	-34.5928	-267.8916
HKDS2004_Fast_IsoWater_20180720_072323	1002	13	550.875	-18.3574	-34.5209	-267.3720
HKDS2004_Fast_IsoWater_20180720_072323	1002	14	550.900	-18.3701	-34.5309	-267.6068
HKDS2004_Fast_IsoWater_20180720_072323	1002	15	550.925	-18.4768	-34.7156	-268.1996
HKDS2004_Fast_IsoWater_20180720_072323	1002	16	550.950	-18.6548	-35.0067	-270.6941
HKDS2004_Fast_IsoWater_20180720_072323	1002	17	550.975	-18.6024	-34.9947	-270.6550
HKDS2004_Fast_IsoWater_20180720_072323	1002	18	551.000	-18.8731	-35.4953	-274.9049
HKDS2004_Fast_IsoWater_20180720_072323	1002	19	551.025	-19.0746	-35.8973	-278.4214
HKDS2004_Fast_IsoWater_20180720_072323	1002	20	551.050	-19.2242	-36.2171	-281.4728
HKDS2004_Fast_IsoWater_20180720_072323	1002	21	551.075	-19.5042	-36.5926	-284.8808
HKDS2004_Fast_IsoWater_20180720_072323	1002	22	551.100	-19.5922	-36.7786	-286.8535
HKDS2004_Fast_IsoWater_20180720_072323	1003	1	551.125	-19.6357	-36.9050	-287.3079
HKDS2004_Fast_IsoWater_20180720_072323	1003	2	551.150	-19.6205	-36.9656	-286.7240
HKDS2004_Fast_IsoWater_20180720_072323	1003	3	551.175	-19.4918	-36.6203	-284.8916
HKDS2004_Fast_IsoWater_20180720_072323	1003	4	551.200	-19.4025	-36.3586	-282.6233
HKDS2004_Fast_IsoWater_20180720_072323	1003	5	551.225	-19.2322	-36.1255	-281.0219
HKDS2004_Fast_IsoWater_20180720_072323	1003	6	551.250	-19.0631	-35.8074	-278.0180
HKDS2004_Fast_IsoWater_20180720_072323	1003	7	551.275	-19.0135	-35.6875	-276.5607
HKDS2004_Fast_IsoWater_20180720_072323	1003	8	551.300	-18.8048	-35.3935	-274.7235
HKDS2004_Fast_IsoWater_20180720_072323	1003	9	551.325	-18.7660	-35.3100	-274.1534
HKDS2004_Fast_IsoWater_20180723_101806	1003	10	551.350	-18.7892	-35.3332	-274.8014
HKDS2004_Fast_IsoWater_20180723_101806	1003	11	551.375	-18.9159	-35.5814	-276.5393
HKDS2004_Fast_IsoWater_20180723_101806	1003	12	551.400	-19.0486	-35.8559	-278.9047
HKDS2004_Fast_IsoWater_20180723_101806	1003	13	551.425	-19.3030	-36.2441	-282.1946
HKDS2004_Fast_IsoWater_20180723_101806	1003	14	551.450	-19.3427	-36.4469	-283.8123
HKDS2004_Fast_IsoWater_20180723_101806	1003	15	551.475	-19.3900	-36.4977	-283.9229
HKDS2004_Fast_IsoWater_20180723_101806	1003	16	551.500	-19.4424	-36.4617	-283.2941
HKDS2004_Fast_IsoWater_20180723_101806	1003	17	551.525	-19.3249	-36.3317	-282.1512
HKDS2004_Fast_IsoWater_20180723_101806	1003	18	551.550	-19.1937	-36.0886	-280.5794
HKDS2004_Fast_IsoWater_20180723_101806	1003	19	551.575	-19.1042	-35.9692	-279.0761
HKDS2004_Fast_IsoWater_20180723_101806	1003	20	551.600	-19.2071	-36.0404	-278.3556
HKDS2004_Fast_IsoWater_20180723_101806	1003	21	551.625	-19.0807	-35.8865	-277.8683
HKDS2004_Fast_IsoWater_20180723_101806	1003	22	551.650	-19.0798	-35.8627	-277.7284
HKDS2004_Fast_IsoWater_20180723_101806	1004	1	551.675	-19.0201	-35.7613	-277.2557
HKDS2004_Fast_IsoWater_20180723_101806	1004	2	551.700	-18.8988	-35.5659	-275.7378
HKDS2004_Fast_IsoWater_20180723_101806	1004	3	551.725	-18.7460	-35.2556	-273.5018
HKDS2004_Fast_IsoWater_20180723_101806	1004	4	551.750	-18.6997	-35.0992	-272.1269
HKDS2004_Fast_IsoWater_20180723_101806	1004	5	551.775	-18.5530	-34.9248	-271.1899
HKDS2004_Fast_IsoWater_20180723_101806	1004	6	551.800	-18.5778	-34.8955	-271.4955
HKDS2004_Fast_IsoWater_20180723_101806	1004	7	551.825	-18.6606	-35.0831	-272.8612
HKDS2004_Fast_IsoWater_20180723_101806	1004	8	551.850	-18.8203	-35.3895	-274.9990
HKDS2004_Fast_IsoWater_20180723_101806	1004	9	551.875	-18.9537	-35.7079	-277.6637
HKDS2004_Fast_IsoWater_20180723_101806	1004	10	551.900	-19.1753	-36.0835	-280.5081
HKDS2004_Fast_IsoWater_20180723_101806	1004	11	551.925	-19.3103	-36.4038	-283.4547
HKDS2004_Fast_IsoWater_20180723_101806	1004	12	551.950	-19.4008	-36.5325	-285.2755
HKDS2004_Fast_IsoWater_20180723_101806	1004	13	551.975	-19.4665	-36.6442	-285.1477
HKDS2004_Fast_IsoWater_20180723_101806	1004	14	552.000	-19.3268	-36.3735	-282.4336
HKDS2004_Fast_IsoWater_20180723_101806	1004	15	552.025	-19.2344	-36.1475	-279.3543
HKDS2004_Fast_IsoWater_20180723_101806	1004	16	552.050	-19.1925	-36.0581	-278.4687
HKDS2004_Fast_IsoWater_20180723_101806	1004	17	552.075	-19.0769	-35.8369	-275.9245
HKDS2004_Fast_IsoWater_20180723_101806	1004	18	552.100	-18.9451	-35.5852	-273.4801
HKDS2004_Fast_IsoWater_20180723_101806	1004	19	552.125	-18.8267	-35.3487	-272.4261
HKDS2004_Fast_IsoWater_20180723_101806	1004	20	552.150	-18.7245	-35.3133	-273.0486
HKDS2004_Fast_IsoWater_20180723_101806	1004	21	552.175	-18.8581	-35.3931	-274.6328
HKDS2004_Fast_IsoWater_20180723_101806	1004	22	552.200	-18.8591	-35.4961	-275.8279
HKDS2004_Fast_IsoWater_20180723_101806	1005	1	552.225	-18.8381	-35.4813	-276.5492
HKDS2004_Fast_IsoWater_20180723_101806	1005	2	552.250	-18.9194	-35.5328	-276.0134
HKDS2004_Fast_IsoWater_20180723_101806	1005	3	552.275	-18.8658	-35.4243	-274.8237
HKDS2004_Fast_IsoWater_20180723_101806	1005	4	552.300	-18.6575	-35.1790	-273.0674
HKDS2004_Fast_IsoWater_20180723_101806	1005	5	552.325	-18.6517	-35.0503	-271.6689
HKDS2004_Fast_IsoWater_20180723_101806	1005	6	552.350	-18.6543	-35.1098	-271.8433
HKDS2004_Fast_IsoWater_20180723_101806	1005	7	552.375	-18.7594	-35.4018	-274.1573
HKDS2004_Fast_IsoWater_20180723_101806	1005	8	552.400	-18.9782	-35.7516	-276.9785
HKDS2004_Fast_IsoWater_20180723_101806	1005	9	552.425	-19.1464	-36.0207	-279.5513
HKDS2004_Fast_IsoWater_20180723_101806	1005	10	552.450	-19.3169	-36.3432	-281.8899
HKDS2004_Fast_IsoWater_20180723_101806	1005	11	552.475	-19.4579	-36.6558	-283.8203
HKDS2004_Fast_IsoWater_20180723_101806	1005	12	552.500	-19.6189	-36.8309	-285.7758
HKDS2004_Fast_IsoWater_20180723_101806	1005	13	552.525	-19.6218	-36.8878	-286.3431
HKDS2004_Fast_IsoWater_20180723_101806	1005	14	552.550	-19.6072	-36.9661	-286.5764
HKDS2004_Fast_IsoWater_20180723_101806	1005	15	552.575	-19.6576	-36.9255	-286.6328
HKDS2004_Fast_IsoWater_20180723_101806	1005	16	552.600	-19.6160	-36.9104	-286.8871
HKDS2004_Fast_IsoWater_20180723_101806	1005	17	552.625	-19.6287	-36.8946	-287.1450
HKDS2004_Fast_IsoWater_20180723_101806	1005	18	552.650	-19.7462	-36.9896	-287.6466
HKDS2004_Fast_IsoWater_20180724_073105	1005	19	552.675	-19.7776	-37.1685	-288.9520
HKDS2004_Fast_IsoWater_20180724_073105	1005	20	552.700	-19.8615	-37.4621	-291.8720
HKDS2004_Fast_IsoWater_20180724_073105	1005	21	552.725	-19.9756	-37.5850	-293.1407
HKDS2004_Fast_IsoWater_20180724_073105	1005	22	552.750	-20.1613	-37.9290	-295.7900
HKDS2004_Fast_IsoWater_20180724_073105	1006	1	552.775	-20.2099	-37.9939	-296.2572
HKDS2004_Fast_IsoWater_20180724_073105	1006	2	552.800	-20.1324	-37.9095	-295.6006
HKDS2004_Fast_IsoWater_20180724_073105	1006	3	552.825	-20.0173	-37.6874	-293.0969
HKDS2004_Fast_IsoWater_20180724_073105	1006	4	552.850	-19.7982	-37.3280	-290.1603
HKDS2004_Fast_IsoWater_20180724_073105	1006	5	552.875	-19.6402	-37.0144	-287.0579
HKDS2004_Fast_IsoWater_20180724_073105	1006	6	552.900	-19.4107	-36.5715	-283.3456
HKDS2004_Fast_IsoWater_20180724_073105	1006	7	552.925	-19.1729	-36.1771	-280.2021
HKDS2004_Fast_IsoWater_20180724_073105	1006	8	552.950	-19.0992	-35.9531	-277.5967
HKDS2004_Fast_IsoWater_20180724_073105	1006	9	552.975	-19.0086	-35.7288	-275.8189
HKDS2004_Fast_IsoWater_20180724_073105	1006	10	553.000	-18.9046	-35.6126	-275.1578
HKDS2004_Fast_IsoWater_20180724_073105	1006	11	553.025	-18.9256	-35.6341	-275.6759
HKDS2004_Fast_IsoWater_20180724_073105	1006	12	553.050	-18.9129	-35.7265	-276.9462
HKDS2004_Fast_IsoWater_20180724_073105	1006	13	553.075	-19.0899	-35.9249	-278.9305
HKDS2004_Fast_IsoWater_20180724_073105	1006	14	553.100	-19.1793	-36.1636	-281.0522
HKDS2004_Fast_IsoWater_20180724_073105	1006	15	553.125	-19.3780	-36.4746	-284.0082
HKDS2004_Fast_IsoWater_20180724_073105	1006	16	553.150	-19.3831	-36.5638	-285.1828
HKDS2004_Fast_IsoWater_20180724_073105	1006	17	553.175	-19.3719	-36.5468	-284.5246
HKDS2004_Fast_IsoWater_20180724_073105	1006	18	553.200	-19.3103	-36.3318	-282.2294
HKDS2004_Fast_IsoWater_20180724_073105	1006	19	553.225	-19.0865	-35.9477	-278.8253
HKDS2004_Fast_IsoWater_20180724_073105	1006	20	553.250	-19.0038	-35.7429	-275.5119
HKDS2004_Fast_IsoWater_20180724_073105	1006	21	553.275	-18.7711	-35.4079	-272.8318
HKDS2004_Fast_IsoWater_20180724_073105	1006	22	553.300	-18.7800	-35.3893	-272.5172
HKDS2004_Fast_IsoWater_20180724_073105	1007	1	553.325	-18.8194	-35.4570	-273.8285
HKDS2004_Fast_IsoWater_20180724_073105	1007	2	553.350	-18.8496	-35.4804	-275.1203
HKDS2004_Fast_IsoWater_20180724_073105	1007	3	553.375	-18.8563	-35.5709	-275.9317
HKDS2004_Fast_IsoWater_20180724_073105	1007	4	553.400	-18.9135	-35.5555	-275.2904
HKDS2004_Fast_IsoWater_20180724_073105	1007	5	553.425	-18.7438	-35.3572	-274.1094
HKDS2004_Fast_IsoWater_20180724_073105	1007	6	553.450	-18.7202	-35.2808	-272.6004
HKDS2004_Fast_IsoWater_20180724_073105	1007	7	553.475	-18.6989	-35.2464	-272.2537
HKDS2004_Fast_IsoWater_20180724_073105	1007	8	553.500	-18.8194	-35.4037	-274.3550
HKDS2004_Fast_IsoWater_20180724_073105	1007	9	553.525	-18.8105	-35.4149	-275.0879
HKDS2004_Fast_IsoWater_20180724_073105	1007	10	553.550	-18.9329	-35.6582	-276.3534
HKDS2004_Fast_IsoWater_20180724_073105	1007	11	553.575	-18.9847	-35.7278	-276.3960
HKDS2004_Fast_IsoWater_20180724_073105	1007	12	553.600	-18.9491	-35.6694	-275.5805
HKDS2004_Fast_IsoWater_20180724_073105	1007	13	553.625	-18.8798	-35.5741	-275.0997
HKDS2004_Fast_IsoWater_20180724_073105	1007	14	553.650	-18.8725	-35.6338	-274.9274
HKDS2004_Fast_IsoWater_20180724_073105	1007	15	553.675	-18.9250	-35.6364	-275.0920
HKDS2004_Fast_IsoWater_20180724_073105	1007	16	553.700	-18.9949	-35.7265	-276.3077
HKDS2004_Fast_IsoWater_20180724_073105	1007	17	553.725	-19.0807	-35.9291	-278.0613
HKDS2004_Fast_IsoWater_20180724_073105	1007	18	553.750	-19.1815	-36.1354	-279.2264
HKDS2004_Fast_IsoWater_20180724_073105	1007	19	553.775	-18.9094	-35.6999	-277.3307
HKDS2004_Fast_IsoWater_20180724_073105	1007	20	553.800	-19.2257	-36.2118	-279.7588
HKDS2004_Fast_IsoWater_20180724_073105	1007	21	553.825	-19.2012	-36.1842	-279.9221
HKDS2004_Fast_IsoWater_20180724_073105	1007	22	553.850	-19.2435	-36.1964	-280.2590
HKDS2004_Fast_IsoWater_20180724_073105	1008	1	553.875	-19.1580	-36.1239	-280.2596
HKDS2004_Fast_IsoWater_20180724_073105	1008	2	553.900	-19.1640	-36.0853	-279.9110
HKDS2004_Fast_IsoWater_20180724_073105	1008	3	553.925	-19.1755	-36.1437	-279.5951
HKDS2004_Fast_IsoWater_20180724_073105	1008	4	553.950	-19.1205	-36.0244	-279.3348
HKDS2004_Fast_IsoWater_20180724_073105	1008	5	553.975	-19.2225	-36.1572	-280.2434
HKDS2004_Fast_IsoWater_20180725_071416	1008	6	554.000	-19.2980	-36.3645	-282.0175
HKDS2004_Fast_IsoWater_20180725_071416	1008	7	554.025	-19.5122	-36.6633	-284.1755
HKDS2004_Fast_IsoWater_20180725_071416	1008	8	554.050	-19.5581	-36.8428	-286.5020
HKDS2004_Fast_IsoWater_20180725_071416	1008	9	554.075	-19.6933	-37.1435	-289.3522
HKDS2004_Fast_IsoWater_20180725_071416	1008	10	554.100	-19.8076	-37.3696	-290.4161
HKDS2004_Fast_IsoWater_20180725_071416	1008	11	554.125	-19.7676	-37.2135	-289.5829
HKDS2004_Fast_IsoWater_20180725_071416	1008	12	554.150	-19.6668	-37.1201	-288.1839
HKDS2004_Fast_IsoWater_20180725_071416	1008	13	554.175	-19.5978	-36.9768	-286.5061
HKDS2004_Fast_IsoWater_20180725_071416	1008	14	554.200	-19.6296	-36.8843	-285.2000
HKDS2004_Fast_IsoWater_20180725_071416	1008	15	554.225	-19.4804	-36.7062	-284.2336
HKDS2004_Fast_IsoWater_20180725_071416	1008	16	554.250	-19.4980	-36.5917	-283.7765
HKDS2004_Fast_IsoWater_20180725_071416	1008	17	554.275	-19.3900	-36.5721	-283.6810
HKDS2004_Fast_IsoWater_20180725_071416	1008	18	554.300	-19.4854	-36.6134	-284.0981
HKDS2004_Fast_IsoWater_20180725_071416	1008	19	554.325	-19.4038	-36.5974	-285.2099
HKDS2004_Fast_IsoWater_20180725_071416	1008	20	554.350	-19.4974	-36.7324	-285.9938
HKDS2004_Fast_IsoWater_20180725_071416	1008	21	554.375	-19.5068	-36.6748	-285.6714
HKDS2004_Fast_IsoWater_20180725_071416	1008	22	554.400	-19.4382	-36.6476	-284.8544
HKDS2004_Fast_IsoWater_20180725_071416	1009	1	554.425	-19.3793	-36.6272	-284.0707
HKDS2004_Fast_IsoWater_20180725_071416	1009	2	554.450	-19.5052	-36.7234	-284.2669
HKDS2004_Fast_IsoWater_20180725_071416	1009	3	554.475	-19.5352	-36.8082	-285.4305
HKDS2004_Fast_IsoWater_20180725_071416	1009	4	554.500	-19.5764	-36.9883	-287.0333
HKDS2004_Fast_IsoWater_20180725_071416	1009	5	554.525	-19.7619	-37.2183	-288.9678
HKDS2004_Fast_IsoWater_20180725_071416	1009	6	554.550	-19.9024	-37.4477	-290.8319
HKDS2004_Fast_IsoWater_20180725_071416	1009	7	554.575	-19.8706	-37.5155	-292.8518
HKDS2004_Fast_IsoWater_20180725_071416	1009	8	554.600	-19.8186	-37.4886	-293.0632
HKDS2004_Fast_IsoWater_20180725_071416	1009	9	554.625	-19.7178	-37.1774	-290.4894
HKDS2004_Fast_IsoWater_20180725_071416	1009	10	554.650	-19.5364	-36.7781	-286.4277
HKDS2004_Fast_IsoWater_20180725_071416	1009	11	554.675	-19.2079	-36.2945	-282.3282
HKDS2004_Fast_IsoWater_20180725_071416	1009	12	554.700	-19.0785	-35.8870	-277.6200
HKDS2004_Fast_IsoWater_20180725_071416	1009	13	554.725	-18.6407	-35.1653	-271.6130
HKDS2004_Fast_IsoWater_20180725_071416	1009	14	554.750	-18.3359	-34.6449	-267.8925
HKDS2004_Fast_IsoWater_20180725_071416	1009	15	554.775	-18.3050	-34.5175	-265.8237
HKDS2004_Fast_IsoWater_20180725_071416	1009	16	554.800	-18.2143	-34.4293	-265.3393
HKDS2004_Fast_IsoWater_20180725_071416	1009	17	554.825	-18.3557	-34.5390	-266.5470
HKDS2004_Fast_IsoWater_20180725_071416	1009	18	554.850	-18.4984	-34.8685	-270.1085
HKDS2004_Fast_IsoWater_20180725_071416	1009	19	554.875	-18.6609	-35.2421	-273.0768
HKDS2004_Fast_IsoWater_20180725_071416	1009	20	554.900	-18.8555	-35.5447	-276.5342
HKDS2004_Fast_IsoWater_20180725_071416	1009	21	554.925	-19.0949	-35.9845	-279.5428
HKDS2004_Fast_IsoWater_20180725_071416	1009	22	554.950	-19.2391	-36.2635	-282.5438
HKDS2004_Fast_IsoWater_20180725_071416	1010	1	554.975	-19.5518	-36.8700	-287.5707
HKDS2004_Fast_IsoWater_20180725_071416	1010	2	555.000	-19.5900	-37.0574	-289.2415
HKDS2004_Fast_IsoWater_20180725_071416	1010	3	555.025	-19.6400	-37.0712	-289.3176
HKDS2004_Fast_IsoWater_20180725_071416	1010	4	555.050	-19.6592	-37.0465	-288.5352
HKDS2004_Fast_IsoWater_20180725_071416	1010	5	555.075	-19.5988	-36.8939	-288.1807
HKDS2004_Fast_IsoWater_20180725_071416	1010	6	555.100	-19.5188	-36.7436	-286.9708
HKDS2004_Fast_IsoWater_20180725_071416	1010	7	555.125	-19.3270	-36.4647	-285.0394
HKDS2004_Fast_IsoWater_20180725_071416	1010	8	555.150	-19.2545	-36.1880	-282.1559
HKDS2004_Fast_IsoWater_20180725_071416	1010	9	555.175	-19.0130	-35.7795	-278.9019
HKDS2004_Fast_IsoWater_20180725_071416	1010	10	555.200	-18.8445	-35.5114	-276.0111
HKDS2004_Fast_IsoWater_20180725_071416	1010	11	555.225	-18.7084	-35.2450	-274.0756
HKDS2004_Fast_IsoWater_20180725_071416	1010	12	555.250	-18.7330	-35.2040	-273.2117
HKDS2004_Fast_IsoWater_20180725_071416	1010	13	555.275	-18.7812	-35.3166	-273.5119
HKDS2004_Fast_IsoWater_20180725_071416	1010	14	555.300	-18.7809	-35.3953	-274.9497
HKDS2004_Fast_IsoWater_20180726_090931	1010	15	555.325	-18.9573	-35.7348	-277.3426
HKDS2004_Fast_IsoWater_20180726_090931	1010	16	555.350	-19.0494	-35.8722	-278.9122
HKDS2004_Fast_IsoWater_20180726_090931	1010	17	555.375	-19.1433	-35.9689	-279.1589
HKDS2004_Fast_IsoWater_20180726_090931	1010	18	555.400	-19.0897	-35.8834	-278.5605
HKDS2004_Fast_IsoWater_20180726_090931	1010	19	555.425	-19.0011	-35.6943	-276.4944
HKDS2004_Fast_IsoWater_20180726_090931	1010	20	555.450	-18.8592	-35.4624	-274.1886
HKDS2004_Fast_IsoWater_20180726_090931	1010	21	555.475	-18.7833	-35.2708	-272.1288
HKDS2004_Fast_IsoWater_20180726_090931	1010	22	555.500	-18.6405	-35.1009	-270.0960
HKDS2004_Fast_IsoWater_20180726_090931	1011	1	555.525	-18.6141	-34.9089	-269.5820
HKDS2004_Fast_IsoWater_20180726_090931	1011	2	555.550	-18.6027	-34.9508	-270.1785
HKDS2004_Fast_IsoWater_20180726_090931	1011	3	555.575	-18.6389	-35.1232	-271.0995
HKDS2004_Fast_IsoWater_20180726_090931	1011	4	555.600	-18.8348	-35.2724	-272.6857
HKDS2004_Fast_IsoWater_20180726_090931	1011	5	555.625	-18.8754	-35.5621	-275.3604
HKDS2004_Fast_IsoWater_20180726_090931	1011	6	555.650	-18.9938	-35.7431	-277.3811
HKDS2004_Fast_IsoWater_20180726_090931	1011	7	555.675	-19.1284	-36.0236	-279.8492
HKDS2004_Fast_IsoWater_20180726_090931	1011	8	555.700	-19.2341	-36.1791	-281.3988
HKDS2004_Fast_IsoWater_20180726_090931	1011	9	555.725	-19.2573	-36.1539	-280.8030
HKDS2004_Fast_IsoWater_20180726_090931	1011	10	555.750	-19.1700	-36.0571	-279.7372
HKDS2004_Fast_IsoWater_20180726_090931	1011	11	555.775	-19.1198	-35.9600	-278.7209
HKDS2004_Fast_IsoWater_20180726_090931	1011	12	555.800	-19.0538	-35.8830	-278.7719
HKDS2004_Fast_IsoWater_20180726_090931	1011	13	555.825	-19.1471	-35.9482	-279.3203
HKDS2004_Fast_IsoWater_20180726_090931	1011	14	555.850	-19.1100	-35.9252	-279.8798
HKDS2004_Fast_IsoWater_20180726_090931	1011	15	555.875	-19.0675	-35.8984	-280.3167
HKDS2004_Fast_IsoWater_20180726_090931	1011	16	555.900	-19.1087	-35.9514	-280.4170
HKDS2004_Fast_IsoWater_20180726_090931	1011	17	555.925	-19.0630	-35.8134	-278.8795
HKDS2004_Fast_IsoWater_20180726_090931	1011	18	555.950	-18.8608	-35.5483	-276.6402
HKDS2004_Fast_IsoWater_20180726_090931	1011	19	555.975	-18.7735	-35.2123	-273.1275
HKDS2004_Fast_IsoWater_20180726_090931	1011	20	556.000	-18.5779	-34.9881	-270.8888
HKDS2004_Fast_IsoWater_20180726_090931	1011	21	556.025	-18.5516	-34.8288	-269.4121
HKDS2004_Fast_IsoWater_20180726_090931	1011	22	556.050	-18.5732	-34.8796	-270.1562
HKDS2004_Fast_IsoWater_20180726_090931	1012	1	556.075	-18.7703	-35.1517	-272.0817
HKDS2004_Fast_IsoWater_20180726_090931	1012	2	556.100	-18.7522	-35.3733	-275.2557
HKDS2004_Fast_IsoWater_20180726_090931	1012	3	556.125	-19.1475	-35.9670	-280.2795
HKDS2004_Fast_IsoWater_20180726_090931	1012	4	556.150	-19.3173	-36.2989	-283.2330
HKDS2004_Fast_IsoWater_20180726_090931	1012	5	556.175	-19.3805	-36.4637	-284.9245
HKDS2004_Fast_IsoWater_20180726_090931	1012	6	556.200	-19.4859	-36.6170	-285.3723
HKDS2004_Fast_IsoWater_20180726_090931	1012	7	556.225	-19.4751	-36.6428	-285.4783
HKDS2004_Fast_IsoWater_20180726_090931	1012	8	556.250	-19.4144	-36.5419	-284.8580
HKDS2004_Fast_IsoWater_20180726_090931	1012	9	556.275	-19.3789	-36.4659	-284.3014
HKDS2004_Fast_IsoWater_20180726_090931	1012	10	556.300	-19.3141	-36.3142	-283.2247
HKDS2004_Fast_IsoWater_20180726_090931	1012	11	556.325	-19.2306	-36.1484	-281.9806
HKDS2004_Fast_IsoWater_20180726_090931	1012	12	556.350	-19.0932	-35.8904	-279.7108
HKDS2004_Fast_IsoWater_20180726_090931	1012	13	556.375	-18.8852	-35.5426	-277.0424
HKDS2004_Fast_IsoWater_20180726_090931	1012	14	556.400	-18.6856	-35.0440	-272.4448
HKDS2004_Fast_IsoWater_20180726_090931	1012	15	556.425	-18.3348	-34.4800	-267.5407
HKDS2004_Fast_IsoWater_20180726_090931	1012	16	556.450	-17.9963	-33.9607	-262.5392
HKDS2004_Fast_IsoWater_20180726_090931	1012	17	556.475	-17.8090	-33.4357	-258.5810
HKDS2004_Fast_IsoWater_20180726_090931	1012	18	556.500	-17.6306	-33.1993	-256.2392
HKDS2004_Fast_IsoWater_20180726_090931	1012	19	556.525	-17.5862	-33.0875	-255.5492
HKDS2004_Fast_IsoWater_20180726_090931	1012	20	556.550	-17.7046	-33.2542	-256.7920
HKDS2004_Fast_IsoWater_20180726_090931	1012	21	556.575	-17.8189	-33.5129	-258.9171
HKDS2004_Fast_IsoWater_20180726_090931	1012	22	556.600	-18.1589	-34.1399	-264.0013
HKDS2004_Fast_IsoWater_20180726_090931	1013	1	556.625	-18.3998	-34.5797	-267.8049
HKDS2004_Fast_IsoWater_20180727_082725	1013	2	556.650	-18.5954	-35.0602	-270.5947
HKDS2004_Fast_IsoWater_20180727_082725	1013	3	556.675	-18.8189	-35.3785	-273.5230
HKDS2004_Fast_IsoWater_20180727_082725	1013	4	556.700	-18.9519	-35.7699	-276.0087
HKDS2004_Fast_IsoWater_20180727_082725	1013	5	556.725	-19.0212	-35.9244	-277.6283
HKDS2004_Fast_IsoWater_20180727_082725	1013	6	556.750	-19.0467	-35.9832	-278.3857
HKDS2004_Fast_IsoWater_20180727_082725	1013	7	556.775	-19.1067	-35.9507	-277.8903
HKDS2004_Fast_IsoWater_20180727_082725	1013	8	556.800	-19.1160	-35.9720	-277.2738
HKDS2004_Fast_IsoWater_20180727_082725	1013	9	556.825	-19.1077	-35.8942	-276.4669
HKDS2004_Fast_IsoWater_20180727_082725	1013	10	556.850	-19.0107	-35.7927	-276.4052
HKDS2004_Fast_IsoWater_20180727_082725	1013	11	556.875	-19.0592	-35.8871	-277.0064
HKDS2004_Fast_IsoWater_20180727_082725	1013	12	556.900	-19.1770	-36.0086	-278.4235
HKDS2004_Fast_IsoWater_20180727_082725	1013	13	556.925	-19.2114	-36.3164	-281.6986
HKDS2004_Fast_IsoWater_20180727_082725	1013	14	556.950	-19.5207	-36.6675	-284.7293
HKDS2004_Fast_IsoWater_20180727_082725	1013	15	556.975	-19.6749	-37.0303	-287.6757
HKDS2004_Fast_IsoWater_20180727_082725	1013	16	557.000	-19.8619	-37.4454	-291.1871
HKDS2004_Fast_IsoWater_20180727_082725	1013	17	557.025	-20.0240	-37.7226	-293.8050
HKDS2004_Fast_IsoWater_20180727_082725	1013	18	557.050	-20.0528	-37.8152	-294.7744
HKDS2004_Fast_IsoWater_20180727_082725	1013	19	557.075	-20.1054	-37.8341	-294.6237
HKDS2004_Fast_IsoWater_20180727_082725	1013	20	557.100	-19.9749	-37.5822	-292.7132
HKDS2004_Fast_IsoWater_20180727_082725	1013	21	557.125	-19.7164	-37.1639	-289.5217
HKDS2004_Fast_IsoWater_20180727_082725	1013	22	557.150	-19.4556	-36.6572	-285.4761
HKDS2004_Fast_IsoWater_20180727_082725	1014	1	557.175	-19.1377	-36.1236	-280.7245
HKDS2004_Fast_IsoWater_20180727_082725	1014	2	557.200	-19.0490	-35.8399	-277.6188
HKDS2004_Fast_IsoWater_20180727_082725	1014	3	557.225	-18.9752	-35.6902	-276.6106
HKDS2004_Fast_IsoWater_20180727_082725	1014	4	557.250	-18.9781	-35.8222	-277.8401
HKDS2004_Fast_IsoWater_20180727_082725	1014	5	557.275	-19.1948	-36.0863	-280.8341
HKDS2004_Fast_IsoWater_20180727_082725	1014	6	557.300	-19.3621	-36.5059	-284.4190
HKDS2004_Fast_IsoWater_20180727_082725	1014	7	557.325	-19.5909	-36.9191	-287.9911
HKDS2004_Fast_IsoWater_20180727_082725	1014	8	557.350	-19.7914	-37.3088	-290.8615
HKDS2004_Fast_IsoWater_20180727_082725	1014	9	557.375	-20.0633	-37.7573	-293.9589
HKDS2004_Fast_IsoWater_20180727_082725	1014	10	557.400	-20.1999	-38.0818	-296.4036
HKDS2004_Fast_IsoWater_20180727_082725	1014	11	557.425	-20.3684	-38.3819	-298.9767
HKDS2004_Fast_IsoWater_20180727_082725	1014	12	557.450	-20.5388	-38.7103	-302.5485
HKDS2004_Fast_IsoWater_20180727_082725	1014	13	557.475	-20.6295	-38.8487	-303.2636
HKDS2004_Fast_IsoWater_20180727_082725	1014	14	557.500	-20.3869	-38.4025	-299.7372
HKDS2004_Fast_IsoWater_20180727_082725	1014	15	557.525	-20.0429	-37.7605	-293.6581
HKDS2004_Fast_IsoWater_20180727_082725	1014	16	557.550	-19.6950	-37.0344	-287.2061
HKDS2004_Fast_IsoWater_20180727_082725	1014	17	557.575	-19.4208	-36.4911	-281.9463
HKDS2004_Fast_IsoWater_20180727_082725	1014	18	557.600	-18.9223	-35.6314	-274.7147
HKDS2004_Fast_IsoWater_20180727_082725	1014	19	557.625	-18.5099	-34.8182	-268.0448
HKDS2004_Fast_IsoWater_20180727_082725	1014	20	557.650	-18.1840	-34.3328	-264.4768
HKDS2004_Fast_IsoWater_20180727_082725	1014	21	557.675	-18.0350	-33.9324	-260.9972
HKDS2004_Fast_IsoWater_20180727_082725	1014	22	557.700	-17.9788	-33.8084	-258.5271
HKDS2004_Fast_IsoWater_20180727_082725	1015	1	557.725	-17.9434	-33.7496	-257.3272
HKDS2004_Fast_IsoWater_20180727_082725	1015	2	557.750	-18.3248	-34.5683	-265.6319
HKDS2004_Fast_IsoWater_20180727_082725	1015	3	557.775	-18.9172	-35.6786	-274.8202
HKDS2004_Fast_IsoWater_20180727_082725	1015	4	557.800	-19.0755	-36.0025	-278.1974
HKDS2004_Fast_IsoWater_20180727_082725	1015	5	557.825	-19.2574	-36.2932	-279.8743
HKDS2004_Fast_IsoWater_20180727_082725	1015	6	557.850	-19.3803	-36.4169	-281.2112
HKDS2004_Fast_IsoWater_20180727_082725	1015	7	557.875	-19.4090	-36.6315	-282.9275
HKDS2004_Fast_IsoWater_20180727_082725	1015	8	557.900	-19.4875	-36.7655	-284.2346
HKDS2004_Fast_IsoWater_20180727_082725	1015	9	557.925	-19.5829	-36.8854	-284.9782
HKDS2004_Fast_IsoWater_20180727_082725	1015	10	557.950	-19.6228	-37.0601	-285.8341
HKDS2004_Fast_IsoWater_20180730_092536	1015	11	557.975	-19.6478	-37.0424	-286.5473
HKDS2004_Fast_IsoWater_20180730_092536	1015	12	558.000	-19.8241	-37.3509	-288.8753
HKDS2004_Fast_IsoWater_20180730_092536	1015	13	558.025	-19.9794	-37.7229	-291.7940
HKDS2004_Fast_IsoWater_20180730_092536	1015	14	558.050	-20.1592	-37.9677	-294.5386
HKDS2004_Fast_IsoWater_20180730_092536	1015	15	558.075	-20.2668	-38.2064	-295.9067
HKDS2004_Fast_IsoWater_20180730_092536	1015	16	558.100	-20.2894	-38.3124	-297.1425
HKDS2004_Fast_IsoWater_20180730_092536	1015	17	558.125	-20.4122	-38.3869	-297.8633
HKDS2004_Fast_IsoWater_20180730_092536	1015	18	558.150	-20.4705	-38.4245	-298.0196
HKDS2004_Fast_IsoWater_20180730_092536	1015	19	558.175	-20.3047	-38.1752	-296.9611
HKDS2004_Fast_IsoWater_20180730_092536	1015	20	558.200	-20.1809	-38.0165	-295.5519
HKDS2004_Fast_IsoWater_20180730_092536	1015	21	558.225	-20.0940	-37.8093	-293.9609
HKDS2004_Fast_IsoWater_20180730_092536	1015	22	558.250	-19.9008	-37.5179	-291.4783
HKDS2004_Fast_IsoWater_20180730_092536	1016	1	558.275	-19.8502	-37.4360	-290.0515
HKDS2004_Fast_IsoWater_20180730_092536	1016	2	558.300	-19.7735	-37.2362	-288.2738
HKDS2004_Fast_IsoWater_20180730_092536	1016	3	558.325	-19.7913	-37.1073	-287.2710
HKDS2004_Fast_IsoWater_20180730_092536	1016	4	558.350	-19.7846	-37.1517	-287.8680
HKDS2004_Fast_IsoWater_20180730_092536	1016	5	558.375	-19.6392	-37.0636	-288.3292
HKDS2004_Fast_IsoWater_20180730_092536	1016	6	558.400	-19.6818	-37.0550	-288.6675
HKDS2004_Fast_IsoWater_20180730_092536	1016	7	558.425	-19.5485	-36.8860	-288.0653
HKDS2004_Fast_IsoWater_20180730_092536	1016	8	558.450	-19.5902	-36.8420	-286.8340
HKDS2004_Fast_IsoWater_20180730_092536	1016	9	558.475	-19.4492	-36.6187	-286.1024
HKDS2004_Fast_IsoWater_20180730_092536	1016	10	558.500	-19.4377	-36.6659	-285.8923
HKDS2004_Fast_IsoWater_20180730_092536	1016	11	558.525	-19.5743	-36.8362	-286.5919
HKDS2004_Fast_IsoWater_20180730_092536	1016	12	558.550	-19.5418	-36.8975	-288.0838
HKDS2004_Fast_IsoWater_20180730_092536	1016	13	558.575	-19.7143	-37.1089	-289.2712
HKDS2004_Fast_IsoWater_20180730_092536	1016	14	558.600	-19.5918	-36.9862	-289.0067
HKDS2004_Fast_IsoWater_20180730_092536	1016	15	558.625	-19.6328	-36.9001	-287.0711
HKDS2004_Fast_IsoWater_20180730_092536	1016	16	558.650	-19.4129	-36.5544	-284.3081
HKDS2004_Fast_IsoWater_20180730_092536	1016	17	558.675	-19.2582	-36.2473	-280.7071
HKDS2004_Fast_IsoWater_20180730_092536	1016	18	558.700	-18.9938	-35.8509	-277.7346
HKDS2004_Fast_IsoWater_20180730_092536	1016	19	558.725	-18.9658	-35.7124	-275.8378
HKDS2004_Fast_IsoWater_20180730_092536	1016	20	558.750	-18.8862	-35.5893	-275.2484
HKDS2004_Fast_IsoWater_20180730_092536	1016	21	558.775	-18.9266	-35.5961	-275.4279
HKDS2004_Fast_IsoWater_20180730_092536	1016	22	558.800	-18.9199	-35.5820	-275.7245
HKDS2004_Fast_IsoWater_20180730_092536	1017	1	558.825	-18.9190	-35.6353	-275.7137
HKDS2004_Fast_IsoWater_20180730_092536	1017	2	558.850	-18.9635	-35.6395	-275.8171
HKDS2004_Fast_IsoWater_20180730_092536	1017	3	558.875	-18.9330	-35.6459	-276.6417
HKDS2004_Fast_IsoWater_20180730_092536	1017	4	558.900	-19.0428	-35.8746	-278.5029
HKDS2004_Fast_IsoWater_20180730_092536	1017	5	558.925	-19.1834	-36.1731	-280.3637
HKDS2004_Fast_IsoWater_20180730_092536	1017	6	558.950	-19.2866	-36.3373	-282.3623
HKDS2004_Fast_IsoWater_20180730_092536	1017	7	558.975	-19.4817	-36.7109	-284.6709
HKDS2004_Fast_IsoWater_20180730_092536	1017	8	559.000	-19.5393	-36.8317	-286.4044
HKDS2004_Fast_IsoWater_20180730_092536	1017	9	559.025	-19.6242	-36.9252	-287.6650
HKDS2004_Fast_IsoWater_20180730_092536	1017	10	559.050	-19.6882	-37.0935	-288.3193
HKDS2004_Fast_IsoWater_20180730_092536	1017	11	559.075	-19.6465	-36.9412	-287.4673
HKDS2004_Fast_IsoWater_20180730_092536	1017	12	559.100	-19.6109	-36.8404	-286.5008
HKDS2004_Fast_IsoWater_20180730_092536	1017	13	559.125	-19.5380	-36.7938	-285.8971
HKDS2004_Fast_IsoWater_20180730_092536	1017	14	559.150	-19.4727	-36.7331	-285.4041
HKDS2004_Fast_IsoWater_20180730_092536	1017	15	559.175	-19.5373	-36.7401	-285.7622
HKDS2004_Fast_IsoWater_20180730_092536	1017	16	559.200	-19.5434	-36.7411	-285.9703
HKDS2004_Fast_IsoWater_20180730_092536	1017	17	559.225	-19.5743	-36.8439	-285.8920
HKDS2004_Fast_IsoWater_20180730_092536	1017	18	559.250	-19.5291	-36.7488	-285.3847
HKDS2004_Fast_IsoWater_20180730_092536	1017	19	559.275	-19.5106	-36.7353	-285.1848
HKDS2004_Fast_IsoWater_20180731_071726	1017	20	559.300	-19.5831	-36.8233	-285.3514
HKDS2004_Fast_IsoWater_20180731_071726	1017	21	559.325	-19.5610	-36.8422	-286.2213
HKDS2004_Fast_IsoWater_20180731_071726	1017	22	559.350	-19.6595	-37.0038	-287.0869
HKDS2004_Fast_IsoWater_20180731_071726	1018	1	559.375	-19.6826	-36.9752	-287.6908
HKDS2004_Fast_IsoWater_20180731_071726	1018	2	559.400	-19.6607	-36.9361	-287.0354
HKDS2004_Fast_IsoWater_20180731_071726	1018	3	559.425	-19.6287	-36.8525	-285.8444
HKDS2004_Fast_IsoWater_20180731_071726	1018	4	559.450	-19.4710	-36.6275	-284.3420
HKDS2004_Fast_IsoWater_20180731_071726	1018	5	559.475	-19.5078	-36.6509	-284.3074
HKDS2004_Fast_IsoWater_20180731_071726	1018	6	559.500	-19.5141	-36.6169	-285.0112
HKDS2004_Fast_IsoWater_20180731_071726	1018	7	559.525	-19.5540	-36.8115	-286.0533
HKDS2004_Fast_IsoWater_20180731_071726	1018	8	559.550	-19.6224	-36.8958	-286.9308
HKDS2004_Fast_IsoWater_20180731_071726	1018	9	559.575	-19.6468	-37.0041	-288.2207
HKDS2004_Fast_IsoWater_20180731_071726	1018	10	559.600	-19.7510	-37.1118	-289.2972
HKDS2004_Fast_IsoWater_20180731_071726	1018	11	559.625	-19.6538	-36.9714	-287.8804
HKDS2004_Fast_IsoWater_20180731_071726	1018	12	559.650	-19.4419	-36.5387	-284.6076
HKDS2004_Fast_IsoWater_20180731_071726	1018	13	559.675	-19.1901	-36.0442	-279.5208
HKDS2004_Fast_IsoWater_20180731_071726	1018	14	559.700	-18.8706	-35.5499	-275.0017
HKDS2004_Fast_IsoWater_20180731_071726	1018	15	559.725	-18.7562	-35.1567	-271.5683
HKDS2004_Fast_IsoWater_20180731_071726	1018	16	559.750	-18.4981	-34.7621	-268.2440
HKDS2004_Fast_IsoWater_20180731_071726	1018	17	559.775	-18.4215	-34.6121	-265.8315
HKDS2004_Fast_IsoWater_20180731_071726	1018	18	559.800	-18.2945	-34.3695	-264.4398
HKDS2004_Fast_IsoWater_20180731_071726	1018	19	559.825	-18.2099	-34.3455	-264.3047
HKDS2004_Fast_IsoWater_20180731_071726	1018	20	559.850	-18.2653	-34.4208	-265.4635
HKDS2004_Fast_IsoWater_20180731_071726	1018	21	559.875	-18.4199	-34.6862	-267.7326
HKDS2004_Fast_IsoWater_20180731_071726	1018	22	559.900	-18.7303	-35.0935	-271.4182
HKDS2004_Fast_IsoWater_20180731_071726	1019	1	559.925	-18.9738	-35.7009	-276.7021
HKDS2004_Fast_IsoWater_20180731_071726	1019	2	559.950	-19.1961	-36.1294	-279.9021
HKDS2004_Fast_IsoWater_20180731_071726	1019	3	559.975	-19.3105	-36.2605	-281.0158
HKDS2004_Fast_IsoWater_20180731_071726	1019	4	560.000	-19.3592	-36.4339	-282.2186
HKDS2004_Fast_IsoWater_20180731_071726	1019	5	560.025	-19.4210	-36.5329	-283.3323
HKDS2004_Fast_IsoWater_20180731_071726	1019	6	560.050	-19.4362	-36.4775	-283.3959
HKDS2004_Fast_IsoWater_20180731_071726	1019	7	560.075	-19.3380	-36.3454	-282.3232
HKDS2004_Fast_IsoWater_20180731_071726	1019	8	560.100	-19.2848	-36.2012	-280.3321
HKDS2004_Fast_IsoWater_20180731_071726	1019	9	560.125	-19.1141	-35.8490	-278.3368
HKDS2004_Fast_IsoWater_20180731_071726	1019	10	560.150	-19.1245	-35.8480	-277.4238
HKDS2004_Fast_IsoWater_20180731_071726	1019	11	560.175	-19.0387	-35.8028	-277.2158
HKDS2004_Fast_IsoWater_20180731_071726	1019	12	560.200	-19.0264	-35.8269	-277.8502
HKDS2004_Fast_IsoWater_20180731_071726	1019	13	560.225	-19.1103	-35.9624	-278.3810
HKDS2004_Fast_IsoWater_20180731_071726	1019	14	560.250	-19.0552	-35.9384	-278.9973
HKDS2004_Fast_IsoWater_20180731_071726	1019	15	560.275	-19.0764	-35.9323	-278.5066
HKDS2004_Fast_IsoWater_20180731_071726	1019	16	560.300	-19.0039	-35.6724	-275.9974
HKDS2004_Fast_IsoWater_20180731_071726	1019	17	560.325	-18.8671	-35.4509	-273.7061
HKDS2004_Fast_IsoWater_20180731_071726	1019	18	560.350	-18.7312	-35.2294	-271.8021
HKDS2004_Fast_IsoWater_20180731_071726	1019	19	560.375	-18.6923	-35.1301	-270.6216
HKDS2004_Fast_IsoWater_20180731_071726	1019	20	560.400	-18.6780	-35.1115	-271.0929
HKDS2004_Fast_IsoWater_20180731_071726	1019	21	560.425	-18.7610	-35.2397	-272.1916
HKDS2004_Fast_IsoWater_20180731_071726	1019	22	560.450	-18.8459	-35.3471	-272.9622
HKDS2004_Fast_IsoWater_20180731_071726	1020	1	560.475	-18.7413	-35.3365	-273.1314
HKDS2004_Fast_IsoWater_20180731_071726	1020	2	560.500	-18.8319	-35.3516	-273.4005
HKDS2004_Fast_IsoWater_20180731_071726	1020	3	560.525	-18.7556	-35.4224	-274.2623
HKDS2004_Fast_IsoWater_20180731_071726	1020	4	560.550	-18.8687	-35.4644	-274.9387
HKDS2004_Fast_IsoWater_20180731_071726	1020	5	560.575	-18.8820	-35.5493	-275.0834
