Run_ID	Bag	sample	Depth	d17	d18	dD
HKDS2004_Fast_IsoWater_20180814_083442	1401	1	770.025	-18.6083	-35.0102	-271.7869
HKDS2004_Fast_IsoWater_20180814_083442	1401	2	770.050	-18.5782	-35.0745	-272.6373
HKDS2004_Fast_IsoWater_20180814_083442	1401	3	770.075	-18.5683	-34.9638	-271.9437
HKDS2004_Fast_IsoWater_20180814_083442	1401	4	770.100	-18.4468	-34.7518	-270.2137
HKDS2004_Fast_IsoWater_20180814_083442	1401	5	770.125	-18.2511	-34.4425	-267.7140
HKDS2004_Fast_IsoWater_20180814_083442	1401	6	770.150	-18.1245	-34.1835	-264.7069
HKDS2004_Fast_IsoWater_20180814_083442	1401	7	770.175	-18.0023	-33.9093	-261.7431
HKDS2004_Fast_IsoWater_20180814_083442	1401	8	770.200	-17.8987	-33.6905	-260.0595
HKDS2004_Fast_IsoWater_20180814_083442	1401	9	770.225	-17.8904	-33.6744	-260.2523
HKDS2004_Fast_IsoWater_20180814_083442	1401	10	770.250	-18.0122	-33.8507	-262.4583
HKDS2004_Fast_IsoWater_20180814_083442	1401	11	770.275	-18.0839	-34.0773	-265.1752
HKDS2004_Fast_IsoWater_20180814_083442	1401	12	770.300	-18.1277	-34.1333	-265.3667
HKDS2004_Fast_IsoWater_20180814_083442	1401	13	770.325	-18.2351	-34.3833	-265.8627
HKDS2004_Fast_IsoWater_20180814_083442	1401	14	770.350	-18.2489	-34.3515	-265.9769
HKDS2004_Fast_IsoWater_20180814_083442	1401	15	770.375	-18.3010	-34.4885	-267.3618
HKDS2004_Fast_IsoWater_20180814_083442	1401	16	770.400	-18.5018	-34.7946	-269.6136
HKDS2004_Fast_IsoWater_20180814_083442	1401	17	770.425	-18.5331	-34.9397	-271.1662
HKDS2004_Fast_IsoWater_20180814_083442	1401	18	770.450	-18.6457	-35.1119	-273.2102
HKDS2004_Fast_IsoWater_20180814_083442	1401	19	770.475	-18.8478	-35.5215	-276.2829
HKDS2004_Fast_IsoWater_20180814_083442	1401	20	770.500	-19.0697	-35.8736	-279.1042
HKDS2004_Fast_IsoWater_20180814_083442	1401	21	770.525	-19.1481	-36.1326	-280.5593
HKDS2004_Fast_IsoWater_20180814_083442	1401	22	770.550	-19.3131	-36.3131	-281.7574
HKDS2004_Fast_IsoWater_20180814_083442	1402	1	770.575	-19.4810	-36.5516	-283.1083
HKDS2004_Fast_IsoWater_20180814_083442	1402	2	770.600	-19.5437	-36.7492	-284.5743
HKDS2004_Fast_IsoWater_20180814_083442	1402	3	770.625	-19.5401	-36.7920	-284.5861
HKDS2004_Fast_IsoWater_20180814_083442	1402	4	770.650	-19.4724	-36.6784	-283.2231
HKDS2004_Fast_IsoWater_20180814_083442	1402	5	770.675	-19.4420	-36.5159	-281.1718
HKDS2004_Fast_IsoWater_20180814_083442	1402	6	770.700	-19.3070	-36.2806	-279.7722
HKDS2004_Fast_IsoWater_20180814_083442	1402	7	770.725	-19.2584	-36.2173	-279.6065
HKDS2004_Fast_IsoWater_20180814_083442	1402	8	770.750	-19.1689	-36.0036	-278.7870
HKDS2004_Fast_IsoWater_20180814_083442	1402	9	770.775	-19.0039	-35.6969	-276.0742
HKDS2004_Fast_IsoWater_20180814_083442	1402	10	770.800	-18.9063	-35.4996	-273.4791
HKDS2004_Fast_IsoWater_20180814_083442	1402	11	770.825	-18.7225	-35.2644	-272.6169
HKDS2004_Fast_IsoWater_20180814_083442	1402	12	770.850	-18.6707	-35.1682	-272.8698
HKDS2004_Fast_IsoWater_20180814_083442	1402	13	770.875	-18.7330	-35.2747	-273.0025
HKDS2004_Fast_IsoWater_20180814_083442	1402	14	770.900	-18.8136	-35.3432	-273.3626
HKDS2004_Fast_IsoWater_20180814_083442	1402	15	770.925	-18.8577	-35.4987	-274.8716
HKDS2004_Fast_IsoWater_20180814_083442	1402	16	770.950	-19.0972	-35.8800	-278.8410
HKDS2004_Fast_IsoWater_20180814_083442	1402	17	770.975	-19.1513	-36.0370	-281.1826
HKDS2004_Fast_IsoWater_20180814_083442	1402	18	771.000	-19.0963	-35.9698	-279.8098
HKDS2004_Fast_IsoWater_20180814_083442	1402	19	771.025	-18.9700	-35.6136	-276.6993
HKDS2004_Fast_IsoWater_20180814_083442	1402	20	771.050	-18.5898	-35.0231	-271.5441
HKDS2004_Fast_IsoWater_20180814_083442	1402	21	771.075	-18.2418	-34.4052	-267.3720
HKDS2004_Fast_IsoWater_20180814_083442	1402	22	771.100	-18.1616	-34.1661	-264.9376
HKDS2004_Fast_IsoWater_20180814_083442	1403	1	771.125	-18.0480	-33.9836	-263.5132
HKDS2004_Fast_IsoWater_20180814_083442	1403	2	771.150	-18.1632	-34.1735	-265.1005
HKDS2004_Fast_IsoWater_20180814_083442	1403	3	771.175	-18.3195	-34.4905	-267.9214
HKDS2004_Fast_IsoWater_20180814_083442	1403	4	771.200	-18.4951	-34.7618	-270.3635
HKDS2004_Fast_IsoWater_20180814_083442	1403	5	771.225	-18.6505	-35.1048	-272.3109
HKDS2004_Fast_IsoWater_20180814_083442	1403	6	771.250	-18.7269	-35.2914	-274.4071
HKDS2004_Fast_IsoWater_20180814_083442	1403	7	771.275	-18.8846	-35.5206	-275.5632
HKDS2004_Fast_IsoWater_20180814_083442	1403	8	771.300	-18.8724	-35.5048	-275.0335
HKDS2004_Fast_IsoWater_20180814_083442	1403	9	771.325	-18.9246	-35.5177	-274.1768
HKDS2004_Fast_IsoWater_20180816_081318	1403	10	771.350	-18.8979	-35.5892	-274.9291
HKDS2004_Fast_IsoWater_20180816_081318	1403	11	771.375	-19.2687	-36.3398	-282.2104
HKDS2004_Fast_IsoWater_20180816_081318	1403	12	771.400	-19.4758	-36.7352	-285.6342
HKDS2004_Fast_IsoWater_20180816_081318	1403	13	771.425	-19.4419	-36.6871	-286.0650
HKDS2004_Fast_IsoWater_20180816_081318	1403	14	771.450	-19.3650	-36.4393	-283.7494
HKDS2004_Fast_IsoWater_20180816_081318	1403	15	771.475	-19.1649	-36.1131	-280.3713
HKDS2004_Fast_IsoWater_20180816_081318	1403	16	771.500	-18.9999	-35.7678	-276.9503
HKDS2004_Fast_IsoWater_20180816_081318	1403	17	771.525	-18.7969	-35.3461	-273.8476
HKDS2004_Fast_IsoWater_20180816_081318	1403	18	771.550	-18.5809	-35.0925	-271.8245
HKDS2004_Fast_IsoWater_20180816_081318	1403	19	771.575	-18.7649	-35.2938	-273.5539
HKDS2004_Fast_IsoWater_20180816_081318	1403	20	771.600	-18.8599	-35.4250	-275.1567
HKDS2004_Fast_IsoWater_20180816_081318	1403	21	771.625	-18.8852	-35.5635	-276.0787
HKDS2004_Fast_IsoWater_20180816_081318	1403	22	771.650	-18.9866	-35.7380	-277.2307
HKDS2004_Fast_IsoWater_20180816_081318	1404	1	771.675	-19.0873	-36.0218	-279.3846
HKDS2004_Fast_IsoWater_20180816_081318	1404	2	771.700	-19.3219	-36.4409	-283.1511
HKDS2004_Fast_IsoWater_20180816_081318	1404	3	771.725	-19.5382	-36.8003	-285.9489
HKDS2004_Fast_IsoWater_20180816_081318	1404	4	771.750	-19.6522	-37.0062	-287.2352
HKDS2004_Fast_IsoWater_20180816_081318	1404	5	771.775	-19.5974	-36.8962	-287.0864
HKDS2004_Fast_IsoWater_20180816_081318	1404	6	771.800	-19.4486	-36.7147	-285.0455
HKDS2004_Fast_IsoWater_20180816_081318	1404	7	771.825	-19.3333	-36.4720	-282.7820
HKDS2004_Fast_IsoWater_20180816_081318	1404	8	771.850	-19.1620	-36.1157	-280.7385
HKDS2004_Fast_IsoWater_20180816_081318	1404	9	771.875	-19.0930	-35.8996	-278.4439
HKDS2004_Fast_IsoWater_20180816_081318	1404	10	771.900	-19.0325	-35.8098	-277.5010
HKDS2004_Fast_IsoWater_20180816_081318	1404	11	771.925	-18.8637	-35.5998	-276.5276
HKDS2004_Fast_IsoWater_20180816_081318	1404	12	771.950	-18.8441	-35.4785	-275.4568
HKDS2004_Fast_IsoWater_20180816_081318	1404	13	771.975	-18.8273	-35.4891	-274.5801
HKDS2004_Fast_IsoWater_20180816_081318	1404	14	772.000	-18.8520	-35.5116	-273.8066
HKDS2004_Fast_IsoWater_20180816_081318	1404	15	772.025	-18.9476	-35.6331	-274.2921
HKDS2004_Fast_IsoWater_20180816_081318	1404	16	772.050	-18.9486	-35.8204	-276.3222
HKDS2004_Fast_IsoWater_20180816_081318	1404	17	772.075	-19.2029	-36.1484	-279.8636
HKDS2004_Fast_IsoWater_20180816_081318	1404	18	772.100	-19.4831	-36.7022	-286.1826
HKDS2004_Fast_IsoWater_20180816_081318	1404	19	772.125	-19.7440	-37.2307	-290.3319
HKDS2004_Fast_IsoWater_20180816_081318	1404	20	772.150	-19.9309	-37.5350	-292.8242
HKDS2004_Fast_IsoWater_20180816_081318	1404	21	772.175	-20.1060	-37.8130	-294.6325
HKDS2004_Fast_IsoWater_20180816_081318	1404	22	772.200	-20.1741	-37.9804	-296.6016
HKDS2004_Fast_IsoWater_20180816_081318	1405	1	772.225	-20.2577	-38.1064	-297.1920
HKDS2004_Fast_IsoWater_20180816_081318	1405	2	772.250	-20.2073	-38.0990	-296.0383
HKDS2004_Fast_IsoWater_20180816_081318	1405	3	772.275	-20.0256	-37.6741	-292.6726
HKDS2004_Fast_IsoWater_20180816_081318	1405	4	772.300	-19.8014	-37.2207	-289.3299
HKDS2004_Fast_IsoWater_20180816_081318	1405	5	772.325	-19.5550	-36.7650	-284.9027
HKDS2004_Fast_IsoWater_20180816_081318	1405	6	772.350	-19.3156	-36.3719	-282.0139
HKDS2004_Fast_IsoWater_20180816_081318	1405	7	772.375	-19.2754	-36.2956	-281.3088
HKDS2004_Fast_IsoWater_20180816_081318	1405	8	772.400	-19.2190	-36.1741	-281.2958
HKDS2004_Fast_IsoWater_20180816_081318	1405	9	772.425	-19.1481	-36.0028	-280.2931
HKDS2004_Fast_IsoWater_20180816_081318	1405	10	772.450	-18.9600	-35.7588	-277.1138
HKDS2004_Fast_IsoWater_20180816_081318	1405	11	772.475	-18.7364	-35.3968	-273.4111
HKDS2004_Fast_IsoWater_20180816_081318	1405	12	772.500	-18.5895	-35.0761	-270.9340
HKDS2004_Fast_IsoWater_20180816_081318	1405	13	772.525	-18.3928	-34.7481	-268.1937
HKDS2004_Fast_IsoWater_20180816_081318	1405	14	772.550	-18.1892	-34.3732	-266.0491
HKDS2004_Fast_IsoWater_20180816_081318	1405	15	772.575	-18.2136	-34.1532	-263.6493
HKDS2004_Fast_IsoWater_20180816_081318	1405	16	772.600	-17.9257	-33.8412	-261.1931
HKDS2004_Fast_IsoWater_20180816_081318	1405	17	772.625	-17.8637	-33.7482	-261.0192
HKDS2004_Fast_IsoWater_20180816_081318	1405	18	772.650	-17.8257	-33.6145	-261.7832
HKDS2004_Fast_IsoWater_20180817_105212	1405	19	772.675	-18.0937	-34.0671	-264.3291
HKDS2004_Fast_IsoWater_20180817_105212	1405	20	772.700	-18.1468	-34.1493	-264.9030
HKDS2004_Fast_IsoWater_20180817_105212	1405	21	772.725	-18.0573	-34.0530	-264.1699
HKDS2004_Fast_IsoWater_20180817_105212	1405	22	772.750	-18.2158	-34.2410	-265.2882
HKDS2004_Fast_IsoWater_20180817_105212	1406	1	772.775	-18.4123	-34.7500	-270.2560
HKDS2004_Fast_IsoWater_20180817_105212	1406	2	772.800	-18.6244	-35.0314	-272.3070
HKDS2004_Fast_IsoWater_20180817_105212	1406	3	772.825	-18.6598	-35.2814	-273.8377
HKDS2004_Fast_IsoWater_20180817_105212	1406	4	772.850	-18.9174	-35.5359	-276.7642
HKDS2004_Fast_IsoWater_20180817_105212	1406	5	772.875	-19.1560	-36.1408	-281.5967
HKDS2004_Fast_IsoWater_20180817_105212	1406	6	772.900	-19.3497	-36.5442	-284.7618
HKDS2004_Fast_IsoWater_20180817_105212	1406	7	772.925	-19.4876	-36.7223	-285.1199
HKDS2004_Fast_IsoWater_20180817_105212	1406	8	772.950	-19.4620	-36.7387	-284.9977
HKDS2004_Fast_IsoWater_20180817_105212	1406	9	772.975	-19.6009	-36.9123	-285.8620
HKDS2004_Fast_IsoWater_20180817_105212	1406	10	773.000	-19.7133	-37.1649	-288.5695
HKDS2004_Fast_IsoWater_20180817_105212	1406	11	773.025	-19.8332	-37.3122	-290.2990
HKDS2004_Fast_IsoWater_20180817_105212	1406	12	773.050	-19.7234	-37.2088	-289.2177
HKDS2004_Fast_IsoWater_20180817_105212	1406	13	773.075	-19.6123	-36.8597	-285.7018
HKDS2004_Fast_IsoWater_20180817_105212	1406	14	773.100	-19.3709	-36.4778	-282.2596
HKDS2004_Fast_IsoWater_20180817_105212	1406	15	773.125	-19.1399	-36.1967	-279.9584
HKDS2004_Fast_IsoWater_20180817_105212	1406	16	773.150	-19.1297	-36.0394	-278.2754
HKDS2004_Fast_IsoWater_20180817_105212	1406	17	773.175	-19.1047	-36.0067	-278.2690
HKDS2004_Fast_IsoWater_20180817_105212	1406	18	773.200	-19.1652	-36.0754	-279.5042
HKDS2004_Fast_IsoWater_20180817_105212	1406	19	773.225	-19.3639	-36.4377	-282.5238
HKDS2004_Fast_IsoWater_20180817_105212	1406	20	773.250	-19.5705	-36.8440	-286.2013
HKDS2004_Fast_IsoWater_20180817_105212	1406	21	773.275	-19.5876	-36.8770	-286.3851
HKDS2004_Fast_IsoWater_20180817_105212	1406	22	773.300	-19.4706	-36.6697	-284.7079
HKDS2004_Fast_IsoWater_20180817_105212	1407	1	773.325	-19.3519	-36.4168	-282.0058
HKDS2004_Fast_IsoWater_20180817_105212	1407	2	773.350	-19.0816	-35.9499	-277.9355
HKDS2004_Fast_IsoWater_20180817_105212	1407	3	773.375	-18.9642	-35.6736	-275.4486
HKDS2004_Fast_IsoWater_20180817_105212	1407	4	773.400	-18.9538	-35.6739	-274.6596
HKDS2004_Fast_IsoWater_20180817_105212	1407	5	773.425	-18.9430	-35.6851	-275.2596
HKDS2004_Fast_IsoWater_20180817_105212	1407	6	773.450	-19.2740	-36.2949	-280.8253
HKDS2004_Fast_IsoWater_20180817_105212	1407	7	773.475	-19.7272	-37.1816	-289.4341
HKDS2004_Fast_IsoWater_20180817_105212	1407	8	773.500	-19.7914	-37.3003	-289.5094
HKDS2004_Fast_IsoWater_20180817_105212	1407	9	773.525	-19.7547	-37.2278	-287.9663
HKDS2004_Fast_IsoWater_20180817_105212	1407	10	773.550	-19.6399	-36.9935	-286.0165
HKDS2004_Fast_IsoWater_20180817_105212	1407	11	773.575	-19.4304	-36.6360	-283.8181
HKDS2004_Fast_IsoWater_20180817_105212	1407	12	773.600	-19.2035	-36.1890	-281.0279
HKDS2004_Fast_IsoWater_20180817_105212	1407	13	773.625	-18.9677	-35.8395	-277.9735
HKDS2004_Fast_IsoWater_20180817_105212	1407	14	773.650	-18.7085	-35.3264	-274.2811
HKDS2004_Fast_IsoWater_20180817_105212	1407	15	773.675	-18.4446	-34.8575	-270.5679
HKDS2004_Fast_IsoWater_20180817_105212	1407	16	773.700	-18.2690	-34.4345	-266.4593
HKDS2004_Fast_IsoWater_20180817_105212	1407	17	773.725	-18.0256	-33.9195	-262.2016
HKDS2004_Fast_IsoWater_20180817_105212	1407	18	773.750	-17.9183	-33.7109	-259.8777
HKDS2004_Fast_IsoWater_20180817_105212	1407	19	773.775	-17.8990	-33.7404	-261.3130
HKDS2004_Fast_IsoWater_20180817_105212	1407	20	773.800	-18.0047	-33.9477	-263.4326
HKDS2004_Fast_IsoWater_20180817_105212	1407	21	773.825	-18.0579	-34.0437	-264.5219
HKDS2004_Fast_IsoWater_20180817_105212	1407	22	773.850	-18.0902	-34.0909	-264.2076
HKDS2004_Fast_IsoWater_20180817_105212	1408	1	773.875	-17.9908	-33.8996	-262.7955
HKDS2004_Fast_IsoWater_20180817_105212	1408	2	773.900	-18.1481	-34.1756	-264.2554
HKDS2004_Fast_IsoWater_20180817_105212	1408	3	773.925	-18.1288	-34.2372	-265.6818
HKDS2004_Fast_IsoWater_20180817_105212	1408	4	773.950	-18.2788	-34.3508	-266.1219
HKDS2004_Fast_IsoWater_20180817_105212	1408	5	773.975	-18.2484	-34.3148	-266.1637
HKDS2004_Fast_IsoWater_20180820_075653	1408	6	774.000	-18.2731	-34.3562	-266.8540
HKDS2004_Fast_IsoWater_20180820_075653	1408	7	774.025	-18.2740	-34.4780	-268.4584
HKDS2004_Fast_IsoWater_20180820_075653	1408	8	774.050	-18.4013	-34.6228	-270.1415
HKDS2004_Fast_IsoWater_20180820_075653	1408	9	774.075	-18.4375	-34.6401	-270.0749
HKDS2004_Fast_IsoWater_20180820_075653	1408	10	774.100	-18.3467	-34.5416	-268.7695
HKDS2004_Fast_IsoWater_20180820_075653	1408	11	774.125	-18.2912	-34.4550	-266.5359
HKDS2004_Fast_IsoWater_20180820_075653	1408	12	774.150	-18.1671	-34.2526	-265.1248
HKDS2004_Fast_IsoWater_20180820_075653	1408	13	774.175	-18.2924	-34.4204	-265.7600
HKDS2004_Fast_IsoWater_20180820_075653	1408	14	774.200	-18.3978	-34.6123	-267.3587
HKDS2004_Fast_IsoWater_20180820_075653	1408	15	774.225	-18.4860	-34.8565	-269.5197
HKDS2004_Fast_IsoWater_20180820_075653	1408	16	774.250	-18.6847	-35.1490	-272.2786
HKDS2004_Fast_IsoWater_20180820_075653	1408	17	774.275	-19.0031	-35.6417	-276.8522
HKDS2004_Fast_IsoWater_20180820_075653	1408	18	774.300	-19.2294	-36.0669	-281.0042
HKDS2004_Fast_IsoWater_20180820_075653	1408	19	774.325	-19.4779	-36.5142	-284.6346
HKDS2004_Fast_IsoWater_20180820_075653	1408	20	774.350	-19.6293	-36.8447	-286.9542
HKDS2004_Fast_IsoWater_20180820_075653	1408	21	774.375	-19.5331	-36.7712	-287.2862
HKDS2004_Fast_IsoWater_20180820_075653	1408	22	774.400	-19.5185	-36.7590	-286.2910
HKDS2004_Fast_IsoWater_20180820_075653	1409	1	774.425	-19.3896	-36.5186	-284.8764
HKDS2004_Fast_IsoWater_20180820_075653	1409	2	774.450	-19.2233	-36.1337	-280.7864
HKDS2004_Fast_IsoWater_20180820_075653	1409	3	774.475	-19.0770	-35.8642	-278.1512
HKDS2004_Fast_IsoWater_20180820_075653	1409	4	774.500	-18.9450	-35.6420	-277.0217
HKDS2004_Fast_IsoWater_20180820_075653	1409	5	774.525	-18.9612	-35.6807	-278.1518
HKDS2004_Fast_IsoWater_20180820_075653	1409	6	774.550	-19.0938	-35.9253	-280.3019
HKDS2004_Fast_IsoWater_20180820_075653	1409	7	774.575	-19.2557	-36.1695	-281.5352
HKDS2004_Fast_IsoWater_20180820_075653	1409	8	774.600	-19.3258	-36.2776	-282.6266
HKDS2004_Fast_IsoWater_20180820_075653	1409	9	774.625	-19.3230	-36.2565	-283.0977
HKDS2004_Fast_IsoWater_20180820_075653	1409	10	774.650	-19.2767	-36.2277	-282.6762
HKDS2004_Fast_IsoWater_20180820_075653	1409	11	774.675	-19.1259	-36.0030	-280.5991
HKDS2004_Fast_IsoWater_20180820_075653	1409	12	774.700	-19.0202	-35.7462	-277.4884
HKDS2004_Fast_IsoWater_20180820_075653	1409	13	774.725	-18.8875	-35.5109	-275.4344
HKDS2004_Fast_IsoWater_20180820_075653	1409	14	774.750	-18.8358	-35.4339	-274.6700
HKDS2004_Fast_IsoWater_20180820_075653	1409	15	774.775	-18.8006	-35.4313	-275.1541
HKDS2004_Fast_IsoWater_20180820_075653	1409	16	774.800	-18.8482	-35.3866	-274.8646
HKDS2004_Fast_IsoWater_20180820_075653	1409	17	774.825	-18.8701	-35.4380	-274.6288
HKDS2004_Fast_IsoWater_20180820_075653	1409	18	774.850	-18.8606	-35.4169	-274.9240
HKDS2004_Fast_IsoWater_20180820_075653	1409	19	774.875	-18.9853	-35.6526	-276.3912
HKDS2004_Fast_IsoWater_20180820_075653	1409	20	774.900	-19.1652	-35.9531	-279.0512
HKDS2004_Fast_IsoWater_20180820_075653	1409	21	774.925	-19.1776	-36.1136	-280.7696
HKDS2004_Fast_IsoWater_20180820_075653	1409	22	774.950	-19.1726	-36.0295	-280.1610
HKDS2004_Fast_IsoWater_20180820_075653	1410	1	774.975	-19.2703	-36.2613	-280.9413
HKDS2004_Fast_IsoWater_20180820_075653	1410	2	775.000	-19.3769	-36.3175	-282.0486
HKDS2004_Fast_IsoWater_20180820_075653	1410	3	775.025	-19.4042	-36.4314	-283.2955
HKDS2004_Fast_IsoWater_20180820_075653	1410	4	775.050	-19.4604	-36.5221	-284.2742
HKDS2004_Fast_IsoWater_20180820_075653	1410	5	775.075	-19.4801	-36.6059	-285.0926
HKDS2004_Fast_IsoWater_20180820_075653	1410	6	775.100	-19.4154	-36.5848	-285.1856
HKDS2004_Fast_IsoWater_20180820_075653	1410	7	775.125	-19.4204	-36.4186	-283.8266
HKDS2004_Fast_IsoWater_20180820_075653	1410	8	775.150	-19.2414	-36.2501	-281.9740
HKDS2004_Fast_IsoWater_20180820_075653	1410	9	775.175	-18.9234	-35.5528	-277.5909
HKDS2004_Fast_IsoWater_20180820_075653	1410	10	775.200	-19.1164	-35.8578	-279.0623
HKDS2004_Fast_IsoWater_20180820_075653	1410	11	775.225	-19.0526	-35.6807	-277.2827
HKDS2004_Fast_IsoWater_20180820_075653	1410	12	775.250	-18.8285	-35.3847	-274.8995
HKDS2004_Fast_IsoWater_20180820_075653	1410	13	775.275	-18.7749	-35.1525	-273.1316
HKDS2004_Fast_IsoWater_20180820_075653	1410	14	775.300	-18.2677	-34.3757	-269.9330
HKDS2004_Fast_IsoWater_20180821_082556	1410	15	775.325	-18.4896	-34.9589	-272.6911
HKDS2004_Fast_IsoWater_20180821_082556	1410	16	775.350	-18.5109	-34.8898	-272.6037
HKDS2004_Fast_IsoWater_20180821_082556	1410	17	775.375	-18.4867	-34.7670	-271.3722
HKDS2004_Fast_IsoWater_20180821_082556	1410	18	775.400	-18.3900	-34.6883	-270.1194
HKDS2004_Fast_IsoWater_20180821_082556	1410	19	775.425	-18.4454	-34.7300	-270.0473
HKDS2004_Fast_IsoWater_20180821_082556	1410	20	775.450	-18.6053	-35.0547	-271.8162
HKDS2004_Fast_IsoWater_20180821_082556	1410	21	775.475	-18.7420	-35.3275	-273.6076
HKDS2004_Fast_IsoWater_20180821_082556	1410	22	775.500	-18.9917	-35.7717	-276.4176
HKDS2004_Fast_IsoWater_20180821_082556	1411	1	775.525	-19.2582	-36.2124	-280.2850
HKDS2004_Fast_IsoWater_20180821_082556	1411	2	775.550	-19.5921	-36.8771	-285.8325
HKDS2004_Fast_IsoWater_20180821_082556	1411	3	775.575	-19.6728	-37.0124	-286.9829
HKDS2004_Fast_IsoWater_20180821_082556	1411	4	775.600	-19.5695	-36.8498	-285.1629
HKDS2004_Fast_IsoWater_20180821_082556	1411	5	775.625	-19.4235	-36.5897	-282.3755
HKDS2004_Fast_IsoWater_20180821_082556	1411	6	775.650	-19.1818	-36.0803	-278.4138
HKDS2004_Fast_IsoWater_20180821_082556	1411	7	775.675	-19.0651	-35.8874	-277.0154
HKDS2004_Fast_IsoWater_20180821_082556	1411	8	775.700	-19.1567	-36.0684	-278.4754
HKDS2004_Fast_IsoWater_20180821_082556	1411	9	775.725	-19.1240	-35.9450	-278.2800
HKDS2004_Fast_IsoWater_20180821_082556	1411	10	775.750	-18.6139	-35.1360	-275.7493
HKDS2004_Fast_IsoWater_20180821_082556	1411	11	775.775	-19.5873	-36.8931	-286.1977
HKDS2004_Fast_IsoWater_20180821_082556	1411	12	775.800	-19.6735	-37.1185	-287.3179
HKDS2004_Fast_IsoWater_20180821_082556	1411	13	775.825	-19.4912	-36.7588	-285.2722
HKDS2004_Fast_IsoWater_20180821_082556	1411	14	775.850	-19.3259	-36.4011	-282.2893
HKDS2004_Fast_IsoWater_20180821_082556	1411	15	775.875	-19.2753	-36.3461	-281.8832
HKDS2004_Fast_IsoWater_20180821_082556	1411	16	775.900	-19.3660	-36.4647	-281.9328
HKDS2004_Fast_IsoWater_20180821_082556	1411	17	775.925	-19.1329	-36.1073	-280.1019
HKDS2004_Fast_IsoWater_20180821_082556	1411	18	775.950	-19.0775	-35.8858	-277.9536
HKDS2004_Fast_IsoWater_20180821_082556	1411	19	775.975	-18.9338	-35.6641	-275.7414
HKDS2004_Fast_IsoWater_20180821_082556	1411	20	776.000	-18.8257	-35.4911	-274.8448
HKDS2004_Fast_IsoWater_20180821_082556	1411	21	776.025	-19.0025	-35.8135	-277.0161
HKDS2004_Fast_IsoWater_20180821_082556	1411	22	776.050	-19.2108	-36.0755	-279.7835
HKDS2004_Fast_IsoWater_20180821_082556	1412	1	776.075	-19.2146	-36.0719	-280.3524
HKDS2004_Fast_IsoWater_20180821_082556	1412	2	776.100	-19.3863	-36.4869	-283.7058
HKDS2004_Fast_IsoWater_20180821_082556	1412	3	776.125	-19.3796	-36.3760	-284.1475
HKDS2004_Fast_IsoWater_20180821_082556	1412	4	776.150	-19.5358	-36.7569	-286.5584
HKDS2004_Fast_IsoWater_20180821_082556	1412	5	776.175	-19.0829	-35.9868	-282.4845
HKDS2004_Fast_IsoWater_20180821_082556	1412	6	776.200	-19.1675	-36.0327	-280.9905
HKDS2004_Fast_IsoWater_20180821_082556	1412	7	776.225	-19.2136	-36.0694	-280.0670
HKDS2004_Fast_IsoWater_20180821_082556	1412	8	776.250	-18.8588	-35.6316	-276.0395
HKDS2004_Fast_IsoWater_20180821_082556	1412	9	776.275	-18.7265	-35.2787	-272.3240
HKDS2004_Fast_IsoWater_20180821_082556	1412	10	776.300	-18.6069	-35.0714	-271.0385
HKDS2004_Fast_IsoWater_20180821_082556	1412	11	776.325	-18.6963	-35.1980	-272.3212
HKDS2004_Fast_IsoWater_20180821_082556	1412	12	776.350	-18.4419	-34.8091	-271.0106
HKDS2004_Fast_IsoWater_20180821_082556	1412	13	776.375	-18.5989	-35.1350	-273.1421
HKDS2004_Fast_IsoWater_20180821_082556	1412	14	776.400	-18.6454	-35.1016	-271.9500
HKDS2004_Fast_IsoWater_20180821_082556	1412	15	776.425	-18.5376	-34.8940	-270.6384
HKDS2004_Fast_IsoWater_20180821_082556	1412	16	776.450	-18.4861	-34.7728	-269.9313
HKDS2004_Fast_IsoWater_20180821_082556	1412	17	776.475	-18.4702	-34.7059	-269.1861
HKDS2004_Fast_IsoWater_20180821_082556	1412	18	776.500	-18.3023	-34.4851	-268.3906
HKDS2004_Fast_IsoWater_20180821_082556	1412	19	776.525	-18.2364	-34.3315	-267.1721
HKDS2004_Fast_IsoWater_20180821_082556	1412	20	776.550	-18.1881	-34.2200	-266.3443
HKDS2004_Fast_IsoWater_20180821_082556	1412	21	776.575	-18.1315	-34.1184	-265.0375
HKDS2004_Fast_IsoWater_20180821_082556	1412	22	776.600	-17.9928	-33.9988	-263.8391
HKDS2004_Fast_IsoWater_20180821_082556	1413	1	776.625	-17.9884	-33.8314	-261.4473
HKDS2004_Fast_IsoWater_20180822_075920	1413	2	776.650	-18.1250	-34.1978	-264.4359
HKDS2004_Fast_IsoWater_20180822_075920	1413	3	776.675	-18.4057	-34.6684	-268.1347
HKDS2004_Fast_IsoWater_20180822_075920	1413	4	776.700	-18.6674	-35.1342	-271.7346
HKDS2004_Fast_IsoWater_20180822_075920	1413	5	776.725	-18.8282	-35.4345	-274.5999
HKDS2004_Fast_IsoWater_20180822_075920	1413	6	776.750	-19.0104	-35.8324	-277.2887
HKDS2004_Fast_IsoWater_20180822_075920	1413	7	776.775	-19.1503	-36.0632	-279.3519
HKDS2004_Fast_IsoWater_20180822_075920	1413	8	776.800	-19.1713	-36.0790	-280.1276
HKDS2004_Fast_IsoWater_20180822_075920	1413	9	776.825	-19.1744	-36.0558	-279.7950
HKDS2004_Fast_IsoWater_20180822_075920	1413	10	776.850	-19.1032	-35.9800	-279.2320
HKDS2004_Fast_IsoWater_20180822_075920	1413	11	776.875	-19.1090	-36.0050	-279.4272
HKDS2004_Fast_IsoWater_20180822_075920	1413	12	776.900	-19.1163	-35.9562	-279.2085
HKDS2004_Fast_IsoWater_20180822_075920	1413	13	776.925	-19.1045	-35.9388	-278.9554
HKDS2004_Fast_IsoWater_20180822_075920	1413	14	776.950	-19.0543	-35.7424	-276.7791
HKDS2004_Fast_IsoWater_20180822_075920	1413	15	776.975	-19.0966	-36.0221	-279.6615
HKDS2004_Fast_IsoWater_20180822_075920	1413	16	777.000	-19.3140	-36.3712	-282.6733
HKDS2004_Fast_IsoWater_20180822_075920	1413	17	777.025	-19.4596	-36.6293	-285.5659
HKDS2004_Fast_IsoWater_20180822_075920	1413	18	777.050	-19.5566	-36.8405	-287.7096
HKDS2004_Fast_IsoWater_20180822_075920	1413	19	777.075	-19.5671	-36.7878	-287.4676
HKDS2004_Fast_IsoWater_20180822_075920	1413	20	777.100	-19.3515	-36.5078	-284.6488
HKDS2004_Fast_IsoWater_20180822_075920	1413	21	777.125	-19.2250	-36.1896	-280.7560
HKDS2004_Fast_IsoWater_20180822_075920	1413	22	777.150	-19.0276	-35.6948	-276.2870
HKDS2004_Fast_IsoWater_20180822_075920	1414	1	777.175	-18.6912	-35.1455	-272.3192
HKDS2004_Fast_IsoWater_20180822_075920	1414	2	777.200	-18.5151	-34.8115	-269.3958
HKDS2004_Fast_IsoWater_20180822_075920	1414	3	777.225	-18.4134	-34.6167	-269.1084
HKDS2004_Fast_IsoWater_20180822_075920	1414	4	777.250	-18.6413	-35.0416	-272.4295
HKDS2004_Fast_IsoWater_20180822_075920	1414	5	777.275	-18.6505	-35.0545	-272.7032
HKDS2004_Fast_IsoWater_20180822_075920	1414	6	777.300	-18.5049	-34.8934	-270.8553
HKDS2004_Fast_IsoWater_20180822_075920	1414	7	777.325	-18.3310	-34.4971	-268.1426
HKDS2004_Fast_IsoWater_20180822_075920	1414	8	777.350	-18.0735	-34.0802	-264.0928
HKDS2004_Fast_IsoWater_20180822_075920	1414	9	777.375	-17.7928	-33.4633	-258.1732
HKDS2004_Fast_IsoWater_20180822_075920	1414	10	777.400	-17.4618	-33.0293	-254.6492
HKDS2004_Fast_IsoWater_20180822_075920	1414	11	777.425	-17.4860	-33.0351	-254.7878
HKDS2004_Fast_IsoWater_20180822_075920	1414	12	777.450	-17.7340	-33.3511	-258.1516
HKDS2004_Fast_IsoWater_20180822_075920	1414	13	777.475	-17.9505	-33.7738	-261.8093
HKDS2004_Fast_IsoWater_20180822_075920	1414	14	777.500	-18.0106	-33.8744	-262.6098
HKDS2004_Fast_IsoWater_20180822_075920	1414	15	777.525	-17.8265	-33.5597	-260.0736
HKDS2004_Fast_IsoWater_20180822_075920	1414	16	777.550	-17.8545	-33.6713	-258.9406
HKDS2004_Fast_IsoWater_20180822_075920	1414	17	777.575	-17.7817	-33.4312	-257.2926
HKDS2004_Fast_IsoWater_20180822_075920	1414	18	777.600	-17.9762	-33.7867	-260.6449
HKDS2004_Fast_IsoWater_20180822_075920	1414	19	777.625	-17.6774	-33.3527	-259.4092
HKDS2004_Fast_IsoWater_20180822_075920	1414	20	777.650	-18.2013	-34.3171	-264.9804
HKDS2004_Fast_IsoWater_20180822_075920	1414	21	777.675	-18.2277	-34.2219	-265.4738
HKDS2004_Fast_IsoWater_20180822_075920	1414	22	777.700	-18.3962	-34.6356	-268.2208
HKDS2004_Fast_IsoWater_20180822_075920	1415	1	777.725	-18.5606	-34.9902	-270.9227
HKDS2004_Fast_IsoWater_20180822_075920	1415	2	777.750	-18.5571	-34.9041	-270.4821
HKDS2004_Fast_IsoWater_20180822_075920	1415	3	777.775	-18.4429	-34.7437	-268.2068
HKDS2004_Fast_IsoWater_20180822_075920	1415	4	777.800	-18.3307	-34.5453	-266.2384
HKDS2004_Fast_IsoWater_20180822_075920	1415	5	777.825	-18.3825	-34.6411	-266.7035
HKDS2004_Fast_IsoWater_20180822_075920	1415	6	777.850	-18.5440	-34.8539	-268.4507
HKDS2004_Fast_IsoWater_20180822_075920	1415	7	777.875	-18.6760	-35.1124	-271.8417
HKDS2004_Fast_IsoWater_20180822_075920	1415	8	777.900	-18.8699	-35.4724	-274.8571
HKDS2004_Fast_IsoWater_20180822_075920	1415	9	777.925	-18.9964	-35.8115	-277.8987
HKDS2004_Fast_IsoWater_20180822_075920	1415	10	777.950	-19.1398	-36.1188	-281.1503
HKDS2004_Fast_IsoWater_20180823_080917	1415	11	777.975	-19.2708	-36.3223	-283.0385
HKDS2004_Fast_IsoWater_20180823_080917	1415	12	778.000	-19.3360	-36.4083	-283.6154
HKDS2004_Fast_IsoWater_20180823_080917	1415	13	778.025	-19.2879	-36.2934	-283.0133
HKDS2004_Fast_IsoWater_20180823_080917	1415	14	778.050	-19.2304	-36.3271	-282.7424
HKDS2004_Fast_IsoWater_20180823_080917	1415	15	778.075	-19.1681	-36.0838	-281.3780
HKDS2004_Fast_IsoWater_20180823_080917	1415	16	778.100	-18.9236	-35.7522	-278.5530
HKDS2004_Fast_IsoWater_20180823_080917	1415	17	778.125	-18.8053	-35.5220	-275.4598
HKDS2004_Fast_IsoWater_20180823_080917	1415	18	778.150	-18.6316	-35.1763	-272.4529
HKDS2004_Fast_IsoWater_20180823_080917	1415	19	778.175	-18.4450	-34.7786	-269.6243
HKDS2004_Fast_IsoWater_20180823_080917	1415	20	778.200	-18.3011	-34.6248	-267.8723
HKDS2004_Fast_IsoWater_20180823_080917	1415	21	778.225	-18.2730	-34.4309	-267.0673
HKDS2004_Fast_IsoWater_20180823_080917	1415	22	778.250	-18.1980	-34.2710	-265.7234
HKDS2004_Fast_IsoWater_20180823_080917	1416	1	778.275	-17.9453	-33.8746	-261.4999
HKDS2004_Fast_IsoWater_20180823_080917	1416	2	778.300	-17.9210	-33.7314	-260.5538
HKDS2004_Fast_IsoWater_20180823_080917	1416	3	778.325	-17.9959	-33.8223	-261.4131
HKDS2004_Fast_IsoWater_20180823_080917	1416	4	778.350	-18.0462	-34.0370	-263.4978
HKDS2004_Fast_IsoWater_20180823_080917	1416	5	778.375	-18.1496	-34.3144	-265.1146
HKDS2004_Fast_IsoWater_20180823_080917	1416	6	778.400	-18.3277	-34.5362	-266.8015
HKDS2004_Fast_IsoWater_20180823_080917	1416	7	778.425	-18.4412	-34.7548	-268.6521
HKDS2004_Fast_IsoWater_20180823_080917	1416	8	778.450	-18.4662	-34.8164	-270.0940
HKDS2004_Fast_IsoWater_20180823_080917	1416	9	778.475	-18.4722	-34.8322	-270.1058
HKDS2004_Fast_IsoWater_20180823_080917	1416	10	778.500	-18.4716	-34.7545	-268.9758
HKDS2004_Fast_IsoWater_20180823_080917	1416	11	778.525	-18.3324	-34.5445	-267.6846
HKDS2004_Fast_IsoWater_20180823_080917	1416	12	778.550	-18.2338	-34.4113	-266.9633
HKDS2004_Fast_IsoWater_20180823_080917	1416	13	778.575	-18.2328	-34.2720	-266.3196
HKDS2004_Fast_IsoWater_20180823_080917	1416	14	778.600	-17.9387	-33.9748	-264.1857
HKDS2004_Fast_IsoWater_20180823_080917	1416	15	778.625	-17.9627	-33.8624	-261.9394
HKDS2004_Fast_IsoWater_20180823_080917	1416	16	778.650	-17.8460	-33.5886	-259.8420
HKDS2004_Fast_IsoWater_20180823_080917	1416	17	778.675	-18.0105	-33.8707	-261.7270
HKDS2004_Fast_IsoWater_20180823_080917	1416	18	778.700	-18.2157	-34.3407	-266.5082
HKDS2004_Fast_IsoWater_20180823_080917	1416	19	778.725	-18.4773	-34.8469	-270.8178
HKDS2004_Fast_IsoWater_20180823_080917	1416	20	778.750	-18.5143	-34.8620	-271.4568
HKDS2004_Fast_IsoWater_20180823_080917	1416	21	778.775	-18.5383	-34.9818	-271.5980
HKDS2004_Fast_IsoWater_20180823_080917	1416	22	778.800	-18.6101	-35.0119	-271.5999
HKDS2004_Fast_IsoWater_20180823_080917	1417	1	778.825	-18.4751	-34.8855	-271.5194
HKDS2004_Fast_IsoWater_20180823_080917	1417	2	778.850	-18.3932	-34.7147	-269.6959
HKDS2004_Fast_IsoWater_20180823_080917	1417	3	778.875	-18.2483	-34.4675	-266.2932
HKDS2004_Fast_IsoWater_20180823_080917	1417	4	778.900	-18.1626	-34.1182	-263.0630
HKDS2004_Fast_IsoWater_20180823_080917	1417	5	778.925	-18.1250	-34.1086	-262.5300
HKDS2004_Fast_IsoWater_20180823_080917	1417	6	778.950	-18.2404	-34.3542	-265.6617
HKDS2004_Fast_IsoWater_20180823_080917	1417	7	778.975	-18.3631	-34.6768	-269.6850
HKDS2004_Fast_IsoWater_20180823_080917	1417	8	779.000	-18.3824	-34.7189	-270.3093
HKDS2004_Fast_IsoWater_20180823_080917	1417	9	779.025	-18.2904	-34.4887	-268.2723
HKDS2004_Fast_IsoWater_20180823_080917	1417	10	779.050	-18.0171	-33.9443	-264.0782
HKDS2004_Fast_IsoWater_20180823_080917	1417	11	779.075	-17.6202	-33.2133	-257.8299
HKDS2004_Fast_IsoWater_20180823_080917	1417	12	779.100	-17.3169	-32.6137	-251.9908
HKDS2004_Fast_IsoWater_20180823_080917	1417	13	779.125	-17.0382	-32.0747	-247.9843
HKDS2004_Fast_IsoWater_20180823_080917	1417	14	779.150	-16.9449	-31.9556	-245.6388
HKDS2004_Fast_IsoWater_20180823_080917	1417	15	779.175	-16.9705	-32.0172	-245.9989
HKDS2004_Fast_IsoWater_20180823_080917	1417	16	779.200	-17.1755	-32.4345	-249.7198
HKDS2004_Fast_IsoWater_20180823_080917	1417	17	779.225	-17.6540	-33.2136	-256.2833
HKDS2004_Fast_IsoWater_20180823_080917	1417	18	779.250	-17.7900	-33.5696	-258.7610
HKDS2004_Fast_IsoWater_20180823_080917	1417	19	779.275	-18.3435	-34.6181	-267.9406
HKDS2004_Fast_IsoWater_20180824_085301	1417	20	779.300	-18.8611	-35.4672	-275.7882
HKDS2004_Fast_IsoWater_20180824_085301	1417	21	779.325	-19.1949	-36.0380	-281.5104
HKDS2004_Fast_IsoWater_20180824_085301	1417	22	779.350	-19.4977	-36.6806	-285.7673
HKDS2004_Fast_IsoWater_20180824_085301	1418	1	779.375	-19.9227	-37.5205	-292.1366
HKDS2004_Fast_IsoWater_20180824_085301	1418	2	779.400	-20.3069	-38.2436	-297.7812
HKDS2004_Fast_IsoWater_20180824_085301	1418	3	779.425	-20.4377	-38.4390	-299.2655
HKDS2004_Fast_IsoWater_20180824_085301	1418	4	779.450	-20.4320	-38.4586	-300.1345
HKDS2004_Fast_IsoWater_20180824_085301	1418	5	779.475	-20.3522	-38.3005	-298.6337
HKDS2004_Fast_IsoWater_20180824_085301	1418	6	779.500	-20.2491	-37.9947	-296.6475
HKDS2004_Fast_IsoWater_20180824_085301	1418	7	779.525	-20.1815	-37.8360	-294.6190
HKDS2004_Fast_IsoWater_20180824_085301	1418	8	779.550	-19.9623	-37.5553	-292.6912
HKDS2004_Fast_IsoWater_20180824_085301	1418	9	779.575	-19.8752	-37.3067	-290.4784
HKDS2004_Fast_IsoWater_20180824_085301	1418	10	779.600	-19.6783	-37.0839	-288.5850
HKDS2004_Fast_IsoWater_20180824_085301	1418	11	779.625	-19.5376	-36.8187	-286.8988
HKDS2004_Fast_IsoWater_20180824_085301	1418	12	779.650	-19.4080	-36.5276	-283.5958
HKDS2004_Fast_IsoWater_20180824_085301	1418	13	779.675	-19.1362	-36.0757	-279.1383
HKDS2004_Fast_IsoWater_20180824_085301	1418	14	779.700	-19.0181	-35.7286	-275.5279
HKDS2004_Fast_IsoWater_20180824_085301	1418	15	779.725	-18.8474	-35.4266	-272.9547
HKDS2004_Fast_IsoWater_20180824_085301	1418	16	779.750	-18.7842	-35.3230	-273.1533
HKDS2004_Fast_IsoWater_20180824_085301	1418	17	779.775	-18.8560	-35.5155	-274.6869
HKDS2004_Fast_IsoWater_20180824_085301	1418	18	779.800	-19.0088	-35.7186	-276.3044
HKDS2004_Fast_IsoWater_20180824_085301	1418	19	779.825	-19.1384	-35.9652	-278.5068
HKDS2004_Fast_IsoWater_20180824_085301	1418	20	779.850	-19.3886	-36.3831	-282.5237
HKDS2004_Fast_IsoWater_20180824_085301	1418	21	779.875	-19.6142	-36.7710	-286.5845
HKDS2004_Fast_IsoWater_20180824_085301	1418	22	779.900	-19.6301	-36.9220	-287.9500
HKDS2004_Fast_IsoWater_20180824_085301	1419	1	779.925	-19.6547	-36.9143	-287.4106
HKDS2004_Fast_IsoWater_20180824_085301	1419	2	779.950	-19.5197	-36.6052	-285.1173
HKDS2004_Fast_IsoWater_20180824_085301	1419	3	779.975	-19.3566	-36.4488	-282.7694
HKDS2004_Fast_IsoWater_20180824_085301	1419	4	780.000	-19.1748	-36.0563	-280.0273
HKDS2004_Fast_IsoWater_20180824_085301	1419	5	780.025	-18.9699	-35.7727	-277.5345
HKDS2004_Fast_IsoWater_20180824_085301	1419	6	780.050	-18.9699	-35.6101	-276.1017
HKDS2004_Fast_IsoWater_20180824_085301	1419	7	780.075	-18.9029	-35.5966	-276.4983
HKDS2004_Fast_IsoWater_20180824_085301	1419	8	780.100	-18.9820	-35.6530	-276.7876
HKDS2004_Fast_IsoWater_20180824_085301	1419	9	780.125	-18.9364	-35.5802	-276.3140
HKDS2004_Fast_IsoWater_20180824_085301	1419	10	780.150	-18.9485	-35.5744	-275.6077
HKDS2004_Fast_IsoWater_20180824_085301	1419	11	780.175	-19.0586	-35.7482	-276.3508
HKDS2004_Fast_IsoWater_20180824_085301	1419	12	780.200	-19.0532	-35.8854	-278.1063
HKDS2004_Fast_IsoWater_20180824_085301	1419	13	780.225	-19.2013	-36.0541	-280.2638
HKDS2004_Fast_IsoWater_20180824_085301	1419	14	780.250	-19.1192	-36.0232	-280.0022
HKDS2004_Fast_IsoWater_20180824_085301	1419	15	780.275	-18.9568	-35.7994	-277.3320
HKDS2004_Fast_IsoWater_20180824_085301	1419	16	780.300	-18.7947	-35.3526	-273.8678
HKDS2004_Fast_IsoWater_20180824_085301	1419	17	780.325	-18.7035	-35.2238	-272.1604
HKDS2004_Fast_IsoWater_20180824_085301	1419	18	780.350	-18.7443	-35.2270	-272.4086
HKDS2004_Fast_IsoWater_20180824_085301	1419	19	780.375	-18.9023	-35.5136	-275.0079
HKDS2004_Fast_IsoWater_20180824_085301	1419	20	780.400	-19.1004	-35.8365	-278.7458
HKDS2004_Fast_IsoWater_20180824_085301	1419	21	780.425	-19.4067	-36.4391	-284.1447
HKDS2004_Fast_IsoWater_20180824_085301	1419	22	780.450	-19.5207	-36.8071	-287.6340
HKDS2004_Fast_IsoWater_20180824_085301	1420	1	780.475	-19.5373	-36.7604	-286.4815
HKDS2004_Fast_IsoWater_20180824_085301	1420	2	780.500	-19.3538	-36.3924	-282.5596
HKDS2004_Fast_IsoWater_20180824_085301	1420	3	780.525	-19.2086	-36.0721	-278.5252
HKDS2004_Fast_IsoWater_20180824_085301	1420	4	780.550	-18.8688	-35.4833	-275.2622
HKDS2004_Fast_IsoWater_20180824_085301	1420	5	780.575	-18.7261	-35.1794	-272.7694
HKDS2004_Fast_IsoWater_20180824_085301	1420	6	780.600	-18.6247	-34.9511	-271.4891
HKDS2004_Fast_IsoWater_20180827_122224	1420	7	780.625	-18.4596	-34.8547	-269.7332
HKDS2004_Fast_IsoWater_20180827_122224	1420	8	780.650	-18.4124	-34.6736	-269.2879
HKDS2004_Fast_IsoWater_20180827_122224	1420	9	780.675	-18.4063	-34.6826	-269.0334
HKDS2004_Fast_IsoWater_20180827_122224	1420	10	780.700	-18.3356	-34.5191	-268.5596
HKDS2004_Fast_IsoWater_20180827_122224	1420	11	780.725	-18.3902	-34.6810	-269.0591
HKDS2004_Fast_IsoWater_20180827_122224	1420	12	780.750	-18.2217	-34.2752	-267.8170
HKDS2004_Fast_IsoWater_20180827_122224	1420	13	780.775	-18.5875	-35.0060	-271.8931
HKDS2004_Fast_IsoWater_20180827_122224	1420	14	780.800	-18.6614	-35.2152	-272.5596
HKDS2004_Fast_IsoWater_20180827_122224	1420	15	780.825	-18.6366	-35.0362	-271.8380
HKDS2004_Fast_IsoWater_20180827_122224	1420	16	780.850	-18.5246	-35.0060	-270.7351
HKDS2004_Fast_IsoWater_20180827_122224	1420	17	780.875	-18.5672	-34.9476	-269.9875
HKDS2004_Fast_IsoWater_20180827_122224	1420	18	780.900	-18.5434	-34.9257	-270.2541
HKDS2004_Fast_IsoWater_20180827_122224	1420	19	780.925	-18.3727	-34.5734	-268.8585
HKDS2004_Fast_IsoWater_20180827_122224	1420	20	780.950	-18.4755	-34.8776	-269.3911
HKDS2004_Fast_IsoWater_20180827_122224	1420	21	780.975	-18.5396	-34.8814	-268.8935
HKDS2004_Fast_IsoWater_20180827_122224	1420	22	781.000	-18.5722	-34.9823	-269.3876
