Run_ID	Bag	sample	Depth	d17	d18	dD
HKDS2004_Fast_IsoWater_20180705_110113	801	1	440.025	-19.3784	-36.3959	-282.2420
HKDS2004_Fast_IsoWater_20180705_110113	801	2	440.050	-19.6001	-36.7809	-286.1188
HKDS2004_Fast_IsoWater_20180705_110113	801	3	440.075	-19.8652	-37.2785	-288.9480
HKDS2004_Fast_IsoWater_20180705_110113	801	4	440.100	-19.9912	-37.5388	-291.6777
HKDS2004_Fast_IsoWater_20180705_110113	801	5	440.125	-20.1798	-37.8520	-294.2943
HKDS2004_Fast_IsoWater_20180705_110113	801	6	440.150	-20.3428	-38.2336	-297.5639
HKDS2004_Fast_IsoWater_20180705_110113	801	7	440.175	-20.5546	-38.5880	-300.8041
HKDS2004_Fast_IsoWater_20180705_110113	801	8	440.200	-20.6497	-38.7115	-302.2656
HKDS2004_Fast_IsoWater_20180705_110113	801	9	440.225	-20.7110	-38.9106	-303.8071
HKDS2004_Fast_IsoWater_20180705_110113	801	10	440.250	-20.6765	-38.9564	-303.9745
HKDS2004_Fast_IsoWater_20180705_110113	801	11	440.275	-20.5550	-38.6602	-300.6810
HKDS2004_Fast_IsoWater_20180705_110113	801	12	440.300	-20.3916	-38.2855	-297.4012
HKDS2004_Fast_IsoWater_20180705_110113	801	13	440.325	-20.1080	-37.9123	-293.8937
HKDS2004_Fast_IsoWater_20180705_110113	801	14	440.350	-20.0541	-37.7203	-291.5738
HKDS2004_Fast_IsoWater_20180705_110113	801	15	440.375	-19.9035	-37.4457	-289.9060
HKDS2004_Fast_IsoWater_20180705_110113	801	16	440.400	-19.9635	-37.4547	-290.0578
HKDS2004_Fast_IsoWater_20180705_110113	801	17	440.425	-19.9855	-37.5259	-291.6248
HKDS2004_Fast_IsoWater_20180705_110113	801	18	440.450	-20.0975	-37.7447	-294.0334
HKDS2004_Fast_IsoWater_20180705_110113	801	19	440.475	-20.1153	-37.7831	-294.2101
HKDS2004_Fast_IsoWater_20180705_110113	801	20	440.500	-20.1137	-37.8498	-294.7047
HKDS2004_Fast_IsoWater_20180705_110113	801	21	440.525	-19.9746	-37.5984	-292.4546
HKDS2004_Fast_IsoWater_20180705_110113	801	22	440.550	-19.8706	-37.3716	-290.1799
HKDS2004_Fast_IsoWater_20180705_110113	802	1	440.575	-19.7019	-37.0026	-287.2783
HKDS2004_Fast_IsoWater_20180705_110113	802	2	440.600	-19.5532	-36.7548	-284.6966
HKDS2004_Fast_IsoWater_20180705_110113	802	3	440.625	-19.4766	-36.5096	-282.8754
HKDS2004_Fast_IsoWater_20180705_110113	802	4	440.650	-19.2922	-36.2380	-281.0902
HKDS2004_Fast_IsoWater_20180705_110113	802	5	440.675	-19.1831	-36.1065	-279.5994
HKDS2004_Fast_IsoWater_20180705_110113	802	6	440.700	-19.1519	-35.9731	-278.7058
HKDS2004_Fast_IsoWater_20180705_110113	802	7	440.725	-19.0782	-35.8226	-277.9061
HKDS2004_Fast_IsoWater_20180705_110113	802	8	440.750	-18.9939	-35.6744	-276.9806
HKDS2004_Fast_IsoWater_20180705_110113	802	9	440.775	-19.0715	-35.7446	-276.8355
HKDS2004_Fast_IsoWater_20180705_110113	802	10	440.800	-19.0893	-35.7530	-276.8531
HKDS2004_Fast_IsoWater_20180705_110113	802	11	440.825	-19.1117	-35.8348	-277.7099
HKDS2004_Fast_IsoWater_20180705_110113	802	12	440.850	-19.2265	-36.1084	-279.7397
HKDS2004_Fast_IsoWater_20180705_110113	802	13	440.875	-19.1994	-36.1722	-281.3409
HKDS2004_Fast_IsoWater_20180705_110113	802	14	440.900	-19.3225	-36.3437	-283.2730
HKDS2004_Fast_IsoWater_20180705_110113	802	15	440.925	-19.4301	-36.5315	-284.2115
HKDS2004_Fast_IsoWater_20180705_110113	802	16	440.950	-19.4683	-36.6053	-285.0582
HKDS2004_Fast_IsoWater_20180705_110113	802	17	440.975	-19.4805	-36.6562	-284.2520
HKDS2004_Fast_IsoWater_20180705_110113	802	18	441.000	-19.5232	-36.6137	-283.7549
HKDS2004_Fast_IsoWater_20180705_110113	802	19	441.025	-19.4336	-36.5373	-283.4848
HKDS2004_Fast_IsoWater_20180705_110113	802	20	441.050	-19.4361	-36.5557	-284.1924
HKDS2004_Fast_IsoWater_20180705_110113	802	21	441.075	-19.5277	-36.6382	-285.5639
HKDS2004_Fast_IsoWater_20180705_110113	802	22	441.100	-19.5937	-36.8683	-286.6574
HKDS2004_Fast_IsoWater_20180705_110113	803	1	441.125	-19.6843	-36.9810	-288.5268
HKDS2004_Fast_IsoWater_20180705_110113	803	2	441.150	-19.6882	-37.0197	-289.7950
HKDS2004_Fast_IsoWater_20180705_110113	803	3	441.175	-19.7733	-37.1937	-290.5747
HKDS2004_Fast_IsoWater_20180705_110113	803	4	441.200	-19.7162	-37.0854	-290.2593
HKDS2004_Fast_IsoWater_20180705_110113	803	5	441.225	-19.7169	-37.0819	-289.5141
HKDS2004_Fast_IsoWater_20180705_110113	803	6	441.250	-19.7022	-36.9501	-288.2579
HKDS2004_Fast_IsoWater_20180705_110113	803	7	441.275	-19.5538	-36.7970	-286.9113
HKDS2004_Fast_IsoWater_20180705_110113	803	8	441.300	-19.5318	-36.6926	-285.5556
HKDS2004_Fast_IsoWater_20180705_110113	803	9	441.325	-19.5682	-36.7013	-284.8407
HKDS2004_Fast_IsoWater_20180706_081023	803	10	441.350	-19.3766	-36.4790	-284.5531
HKDS2004_Fast_IsoWater_20180706_081023	803	11	441.375	-19.4704	-36.6093	-284.3002
HKDS2004_Fast_IsoWater_20180706_081023	803	12	441.400	-19.3788	-36.5393	-283.7796
HKDS2004_Fast_IsoWater_20180706_081023	803	13	441.425	-19.3423	-36.3945	-282.7765
HKDS2004_Fast_IsoWater_20180706_081023	803	14	441.450	-19.2962	-36.3187	-281.4832
HKDS2004_Fast_IsoWater_20180706_081023	803	15	441.475	-19.2488	-36.1542	-280.1467
HKDS2004_Fast_IsoWater_20180706_081023	803	16	441.500	-19.1626	-36.0119	-278.3978
HKDS2004_Fast_IsoWater_20180706_081023	803	17	441.525	-18.9189	-35.7090	-276.7940
HKDS2004_Fast_IsoWater_20180706_081023	803	18	441.550	-18.9167	-35.6352	-275.6210
HKDS2004_Fast_IsoWater_20180706_081023	803	19	441.575	-18.9272	-35.5568	-274.9702
HKDS2004_Fast_IsoWater_20180706_081023	803	20	441.600	-18.8888	-35.5268	-274.8185
HKDS2004_Fast_IsoWater_20180706_081023	803	21	441.625	-18.9385	-35.6365	-275.0337
HKDS2004_Fast_IsoWater_20180706_081023	803	22	441.650	-19.0140	-35.7700	-276.2989
HKDS2004_Fast_IsoWater_20180706_081023	804	1	441.675	-19.0547	-35.8336	-277.3855
HKDS2004_Fast_IsoWater_20180706_081023	804	2	441.700	-19.1787	-36.0677	-278.6812
HKDS2004_Fast_IsoWater_20180706_081023	804	3	441.725	-19.2725	-36.3371	-281.3127
HKDS2004_Fast_IsoWater_20180706_081023	804	4	441.750	-19.4294	-36.4674	-282.4458
HKDS2004_Fast_IsoWater_20180706_081023	804	5	441.775	-19.3977	-36.5554	-282.7328
HKDS2004_Fast_IsoWater_20180706_081023	804	6	441.800	-19.4134	-36.5341	-282.5702
HKDS2004_Fast_IsoWater_20180706_081023	804	7	441.825	-19.3519	-36.5103	-282.2475
HKDS2004_Fast_IsoWater_20180706_081023	804	8	441.850	-19.3052	-36.3377	-281.5652
HKDS2004_Fast_IsoWater_20180706_081023	804	9	441.875	-19.2949	-36.2503	-280.8711
HKDS2004_Fast_IsoWater_20180706_081023	804	10	441.900	-19.1469	-36.0322	-279.7366
HKDS2004_Fast_IsoWater_20180706_081023	804	11	441.925	-19.1175	-36.0348	-279.1197
HKDS2004_Fast_IsoWater_20180706_081023	804	12	441.950	-19.1284	-36.0081	-278.9057
HKDS2004_Fast_IsoWater_20180706_081023	804	13	441.975	-19.2171	-36.0735	-279.6053
HKDS2004_Fast_IsoWater_20180706_081023	804	14	442.000	-19.1767	-36.0806	-280.9128
HKDS2004_Fast_IsoWater_20180706_081023	804	15	442.025	-19.3433	-36.3490	-282.5683
HKDS2004_Fast_IsoWater_20180706_081023	804	16	442.050	-19.3439	-36.4248	-283.2197
HKDS2004_Fast_IsoWater_20180706_081023	804	17	442.075	-19.4108	-36.4571	-283.7282
HKDS2004_Fast_IsoWater_20180706_081023	804	18	442.100	-19.3823	-36.4580	-283.0915
HKDS2004_Fast_IsoWater_20180706_081023	804	19	442.125	-19.3654	-36.4203	-281.9099
HKDS2004_Fast_IsoWater_20180706_081023	804	20	442.150	-19.3609	-36.4274	-280.7607
HKDS2004_Fast_IsoWater_20180706_081023	804	21	442.175	-19.3843	-36.4006	-281.0946
HKDS2004_Fast_IsoWater_20180706_081023	804	22	442.200	-19.4144	-36.5432	-282.0415
HKDS2004_Fast_IsoWater_20180706_081023	805	1	442.225	-19.5527	-36.7948	-284.8298
HKDS2004_Fast_IsoWater_20180706_081023	805	2	442.250	-19.6997	-37.0699	-287.5540
HKDS2004_Fast_IsoWater_20180706_081023	805	3	442.275	-19.9761	-37.4576	-289.9852
HKDS2004_Fast_IsoWater_20180706_081023	805	4	442.300	-20.0498	-37.5873	-292.0893
HKDS2004_Fast_IsoWater_20180706_081023	805	5	442.325	-20.0888	-37.7818	-294.1136
HKDS2004_Fast_IsoWater_20180706_081023	805	6	442.350	-20.1734	-37.8889	-294.7771
HKDS2004_Fast_IsoWater_20180706_081023	805	7	442.375	-20.1254	-37.8221	-293.9902
HKDS2004_Fast_IsoWater_20180706_081023	805	8	442.400	-19.9844	-37.5837	-292.4196
HKDS2004_Fast_IsoWater_20180706_081023	805	9	442.425	-19.8970	-37.2851	-289.4607
HKDS2004_Fast_IsoWater_20180706_081023	805	10	442.450	-19.6898	-36.9925	-287.1293
HKDS2004_Fast_IsoWater_20180706_081023	805	11	442.475	-19.6485	-36.8464	-285.2718
HKDS2004_Fast_IsoWater_20180706_081023	805	12	442.500	-19.5066	-36.7022	-283.7681
HKDS2004_Fast_IsoWater_20180706_081023	805	13	442.525	-19.4605	-36.5845	-283.0500
HKDS2004_Fast_IsoWater_20180706_081023	805	14	442.550	-19.3128	-36.3713	-282.0020
HKDS2004_Fast_IsoWater_20180706_081023	805	15	442.575	-19.2773	-36.1564	-280.2720
HKDS2004_Fast_IsoWater_20180706_081023	805	16	442.600	-19.0720	-35.9390	-278.2428
HKDS2004_Fast_IsoWater_20180706_081023	805	17	442.625	-18.9574	-35.5662	-275.8792
HKDS2004_Fast_IsoWater_20180706_081023	805	18	442.650	-18.7764	-35.2326	-272.5607
HKDS2004_Fast_IsoWater_20180709_095525	805	19	442.675	-18.6110	-34.9690	-270.2722
HKDS2004_Fast_IsoWater_20180709_095525	805	20	442.700	-18.6667	-35.0180	-270.1068
HKDS2004_Fast_IsoWater_20180709_095525	805	21	442.725	-18.6757	-35.0744	-271.2732
HKDS2004_Fast_IsoWater_20180709_095525	805	22	442.750	-18.7969	-35.2813	-273.4484
HKDS2004_Fast_IsoWater_20180709_095525	806	1	442.775	-18.8396	-35.4783	-276.1224
HKDS2004_Fast_IsoWater_20180709_095525	806	2	442.800	-19.0860	-35.7416	-277.9032
HKDS2004_Fast_IsoWater_20180709_095525	806	3	442.825	-19.0939	-35.8831	-279.2332
HKDS2004_Fast_IsoWater_20180709_095525	806	4	442.850	-19.1095	-35.8703	-279.6860
HKDS2004_Fast_IsoWater_20180709_095525	806	5	442.875	-19.1464	-35.9831	-280.1407
HKDS2004_Fast_IsoWater_20180709_095525	806	6	442.900	-19.2203	-36.0651	-280.2478
HKDS2004_Fast_IsoWater_20180709_095525	806	7	442.925	-19.1665	-36.1147	-280.5035
HKDS2004_Fast_IsoWater_20180709_095525	806	8	442.950	-19.2948	-36.2002	-281.5197
HKDS2004_Fast_IsoWater_20180709_095525	806	9	442.975	-19.3282	-36.2893	-282.8405
HKDS2004_Fast_IsoWater_20180709_095525	806	10	443.000	-19.4635	-36.5814	-286.0967
HKDS2004_Fast_IsoWater_20180709_095525	806	11	443.025	-19.5446	-36.7595	-287.9719
HKDS2004_Fast_IsoWater_20180709_095525	806	12	443.050	-19.6621	-36.8969	-288.6699
HKDS2004_Fast_IsoWater_20180709_095525	806	13	443.075	-19.6236	-36.8056	-288.2713
HKDS2004_Fast_IsoWater_20180709_095525	806	14	443.100	-19.5507	-36.7342	-286.6757
HKDS2004_Fast_IsoWater_20180709_095525	806	15	443.125	-19.4523	-36.5084	-284.7243
HKDS2004_Fast_IsoWater_20180709_095525	806	16	443.150	-19.4135	-36.4427	-283.6214
HKDS2004_Fast_IsoWater_20180709_095525	806	17	443.175	-19.3123	-36.2973	-282.5857
HKDS2004_Fast_IsoWater_20180709_095525	806	18	443.200	-19.2725	-36.1948	-281.5657
HKDS2004_Fast_IsoWater_20180709_095525	806	19	443.225	-19.1662	-36.0135	-279.6283
HKDS2004_Fast_IsoWater_20180709_095525	806	20	443.250	-19.0974	-35.8549	-277.9970
HKDS2004_Fast_IsoWater_20180709_095525	806	21	443.275	-18.9685	-35.5670	-276.0417
HKDS2004_Fast_IsoWater_20180709_095525	806	22	443.300	-18.7275	-35.2163	-273.4982
HKDS2004_Fast_IsoWater_20180709_095525	807	1	443.325	-18.8027	-35.4059	-277.2582
HKDS2004_Fast_IsoWater_20180709_095525	807	2	443.350	-18.8670	-35.4257	-277.5002
HKDS2004_Fast_IsoWater_20180709_095525	807	3	443.375	-18.8733	-35.3322	-275.8651
HKDS2004_Fast_IsoWater_20180709_095525	807	4	443.400	-18.7116	-35.0862	-273.7890
HKDS2004_Fast_IsoWater_20180709_095525	807	5	443.425	-18.5206	-34.7557	-270.5532
HKDS2004_Fast_IsoWater_20180709_095525	807	6	443.450	-18.4252	-34.5724	-268.2318
HKDS2004_Fast_IsoWater_20180709_095525	807	7	443.475	-18.4252	-34.4280	-266.3818
HKDS2004_Fast_IsoWater_20180709_095525	807	8	443.500	-18.2660	-34.3095	-265.7840
HKDS2004_Fast_IsoWater_20180709_095525	807	9	443.525	-18.3208	-34.3457	-266.4418
HKDS2004_Fast_IsoWater_20180709_095525	807	10	443.550	-18.3749	-34.5241	-267.7606
HKDS2004_Fast_IsoWater_20180709_095525	807	11	443.575	-18.4338	-34.6134	-269.2851
HKDS2004_Fast_IsoWater_20180709_095525	807	12	443.600	-18.5681	-34.9052	-271.0531
HKDS2004_Fast_IsoWater_20180709_095525	807	13	443.625	-18.6432	-34.9853	-272.3863
HKDS2004_Fast_IsoWater_20180709_095525	807	14	443.650	-18.7880	-35.2499	-274.0198
HKDS2004_Fast_IsoWater_20180709_095525	807	15	443.675	-18.8975	-35.4443	-275.7787
HKDS2004_Fast_IsoWater_20180709_095525	807	16	443.700	-18.9774	-35.6698	-277.5114
HKDS2004_Fast_IsoWater_20180709_095525	807	17	443.725	-19.0713	-35.7569	-278.6541
HKDS2004_Fast_IsoWater_20180709_095525	807	18	443.750	-19.0408	-35.7768	-278.8531
HKDS2004_Fast_IsoWater_20180709_095525	807	19	443.775	-19.0446	-35.7912	-278.2087
HKDS2004_Fast_IsoWater_20180709_095525	807	20	443.800	-19.0322	-35.7140	-277.6618
HKDS2004_Fast_IsoWater_20180709_095525	807	21	443.825	-18.9634	-35.6067	-276.6252
HKDS2004_Fast_IsoWater_20180709_095525	807	22	443.850	-18.9004	-35.4174	-275.4818
HKDS2004_Fast_IsoWater_20180709_095525	808	1	443.875	-18.8138	-35.3425	-274.5797
HKDS2004_Fast_IsoWater_20180709_095525	808	2	443.900	-18.6728	-35.0987	-272.5087
HKDS2004_Fast_IsoWater_20180709_095525	808	3	443.925	-18.5980	-34.8876	-270.0175
HKDS2004_Fast_IsoWater_20180709_095525	808	4	443.950	-18.3933	-34.5872	-268.2363
HKDS2004_Fast_IsoWater_20180709_095525	808	5	443.975	-18.3523	-34.4385	-266.5559
HKDS2004_Fast_IsoWater_20180711_124333	808	6	444.000	-18.2616	-34.3324	-264.6241
HKDS2004_Fast_IsoWater_20180711_124333	808	7	444.025	-18.2892	-34.3618	-264.1255
HKDS2004_Fast_IsoWater_20180711_124333	808	8	444.050	-18.2159	-34.2461	-263.3104
HKDS2004_Fast_IsoWater_20180711_124333	808	9	444.075	-18.1307	-34.1049	-262.7368
HKDS2004_Fast_IsoWater_20180711_124333	808	10	444.100	-18.1989	-34.1776	-262.8022
HKDS2004_Fast_IsoWater_20180711_124333	808	11	444.125	-18.1400	-34.0943	-262.9203
HKDS2004_Fast_IsoWater_20180711_124333	808	12	444.150	-18.2402	-34.3360	-264.4486
HKDS2004_Fast_IsoWater_20180711_124333	808	13	444.175	-18.3711	-34.5822	-266.8367
HKDS2004_Fast_IsoWater_20180711_124333	808	14	444.200	-18.4758	-34.7967	-268.8427
HKDS2004_Fast_IsoWater_20180711_124333	808	15	444.225	-18.5436	-34.9140	-270.0077
HKDS2004_Fast_IsoWater_20180711_124333	808	16	444.250	-18.6409	-35.1030	-271.6866
HKDS2004_Fast_IsoWater_20180711_124333	808	17	444.275	-18.6246	-35.1308	-273.0666
HKDS2004_Fast_IsoWater_20180711_124333	808	18	444.300	-18.7082	-35.1140	-273.5936
HKDS2004_Fast_IsoWater_20180711_124333	808	19	444.325	-18.7050	-35.1796	-273.7202
HKDS2004_Fast_IsoWater_20180711_124333	808	20	444.350	-18.6457	-35.1551	-273.3419
HKDS2004_Fast_IsoWater_20180711_124333	808	21	444.375	-18.7238	-35.1993	-273.0963
HKDS2004_Fast_IsoWater_20180711_124333	808	22	444.400	-18.8608	-35.3253	-273.9831
HKDS2004_Fast_IsoWater_20180711_124333	809	1	444.425	-18.8903	-35.4814	-275.1226
HKDS2004_Fast_IsoWater_20180711_124333	809	2	444.450	-19.0215	-35.7577	-277.0063
HKDS2004_Fast_IsoWater_20180711_124333	809	3	444.475	-19.1883	-36.0998	-279.1274
HKDS2004_Fast_IsoWater_20180711_124333	809	4	444.500	-19.3765	-36.3622	-282.0234
HKDS2004_Fast_IsoWater_20180711_124333	809	5	444.525	-19.5638	-36.7874	-285.5024
HKDS2004_Fast_IsoWater_20180711_124333	809	6	444.550	-19.7990	-37.2130	-288.8061
HKDS2004_Fast_IsoWater_20180711_124333	809	7	444.575	-19.8790	-37.3832	-289.9485
HKDS2004_Fast_IsoWater_20180711_124333	809	8	444.600	-19.8397	-37.2847	-289.3174
HKDS2004_Fast_IsoWater_20180711_124333	809	9	444.625	-19.7126	-37.1613	-287.7237
HKDS2004_Fast_IsoWater_20180711_124333	809	10	444.650	-19.5497	-36.8304	-284.8415
HKDS2004_Fast_IsoWater_20180711_124333	809	11	444.675	-19.4024	-36.5367	-282.1806
HKDS2004_Fast_IsoWater_20180711_124333	809	12	444.700	-19.3669	-36.3574	-280.3617
HKDS2004_Fast_IsoWater_20180711_124333	809	13	444.725	-19.2369	-36.2113	-279.8465
HKDS2004_Fast_IsoWater_20180711_124333	809	14	444.750	-19.2837	-36.2216	-280.1986
HKDS2004_Fast_IsoWater_20180711_124333	809	15	444.775	-19.2997	-36.3195	-281.5576
HKDS2004_Fast_IsoWater_20180711_124333	809	16	444.800	-19.2651	-36.2733	-282.6097
HKDS2004_Fast_IsoWater_20180711_124333	809	17	444.825	-19.3339	-36.4407	-283.1919
HKDS2004_Fast_IsoWater_20180711_124333	809	18	444.850	-19.3637	-36.3913	-282.9392
HKDS2004_Fast_IsoWater_20180711_124333	809	19	444.875	-19.3471	-36.4045	-282.5781
HKDS2004_Fast_IsoWater_20180711_124333	809	20	444.900	-19.3294	-36.3735	-281.9899
HKDS2004_Fast_IsoWater_20180711_124333	809	21	444.925	-19.4181	-36.4533	-282.0396
HKDS2004_Fast_IsoWater_20180711_124333	809	22	444.950	-19.4034	-36.4746	-282.7207
HKDS2004_Fast_IsoWater_20180711_124333	810	1	444.975	-19.4687	-36.6559	-284.0555
HKDS2004_Fast_IsoWater_20180711_124333	810	2	445.000	-19.5695	-36.8349	-286.0588
HKDS2004_Fast_IsoWater_20180711_124333	810	3	445.025	-19.6665	-36.9761	-287.1026
HKDS2004_Fast_IsoWater_20180711_124333	810	4	445.050	-19.6130	-36.9011	-287.0193
HKDS2004_Fast_IsoWater_20180711_124333	810	5	445.075	-19.6018	-36.8782	-286.6863
HKDS2004_Fast_IsoWater_20180711_124333	810	6	445.100	-19.5702	-36.8226	-285.8272
HKDS2004_Fast_IsoWater_20180711_124333	810	7	445.125	-19.5410	-36.7593	-285.4741
HKDS2004_Fast_IsoWater_20180711_124333	810	8	445.150	-19.4716	-36.7079	-285.5136
HKDS2004_Fast_IsoWater_20180711_124333	810	9	445.175	-19.4335	-36.5761	-285.0613
HKDS2004_Fast_IsoWater_20180711_124333	810	10	445.200	-19.2952	-36.3767	-284.4057
HKDS2004_Fast_IsoWater_20180711_124333	810	11	445.225	-19.2664	-36.2294	-282.4617
HKDS2004_Fast_IsoWater_20180711_124333	810	12	445.250	-19.0455	-35.8850	-279.7227
HKDS2004_Fast_IsoWater_20180711_124333	810	13	445.275	-18.9674	-35.6604	-278.2039
HKDS2004_Fast_IsoWater_20180711_124333	810	14	445.300	-18.8874	-35.5525	-276.7732
HKDS2004_Fast_IsoWater_20180712_162841	810	15	445.325	-18.8496	-35.4638	-275.7418
HKDS2004_Fast_IsoWater_20180712_162841	810	16	445.350	-18.8359	-35.4939	-275.5012
HKDS2004_Fast_IsoWater_20180712_162841	810	17	445.375	-18.8636	-35.5074	-275.6358
HKDS2004_Fast_IsoWater_20180712_162841	810	18	445.400	-18.9484	-35.6310	-275.9807
HKDS2004_Fast_IsoWater_20180712_162841	810	19	445.425	-18.9729	-35.7216	-276.6363
HKDS2004_Fast_IsoWater_20180712_162841	810	20	445.450	-19.0468	-35.8747	-277.4574
HKDS2004_Fast_IsoWater_20180712_162841	810	21	445.475	-19.0437	-35.9206	-278.8011
HKDS2004_Fast_IsoWater_20180712_162841	810	22	445.500	-19.0774	-35.9717	-279.2730
HKDS2004_Fast_IsoWater_20180712_162841	811	1	445.525	-19.0628	-35.8960	-278.8796
HKDS2004_Fast_IsoWater_20180712_162841	811	2	445.550	-19.0264	-35.8387	-277.8473
HKDS2004_Fast_IsoWater_20180712_162841	811	3	445.575	-18.9640	-35.7255	-277.0433
HKDS2004_Fast_IsoWater_20180712_162841	811	4	445.600	-18.8706	-35.5935	-275.9332
HKDS2004_Fast_IsoWater_20180712_162841	811	5	445.625	-18.8317	-35.4107	-274.6864
HKDS2004_Fast_IsoWater_20180712_162841	811	6	445.650	-18.7756	-35.2784	-274.2430
HKDS2004_Fast_IsoWater_20180712_162841	811	7	445.675	-18.6915	-35.2376	-273.3402
HKDS2004_Fast_IsoWater_20180712_162841	811	8	445.700	-18.7288	-35.2079	-272.4724
HKDS2004_Fast_IsoWater_20180712_162841	811	9	445.725	-18.7189	-35.2121	-272.0191
HKDS2004_Fast_IsoWater_20180712_162841	811	10	445.750	-18.6105	-35.1600	-271.7814
HKDS2004_Fast_IsoWater_20180712_162841	811	11	445.775	-18.7737	-35.2942	-271.8947
HKDS2004_Fast_IsoWater_20180712_162841	811	12	445.800	-18.7077	-35.2732	-272.1879
HKDS2004_Fast_IsoWater_20180712_162841	811	13	445.825	-18.8505	-35.4955	-273.9374
HKDS2004_Fast_IsoWater_20180712_162841	811	14	445.850	-18.9429	-35.6210	-275.6027
HKDS2004_Fast_IsoWater_20180712_162841	811	15	445.875	-18.9149	-35.7947	-277.2140
HKDS2004_Fast_IsoWater_20180712_162841	811	16	445.900	-19.0057	-35.8633	-278.1672
HKDS2004_Fast_IsoWater_20180712_162841	811	17	445.925	-19.1867	-36.0811	-280.0724
HKDS2004_Fast_IsoWater_20180712_162841	811	18	445.950	-19.2565	-36.2972	-281.1635
HKDS2004_Fast_IsoWater_20180712_162841	811	19	445.975	-19.2881	-36.3955	-281.8146
HKDS2004_Fast_IsoWater_20180712_162841	811	20	446.000	-19.3713	-36.5214	-282.7646
HKDS2004_Fast_IsoWater_20180712_162841	811	21	446.025	-19.4500	-36.6198	-283.7976
HKDS2004_Fast_IsoWater_20180712_162841	811	22	446.050	-19.4886	-36.6492	-284.4806
HKDS2004_Fast_IsoWater_20180712_162841	812	1	446.075	-19.5478	-36.8223	-286.4483
HKDS2004_Fast_IsoWater_20180712_162841	812	2	446.100	-19.5657	-36.8068	-285.9376
HKDS2004_Fast_IsoWater_20180712_162841	812	3	446.125	-19.4662	-36.6553	-285.3822
HKDS2004_Fast_IsoWater_20180712_162841	812	4	446.150	-19.3786	-36.5379	-283.8400
HKDS2004_Fast_IsoWater_20180712_162841	812	5	446.175	-19.3569	-36.4463	-282.8533
HKDS2004_Fast_IsoWater_20180712_162841	812	6	446.200	-19.3499	-36.4101	-282.0899
HKDS2004_Fast_IsoWater_20180712_162841	812	7	446.225	-19.3486	-36.4285	-282.1964
HKDS2004_Fast_IsoWater_20180712_162841	812	8	446.250	-19.3528	-36.4777	-281.8972
HKDS2004_Fast_IsoWater_20180712_162841	812	9	446.275	-19.3356	-36.4823	-282.9908
HKDS2004_Fast_IsoWater_20180712_162841	812	10	446.300	-19.3694	-36.4855	-283.5274
HKDS2004_Fast_IsoWater_20180712_162841	812	11	446.325	-19.3474	-36.5085	-283.7616
HKDS2004_Fast_IsoWater_20180712_162841	812	12	446.350	-19.3725	-36.4680	-282.8495
HKDS2004_Fast_IsoWater_20180712_162841	812	13	446.375	-19.2840	-36.3166	-281.9719
HKDS2004_Fast_IsoWater_20180712_162841	812	14	446.400	-19.2508	-36.2144	-281.1673
HKDS2004_Fast_IsoWater_20180712_162841	812	15	446.425	-19.1275	-36.1105	-280.1324
HKDS2004_Fast_IsoWater_20180712_162841	812	16	446.450	-19.0000	-35.8242	-277.6833
HKDS2004_Fast_IsoWater_20180712_162841	812	17	446.475	-18.7686	-35.3431	-274.6290
HKDS2004_Fast_IsoWater_20180712_162841	812	18	446.500	-18.6392	-35.1558	-272.3499
HKDS2004_Fast_IsoWater_20180712_162841	812	19	446.525	-18.4834	-34.8662	-269.3735
HKDS2004_Fast_IsoWater_20180712_162841	812	20	446.550	-18.5353	-34.9315	-270.0476
HKDS2004_Fast_IsoWater_20180712_162841	812	21	446.575	-18.5060	-34.9066	-270.8745
HKDS2004_Fast_IsoWater_20180712_162841	812	22	446.600	-18.5717	-34.9713	-272.4214
HKDS2004_Fast_IsoWater_20180712_162841	813	1	446.625	-18.5768	-35.0027	-273.1236
HKDS2004_Fast_IsoWater_20180713_081039	813	2	446.650	-18.6006	-35.0496	-272.7503
HKDS2004_Fast_IsoWater_20180713_081039	813	3	446.675	-18.5320	-34.8892	-271.4096
HKDS2004_Fast_IsoWater_20180713_081039	813	4	446.700	-18.4931	-34.8482	-269.8606
HKDS2004_Fast_IsoWater_20180713_081039	813	5	446.725	-18.4039	-34.6309	-268.4823
HKDS2004_Fast_IsoWater_20180713_081039	813	6	446.750	-18.3892	-34.5031	-267.1747
HKDS2004_Fast_IsoWater_20180713_081039	813	7	446.775	-18.2974	-34.4779	-267.0419
HKDS2004_Fast_IsoWater_20180713_081039	813	8	446.800	-18.4351	-34.5730	-267.2212
HKDS2004_Fast_IsoWater_20180713_081039	813	9	446.825	-18.4752	-34.7470	-268.8008
HKDS2004_Fast_IsoWater_20180713_081039	813	10	446.850	-18.5689	-34.9222	-270.6327
HKDS2004_Fast_IsoWater_20180713_081039	813	11	446.875	-18.7123	-35.1880	-272.6700
HKDS2004_Fast_IsoWater_20180713_081039	813	12	446.900	-18.9272	-35.5664	-275.7872
HKDS2004_Fast_IsoWater_20180713_081039	813	13	446.925	-19.1502	-36.0372	-279.2417
HKDS2004_Fast_IsoWater_20180713_081039	813	14	446.950	-19.2891	-36.2914	-282.5016
HKDS2004_Fast_IsoWater_20180713_081039	813	15	446.975	-19.4983	-36.7163	-286.2176
HKDS2004_Fast_IsoWater_20180713_081039	813	16	447.000	-19.6966	-37.0028	-288.7910
HKDS2004_Fast_IsoWater_20180713_081039	813	17	447.025	-19.8583	-37.2524	-290.9755
HKDS2004_Fast_IsoWater_20180713_081039	813	18	447.050	-19.8615	-37.3853	-291.9795
HKDS2004_Fast_IsoWater_20180713_081039	813	19	447.075	-19.8682	-37.3229	-291.9422
HKDS2004_Fast_IsoWater_20180713_081039	813	20	447.100	-19.8102	-37.2226	-290.3642
HKDS2004_Fast_IsoWater_20180713_081039	813	21	447.125	-19.5666	-36.8980	-287.8204
HKDS2004_Fast_IsoWater_20180713_081039	813	22	447.150	-19.4053	-36.5164	-284.5054
HKDS2004_Fast_IsoWater_20180713_081039	814	1	447.175	-19.2089	-36.0624	-280.9159
HKDS2004_Fast_IsoWater_20180713_081039	814	2	447.200	-19.1598	-35.9757	-279.2821
HKDS2004_Fast_IsoWater_20180713_081039	814	3	447.225	-19.0280	-35.7620	-277.8564
HKDS2004_Fast_IsoWater_20180713_081039	814	4	447.250	-18.9365	-35.6563	-277.2216
HKDS2004_Fast_IsoWater_20180713_081039	814	5	447.275	-18.9500	-35.6013	-276.0646
HKDS2004_Fast_IsoWater_20180713_081039	814	6	447.300	-18.8769	-35.5040	-274.9692
HKDS2004_Fast_IsoWater_20180713_081039	814	7	447.325	-18.7498	-35.3002	-273.8680
HKDS2004_Fast_IsoWater_20180713_081039	814	8	447.350	-18.7039	-35.2456	-272.8220
HKDS2004_Fast_IsoWater_20180713_081039	814	9	447.375	-18.7129	-35.1508	-271.2994
HKDS2004_Fast_IsoWater_20180713_081039	814	10	447.400	-18.6064	-34.9300	-270.1568
HKDS2004_Fast_IsoWater_20180713_081039	814	11	447.425	-18.5932	-34.8863	-269.1582
HKDS2004_Fast_IsoWater_20180713_081039	814	12	447.450	-18.5528	-34.8116	-268.4966
HKDS2004_Fast_IsoWater_20180713_081039	814	13	447.475	-18.4845	-34.7790	-268.2227
HKDS2004_Fast_IsoWater_20180713_081039	814	14	447.500	-18.4787	-34.7185	-268.4291
HKDS2004_Fast_IsoWater_20180713_081039	814	15	447.525	-18.5166	-34.7922	-269.0078
HKDS2004_Fast_IsoWater_20180713_081039	814	16	447.550	-18.6090	-34.8999	-269.6376
HKDS2004_Fast_IsoWater_20180713_081039	814	17	447.575	-18.6872	-35.0875	-271.8568
HKDS2004_Fast_IsoWater_20180713_081039	814	18	447.600	-18.8127	-35.3429	-273.2297
HKDS2004_Fast_IsoWater_20180713_081039	814	19	447.625	-18.8823	-35.5188	-274.9478
HKDS2004_Fast_IsoWater_20180713_081039	814	20	447.650	-19.0283	-35.6941	-276.4083
HKDS2004_Fast_IsoWater_20180713_081039	814	21	447.675	-19.1637	-35.9466	-278.4256
HKDS2004_Fast_IsoWater_20180713_081039	814	22	447.700	-19.2654	-36.1698	-280.2040
HKDS2004_Fast_IsoWater_20180713_081039	815	1	447.725	-19.3902	-36.4692	-281.8215
HKDS2004_Fast_IsoWater_20180713_081039	815	2	447.750	-19.4377	-36.5061	-282.5328
HKDS2004_Fast_IsoWater_20180713_081039	815	3	447.775	-19.5333	-36.6700	-283.0870
HKDS2004_Fast_IsoWater_20180713_081039	815	4	447.800	-19.6696	-36.8899	-284.2907
HKDS2004_Fast_IsoWater_20180713_081039	815	5	447.825	-19.7303	-37.0787	-286.0764
HKDS2004_Fast_IsoWater_20180713_081039	815	6	447.850	-19.7890	-37.1952	-287.5860
HKDS2004_Fast_IsoWater_20180713_081039	815	7	447.875	-19.7498	-37.1638	-288.0275
HKDS2004_Fast_IsoWater_20180713_081039	815	8	447.900	-19.7563	-37.1062	-287.1585
HKDS2004_Fast_IsoWater_20180713_081039	815	9	447.925	-19.0524	-35.7966	-276.6886
HKDS2004_Fast_IsoWater_20180713_081039	815	10	447.950	-19.0828	-35.8351	-277.8643
HKDS2004_Fast_IsoWater_20180716_092837	815	11	447.975	-18.9885	-35.7522	-278.5925
HKDS2004_Fast_IsoWater_20180716_092837	815	12	448.000	-19.0360	-35.8020	-279.3781
HKDS2004_Fast_IsoWater_20180716_092837	815	13	448.025	-19.1946	-36.1418	-281.3613
HKDS2004_Fast_IsoWater_20180716_092837	815	14	448.050	-19.5494	-36.7241	-284.6656
HKDS2004_Fast_IsoWater_20180716_092837	815	15	448.075	-19.4353	-36.4648	-282.2179
HKDS2004_Fast_IsoWater_20180716_092837	815	16	448.100	-19.2869	-36.2364	-280.3546
HKDS2004_Fast_IsoWater_20180716_092837	815	17	448.125	-19.1020	-35.9661	-278.0318
HKDS2004_Fast_IsoWater_20180716_092837	815	18	448.150	-19.0257	-35.8162	-276.8766
HKDS2004_Fast_IsoWater_20180716_092837	815	19	448.175	-19.1148	-35.8721	-279.2284
HKDS2004_Fast_IsoWater_20180716_092837	815	20	448.200	-19.1328	-35.9428	-279.9458
HKDS2004_Fast_IsoWater_20180716_092837	815	21	448.225	-19.1238	-35.9376	-279.5004
HKDS2004_Fast_IsoWater_20180716_092837	815	22	448.250	-19.1584	-35.9893	-279.4176
HKDS2004_Fast_IsoWater_20180716_092837	816	1	448.275	-19.0687	-35.8724	-278.8964
HKDS2004_Fast_IsoWater_20180716_092837	816	2	448.300	-19.1517	-35.9961	-279.3016
HKDS2004_Fast_IsoWater_20180716_092837	816	3	448.325	-19.1661	-35.9464	-279.0318
HKDS2004_Fast_IsoWater_20180716_092837	816	4	448.350	-19.0504	-35.8404	-278.6912
HKDS2004_Fast_IsoWater_20180716_092837	816	5	448.375	-18.9994	-35.8256	-277.7747
HKDS2004_Fast_IsoWater_20180716_092837	816	6	448.400	-19.0504	-35.7707	-276.6819
HKDS2004_Fast_IsoWater_20180716_092837	816	7	448.425	-18.9792	-35.7006	-275.9622
HKDS2004_Fast_IsoWater_20180716_092837	816	8	448.450	-18.9385	-35.6893	-275.9170
HKDS2004_Fast_IsoWater_20180716_092837	816	9	448.475	-19.0232	-35.8130	-276.9992
HKDS2004_Fast_IsoWater_20180716_092837	816	10	448.500	-19.2421	-36.1001	-279.3000
HKDS2004_Fast_IsoWater_20180716_092837	816	11	448.525	-19.4052	-36.5042	-282.6263
HKDS2004_Fast_IsoWater_20180716_092837	816	12	448.550	-19.6478	-36.9231	-286.8269
HKDS2004_Fast_IsoWater_20180716_092837	816	13	448.575	-19.8484	-37.2890	-289.7569
HKDS2004_Fast_IsoWater_20180716_092837	816	14	448.600	-19.9196	-37.4706	-291.5393
HKDS2004_Fast_IsoWater_20180716_092837	816	15	448.625	-20.0442	-37.7189	-292.5155
HKDS2004_Fast_IsoWater_20180716_092837	816	16	448.650	-20.1660	-37.8714	-293.5572
HKDS2004_Fast_IsoWater_20180716_092837	816	17	448.675	-20.0715	-37.7974	-293.7930
HKDS2004_Fast_IsoWater_20180716_092837	816	18	448.700	-20.0805	-37.7706	-293.2345
HKDS2004_Fast_IsoWater_20180716_092837	816	19	448.725	-20.0247	-37.6107	-291.8398
HKDS2004_Fast_IsoWater_20180716_092837	816	20	448.750	-19.8750	-37.3213	-288.8910
HKDS2004_Fast_IsoWater_20180716_092837	816	21	448.775	-19.6619	-36.9489	-286.1754
HKDS2004_Fast_IsoWater_20180716_092837	816	22	448.800	-19.4404	-36.5726	-283.5075
HKDS2004_Fast_IsoWater_20180716_092837	817	1	448.825	-19.2603	-36.2690	-280.9366
HKDS2004_Fast_IsoWater_20180716_092837	817	2	448.850	-19.1116	-35.9961	-279.6387
HKDS2004_Fast_IsoWater_20180716_092837	817	3	448.875	-19.1472	-36.0013	-278.5135
HKDS2004_Fast_IsoWater_20180716_092837	817	4	448.900	-19.0251	-35.8446	-277.5864
HKDS2004_Fast_IsoWater_20180716_092837	817	5	448.925	-19.0792	-35.7978	-276.6886
HKDS2004_Fast_IsoWater_20180716_092837	817	6	448.950	-19.1052	-35.8724	-276.4296
HKDS2004_Fast_IsoWater_20180716_092837	817	7	448.975	-19.0405	-35.7532	-276.5755
HKDS2004_Fast_IsoWater_20180716_092837	817	8	449.000	-19.0212	-35.8611	-277.1767
HKDS2004_Fast_IsoWater_20180716_092837	817	9	449.025	-19.0908	-35.9166	-278.7925
HKDS2004_Fast_IsoWater_20180716_092837	817	10	449.050	-19.2417	-36.1747	-280.1223
HKDS2004_Fast_IsoWater_20180716_092837	817	11	449.075	-19.1815	-36.1414	-281.1093
HKDS2004_Fast_IsoWater_20180716_092837	817	12	449.100	-19.4597	-36.6188	-283.9685
HKDS2004_Fast_IsoWater_20180716_092837	817	13	449.125	-19.5529	-36.7616	-285.7395
HKDS2004_Fast_IsoWater_20180716_092837	817	14	449.150	-19.5609	-36.8895	-286.7338
HKDS2004_Fast_IsoWater_20180716_092837	817	15	449.175	-19.7036	-37.0142	-287.0037
HKDS2004_Fast_IsoWater_20180716_092837	817	16	449.200	-19.5603	-36.8482	-286.1419
HKDS2004_Fast_IsoWater_20180716_092837	817	17	449.225	-19.5606	-36.7735	-285.1957
HKDS2004_Fast_IsoWater_20180716_092837	817	18	449.250	-19.4430	-36.6469	-284.4107
HKDS2004_Fast_IsoWater_20180716_092837	817	19	449.275	-19.4122	-36.5756	-283.9128
HKDS2004_Fast_IsoWater_20180718_134754	817	20	449.300	-19.4284	-36.5308	-283.3192
HKDS2004_Fast_IsoWater_20180718_134754	817	21	449.325	-19.4036	-36.4961	-283.1702
HKDS2004_Fast_IsoWater_20180718_134754	817	22	449.350	-19.3178	-36.4398	-282.9087
HKDS2004_Fast_IsoWater_20180718_134754	818	1	449.375	-19.4603	-36.5706	-283.6743
HKDS2004_Fast_IsoWater_20180718_134754	818	2	449.400	-19.6388	-36.8226	-286.2343
HKDS2004_Fast_IsoWater_20180718_134754	818	3	449.425	-19.7039	-37.0922	-288.6781
HKDS2004_Fast_IsoWater_20180718_134754	818	4	449.450	-19.8996	-37.4929	-291.7535
HKDS2004_Fast_IsoWater_20180718_134754	818	5	449.475	-19.9787	-37.6308	-293.8141
HKDS2004_Fast_IsoWater_20180718_134754	818	6	449.500	-20.1792	-37.9345	-296.5598
HKDS2004_Fast_IsoWater_20180718_134754	818	7	449.525	-20.2315	-38.1103	-298.1083
HKDS2004_Fast_IsoWater_20180718_134754	818	8	449.550	-20.2506	-38.1231	-298.2666
HKDS2004_Fast_IsoWater_20180718_134754	818	9	449.575	-20.1365	-37.9364	-296.6582
HKDS2004_Fast_IsoWater_20180718_134754	818	10	449.600	-20.0023	-37.6347	-293.8708
HKDS2004_Fast_IsoWater_20180718_134754	818	11	449.625	-19.7679	-37.2439	-289.9212
HKDS2004_Fast_IsoWater_20180718_134754	818	12	449.650	-19.3551	-36.4559	-283.6581
HKDS2004_Fast_IsoWater_20180718_134754	818	13	449.675	-19.1122	-36.0105	-279.2849
HKDS2004_Fast_IsoWater_20180718_134754	818	14	449.700	-18.9149	-35.5519	-274.8044
HKDS2004_Fast_IsoWater_20180718_134754	818	15	449.725	-18.7695	-35.2052	-271.6293
HKDS2004_Fast_IsoWater_20180718_134754	818	16	449.750	-18.6107	-35.0226	-270.1468
HKDS2004_Fast_IsoWater_20180718_134754	818	17	449.775	-18.6726	-35.1496	-271.5201
HKDS2004_Fast_IsoWater_20180718_134754	818	18	449.800	-18.7590	-35.3350	-274.2339
HKDS2004_Fast_IsoWater_20180718_134754	818	19	449.825	-18.8792	-35.6123	-276.4108
HKDS2004_Fast_IsoWater_20180718_134754	818	20	449.850	-19.1001	-35.8402	-277.6892
HKDS2004_Fast_IsoWater_20180718_134754	818	21	449.875	-19.0806	-35.9578	-279.1852
HKDS2004_Fast_IsoWater_20180718_134754	818	22	449.900	-19.2601	-36.1516	-280.4235
HKDS2004_Fast_IsoWater_20180718_134754	819	1	449.925	-19.2238	-36.1471	-280.4690
HKDS2004_Fast_IsoWater_20180718_134754	819	2	449.950	-19.2139	-36.1480	-280.0996
HKDS2004_Fast_IsoWater_20180718_134754	819	3	449.975	-19.1454	-36.0555	-279.5368
HKDS2004_Fast_IsoWater_20180718_134754	819	4	450.000	-19.1049	-35.9671	-278.7524
HKDS2004_Fast_IsoWater_20180718_134754	819	5	450.025	-19.1434	-35.9449	-278.5052
HKDS2004_Fast_IsoWater_20180718_134754	819	6	450.050	-19.1339	-35.9780	-279.0651
HKDS2004_Fast_IsoWater_20180718_134754	819	7	450.075	-19.1654	-36.1394	-280.1130
HKDS2004_Fast_IsoWater_20180718_134754	819	8	450.100	-19.3908	-36.4627	-282.7911
HKDS2004_Fast_IsoWater_20180718_134754	819	9	450.125	-19.6659	-36.9518	-286.9159
HKDS2004_Fast_IsoWater_20180718_134754	819	10	450.150	-19.8400	-37.3262	-290.8378
HKDS2004_Fast_IsoWater_20180718_134754	819	11	450.175	-20.1014	-37.8866	-295.0903
HKDS2004_Fast_IsoWater_20180718_134754	819	12	450.200	-20.3351	-38.2478	-297.8003
HKDS2004_Fast_IsoWater_20180718_134754	819	13	450.225	-20.4294	-38.4124	-299.0061
HKDS2004_Fast_IsoWater_20180718_134754	819	14	450.250	-20.4683	-38.4766	-298.8877
HKDS2004_Fast_IsoWater_20180718_134754	819	15	450.275	-20.3236	-38.2417	-297.9118
HKDS2004_Fast_IsoWater_20180718_134754	819	16	450.300	-20.1993	-38.0508	-296.2098
HKDS2004_Fast_IsoWater_20180718_134754	819	17	450.325	-20.0842	-37.8085	-294.2864
HKDS2004_Fast_IsoWater_20180718_134754	819	18	450.350	-19.8990	-37.5241	-291.6213
HKDS2004_Fast_IsoWater_20180718_134754	819	19	450.375	-19.7501	-37.2082	-289.3279
HKDS2004_Fast_IsoWater_20180718_134754	819	20	450.400	-19.5579	-36.8605	-286.8892
HKDS2004_Fast_IsoWater_20180718_134754	819	21	450.425	-19.4574	-36.6886	-284.3263
HKDS2004_Fast_IsoWater_20180718_134754	819	22	450.450	-19.2136	-36.2113	-280.9843
HKDS2004_Fast_IsoWater_20180718_134754	820	1	450.475	-19.0344	-35.8222	-277.8839
HKDS2004_Fast_IsoWater_20180718_134754	820	2	450.500	-18.9044	-35.5336	-275.6172
HKDS2004_Fast_IsoWater_20180718_134754	820	3	450.525	-18.7657	-35.3119	-274.3075
HKDS2004_Fast_IsoWater_20180718_134754	820	4	450.550	-18.7332	-35.2238	-273.5737
HKDS2004_Fast_IsoWater_20180718_134754	820	5	450.575	-18.6455	-35.1341	-273.3896
HKDS2004_Fast_IsoWater_20180718_134754	820	6	450.600	-18.7147	-35.1904	-273.1103
HKDS2004_Fast_IsoWater_20180719_081901	820	7	450.625	-18.6667	-35.1917	-272.8839
HKDS2004_Fast_IsoWater_20180719_081901	820	8	450.650	-18.7571	-35.2882	-273.4034
HKDS2004_Fast_IsoWater_20180719_081901	820	9	450.675	-18.8911	-35.5122	-274.6129
HKDS2004_Fast_IsoWater_20180719_081901	820	10	450.700	-19.0260	-35.6530	-276.4653
HKDS2004_Fast_IsoWater_20180719_081901	820	11	450.725	-18.9949	-35.7939	-277.8436
HKDS2004_Fast_IsoWater_20180719_081901	820	12	450.750	-19.0755	-35.8705	-278.7956
HKDS2004_Fast_IsoWater_20180719_081901	820	13	450.775	-19.0009	-35.8465	-278.5864
HKDS2004_Fast_IsoWater_20180719_081901	820	14	450.800	-18.9866	-35.7268	-277.2812
HKDS2004_Fast_IsoWater_20180719_081901	820	15	450.825	-18.8238	-35.4057	-274.6663
HKDS2004_Fast_IsoWater_20180719_081901	820	16	450.850	-18.7079	-35.1423	-272.1351
HKDS2004_Fast_IsoWater_20180719_081901	820	17	450.875	-18.5251	-34.8519	-268.9501
HKDS2004_Fast_IsoWater_20180719_081901	820	18	450.900	-18.4753	-34.6671	-267.0742
HKDS2004_Fast_IsoWater_20180719_081901	820	19	450.925	-18.3658	-34.5189	-265.8819
HKDS2004_Fast_IsoWater_20180719_081901	820	20	450.950	-18.4093	-34.4926	-265.3792
HKDS2004_Fast_IsoWater_20180719_081901	820	21	450.975	-18.3753	-34.5757	-266.4164
HKDS2004_Fast_IsoWater_20180719_081901	820	22	451.000	-18.4321	-34.6915	-267.4109
