Run_ID	Bag	sample	Depth	d17	d18	dD
HKDS2004_Fast_IsoWater_20181031_090617	2201	1	1210.025	-19.2498	-36.2222	-284.6305
HKDS2004_Fast_IsoWater_20181031_090618	2201	2	1210.050	-19.6444	-37.0061	-291.5667
HKDS2004_Fast_IsoWater_20181031_090619	2201	3	1210.075	-19.6602	-37.0148	-291.0650
HKDS2004_Fast_IsoWater_20181031_090620	2201	4	1210.100	-19.6602	-36.9566	-288.5766
HKDS2004_Fast_IsoWater_20181031_090621	2201	5	1210.125	-19.6387	-37.0157	-289.2801
HKDS2004_Fast_IsoWater_20181031_090622	2201	6	1210.150	-19.6893	-37.0666	-289.7786
HKDS2004_Fast_IsoWater_20181031_090623	2201	7	1210.175	-19.6511	-36.9803	-289.0599
HKDS2004_Fast_IsoWater_20181031_090624	2201	8	1210.200	-19.5214	-36.7316	-286.7026
HKDS2004_Fast_IsoWater_20181031_090625	2201	9	1210.225	-19.4775	-36.5255	-284.1952
HKDS2004_Fast_IsoWater_20181031_090626	2201	10	1210.250	-19.2985	-36.3801	-283.7769
HKDS2004_Fast_IsoWater_20181031_090627	2201	11	1210.275	-19.3336	-36.3938	-284.3900
HKDS2004_Fast_IsoWater_20181031_090628	2201	12	1210.300	-19.2349	-36.2129	-282.6502
HKDS2004_Fast_IsoWater_20181031_090629	2201	13	1210.325	-19.0885	-35.9537	-280.9948
HKDS2004_Fast_IsoWater_20181031_090630	2201	14	1210.350	-19.0496	-35.9166	-280.5359
HKDS2004_Fast_IsoWater_20181031_090631	2201	15	1210.375	-18.9566	-35.6696	-278.3633
HKDS2004_Fast_IsoWater_20181031_090632	2201	16	1210.400	-18.7093	-35.1755	-273.8727
HKDS2004_Fast_IsoWater_20181031_090633	2201	17	1210.425	-18.5955	-34.9741	-272.0351
HKDS2004_Fast_IsoWater_20181031_090634	2201	18	1210.450	-18.7713	-35.2736	-275.6065
HKDS2004_Fast_IsoWater_20181031_090635	2201	19	1210.475	-18.9272	-35.7233	-279.9971
HKDS2004_Fast_IsoWater_20181031_090636	2201	20	1210.500	-18.9917	-35.8297	-280.1948
HKDS2004_Fast_IsoWater_20181031_090637	2201	21	1210.525	-19.0758	-35.9502	-279.4415
HKDS2004_Fast_IsoWater_20181031_090638	2201	22	1210.550	-19.3813	-36.4427	-283.1176
HKDS2004_Fast_IsoWater_20181031_090639	2202	1	1210.575	-19.8845	-37.3242	-291.3163
HKDS2004_Fast_IsoWater_20181031_090640	2202	2	1210.600	-20.3111	-38.2200	-299.8711
HKDS2004_Fast_IsoWater_20181031_090641	2202	3	1210.625	-20.3500	-38.3488	-300.7437
HKDS2004_Fast_IsoWater_20181031_090642	2202	4	1210.650	-20.0252	-37.6527	-294.7655
HKDS2004_Fast_IsoWater_20181031_090643	2202	5	1210.675	-19.4031	-36.6201	-286.4465
HKDS2004_Fast_IsoWater_20181031_090644	2202	6	1210.700	-19.1169	-35.9109	-279.6037
HKDS2004_Fast_IsoWater_20181031_090645	2202	7	1210.725	-18.9000	-35.4897	-276.7602
HKDS2004_Fast_IsoWater_20181031_090646	2202	8	1210.750	-18.9152	-35.5894	-278.0704
HKDS2004_Fast_IsoWater_20181031_090647	2202	9	1210.775	-19.0686	-35.8649	-280.4325
HKDS2004_Fast_IsoWater_20181031_090648	2202	10	1210.800	-19.2842	-36.2436	-283.6786
HKDS2004_Fast_IsoWater_20181031_090649	2202	11	1210.825	-19.3709	-36.5140	-286.0724
HKDS2004_Fast_IsoWater_20181031_090650	2202	12	1210.850	-19.2504	-36.3324	-283.9740
HKDS2004_Fast_IsoWater_20181031_090651	2202	13	1210.875	-19.1014	-35.9550	-279.5434
HKDS2004_Fast_IsoWater_20181031_090652	2202	14	1210.900	-18.9531	-35.7540	-277.0477
HKDS2004_Fast_IsoWater_20181031_090653	2202	15	1210.925	-19.1230	-35.9214	-279.9851
HKDS2004_Fast_IsoWater_20181031_090654	2202	16	1210.950	-19.4237	-36.6236	-286.9428
HKDS2004_Fast_IsoWater_20181031_090655	2202	17	1210.975	-19.6976	-37.1554	-292.2939
HKDS2004_Fast_IsoWater_20181031_090656	2202	18	1211.000	-20.1090	-37.7409	-296.0992
HKDS2004_Fast_IsoWater_20181031_090657	2202	19	1211.025	-20.1394	-37.8898	-297.7241
HKDS2004_Fast_IsoWater_20181031_090658	2202	20	1211.050	-20.0723	-37.7818	-296.0475
HKDS2004_Fast_IsoWater_20181031_090659	2202	21	1211.075	-19.8693	-37.3468	-292.3974
HKDS2004_Fast_IsoWater_20181031_090660	2202	22	1211.100	-19.6988	-37.0736	-289.3448
HKDS2004_Fast_IsoWater_20181031_090661	2203	1	1211.125	-19.4367	-36.6472	-286.6388
HKDS2004_Fast_IsoWater_20181031_090662	2203	2	1211.150	-19.4455	-36.5951	-285.9268
HKDS2004_Fast_IsoWater_20181031_090663	2203	3	1211.175	-19.4854	-36.7863	-288.4640
HKDS2004_Fast_IsoWater_20181031_090664	2203	4	1211.200	-19.7750	-37.2478	-292.7182
HKDS2004_Fast_IsoWater_20181031_090665	2203	5	1211.225	-20.0018	-37.6393	-295.2443
HKDS2004_Fast_IsoWater_20181031_090666	2203	6	1211.250	-19.8822	-37.3031	-292.1331
HKDS2004_Fast_IsoWater_20181031_090667	2203	7	1211.275	-19.5306	-36.7875	-286.0080
HKDS2004_Fast_IsoWater_20181031_090668	2203	8	1211.300	-19.3750	-36.4389	-282.6851
HKDS2004_Fast_IsoWater_20181031_090669	2203	9	1211.325	-19.3829	-36.5654	-284.8891
HKDS2004_Fast_IsoWater_20181102_082940	2203	10	1211.350	-19.5557	-36.7820	-287.3272
HKDS2004_Fast_IsoWater_20181102_082940	2203	11	1211.375	-19.4287	-36.5620	-285.6074
HKDS2004_Fast_IsoWater_20181102_082940	2203	12	1211.400	-19.1750	-36.0768	-281.3084
HKDS2004_Fast_IsoWater_20181102_082940	2203	13	1211.425	-19.1925	-36.0149	-280.0834
HKDS2004_Fast_IsoWater_20181102_082940	2203	14	1211.450	-19.3176	-36.3240	-284.6310
HKDS2004_Fast_IsoWater_20181102_082940	2203	15	1211.475	-19.4954	-36.6198	-287.5945
HKDS2004_Fast_IsoWater_20181102_082940	2203	16	1211.500	-19.4909	-36.5604	-286.0731
HKDS2004_Fast_IsoWater_20181102_082940	2203	17	1211.525	-19.3836	-36.4968	-285.3424
HKDS2004_Fast_IsoWater_20181102_082940	2203	18	1211.550	-19.6970	-36.9353	-288.9553
HKDS2004_Fast_IsoWater_20181102_082940	2203	19	1211.575	-19.9995	-37.6546	-296.1960
HKDS2004_Fast_IsoWater_20181102_082940	2203	20	1211.600	-20.3735	-38.2018	-301.4559
HKDS2004_Fast_IsoWater_20181102_082940	2203	21	1211.625	-20.2957	-38.1449	-300.5175
HKDS2004_Fast_IsoWater_20181102_082940	2203	22	1211.650	-20.0687	-37.7163	-296.3730
HKDS2004_Fast_IsoWater_20181102_082940	2204	1	1211.675	-19.9147	-37.4400	-293.0504
HKDS2004_Fast_IsoWater_20181102_082940	2204	2	1211.700	-19.8220	-37.2745	-291.2517
HKDS2004_Fast_IsoWater_20181102_082940	2204	3	1211.725	-19.7871	-37.2020	-291.6725
HKDS2004_Fast_IsoWater_20181102_082940	2204	4	1211.750	-19.7325	-37.0883	-292.5140
HKDS2004_Fast_IsoWater_20181102_082940	2204	5	1211.775	-19.6633	-36.9666	-291.5626
HKDS2004_Fast_IsoWater_20181102_082940	2204	6	1211.800	-19.4919	-36.5735	-288.6155
HKDS2004_Fast_IsoWater_20181102_082940	2204	7	1211.825	-19.3182	-36.3279	-285.3835
HKDS2004_Fast_IsoWater_20181102_082940	2204	8	1211.850	-19.3706	-36.3560	-285.5298
HKDS2004_Fast_IsoWater_20181102_082940	2204	9	1211.875	-19.4093	-36.6153	-288.0855
HKDS2004_Fast_IsoWater_20181102_082940	2204	10	1211.900	-19.6966	-36.9606	-290.8892
HKDS2004_Fast_IsoWater_20181102_082940	2204	11	1211.925	-19.6652	-36.9261	-291.6218
HKDS2004_Fast_IsoWater_20181102_082940	2204	12	1211.950	-19.3935	-36.4911	-287.3209
HKDS2004_Fast_IsoWater_20181102_082940	2204	13	1211.975	-18.9557	-35.6852	-279.0312
HKDS2004_Fast_IsoWater_20181102_082940	2204	14	1212.000	-18.7369	-35.2183	-274.4821
HKDS2004_Fast_IsoWater_20181102_082940	2204	15	1212.025	-18.8160	-35.3684	-275.8844
HKDS2004_Fast_IsoWater_20181102_082940	2204	16	1212.050	-19.2211	-36.1410	-281.8260
HKDS2004_Fast_IsoWater_20181102_082940	2204	17	1212.075	-19.5544	-36.7242	-287.5432
HKDS2004_Fast_IsoWater_20181102_082940	2204	18	1212.100	-19.8925	-37.3375	-292.8240
HKDS2004_Fast_IsoWater_20181102_082940	2204	19	1212.125	-20.0576	-37.7463	-295.9037
HKDS2004_Fast_IsoWater_20181102_082940	2204	20	1212.150	-20.2236	-38.0970	-298.0887
HKDS2004_Fast_IsoWater_20181102_082940	2204	21	1212.175	-20.5494	-38.5547	-302.5197
HKDS2004_Fast_IsoWater_20181102_082940	2204	22	1212.200	-20.7878	-39.0507	-306.9486
HKDS2004_Fast_IsoWater_20181102_082940	2205	1	1212.225	-20.7487	-39.0533	-307.4732
HKDS2004_Fast_IsoWater_20181102_082940	2205	2	1212.250	-20.3503	-38.2624	-299.8405
HKDS2004_Fast_IsoWater_20181102_082940	2205	3	1212.275	-19.8392	-37.2653	-290.8182
HKDS2004_Fast_IsoWater_20181102_082940	2205	4	1212.300	-19.4649	-36.4668	-282.8598
HKDS2004_Fast_IsoWater_20181102_082940	2205	5	1212.325	-19.3157	-36.3758	-281.5746
HKDS2004_Fast_IsoWater_20181102_082940	2205	6	1212.350	-19.5363	-36.7721	-286.3004
HKDS2004_Fast_IsoWater_20181102_082940	2205	7	1212.375	-19.5770	-36.7571	-286.1995
HKDS2004_Fast_IsoWater_20181102_082940	2205	8	1212.400	-19.3506	-36.4317	-283.6298
HKDS2004_Fast_IsoWater_20181102_082940	2205	9	1212.425	-19.4500	-36.5521	-284.8133
HKDS2004_Fast_IsoWater_20181102_082940	2205	10	1212.450	-19.7166	-36.9657	-289.2747
HKDS2004_Fast_IsoWater_20181102_082940	2205	11	1212.475	-19.8716	-37.4342	-293.7017
HKDS2004_Fast_IsoWater_20181102_082940	2205	12	1212.500	-20.0259	-37.6418	-295.4051
HKDS2004_Fast_IsoWater_20181102_082940	2205	13	1212.525	-19.8112	-37.3480	-293.2166
HKDS2004_Fast_IsoWater_20181102_082940	2205	14	1212.550	-19.6398	-36.9181	-289.3336
HKDS2004_Fast_IsoWater_20181102_082940	2205	15	1212.575	-19.3579	-36.4262	-284.0731
HKDS2004_Fast_IsoWater_20181102_082940	2205	16	1212.600	-19.2001	-36.1033	-280.5175
HKDS2004_Fast_IsoWater_20181102_082940	2205	17	1212.625	-19.2795	-36.3017	-282.2164
HKDS2004_Fast_IsoWater_20181102_082940	2205	18	1212.650	-19.6385	-36.8236	-287.0964
HKDS2004_Fast_IsoWater_20181103_173140	2205	19	1212.675	-19.6480	-37.0203	-289.5563
HKDS2004_Fast_IsoWater_20181103_173140	2205	20	1212.700	-19.4748	-36.7046	-286.4190
HKDS2004_Fast_IsoWater_20181103_173140	2205	21	1212.725	-19.2036	-36.1165	-280.0866
HKDS2004_Fast_IsoWater_20181103_173140	2205	22	1212.750	-18.9633	-35.6315	-276.4016
HKDS2004_Fast_IsoWater_20181103_173140	2206	1	1212.775	-18.9992	-35.8228	-278.1194
HKDS2004_Fast_IsoWater_20181103_173140	2206	2	1212.800	-19.2008	-36.0896	-281.4867
HKDS2004_Fast_IsoWater_20181103_173140	2206	3	1212.825	-19.4590	-36.6433	-286.7156
HKDS2004_Fast_IsoWater_20181103_173140	2206	4	1212.850	-19.8326	-37.3369	-293.3401
HKDS2004_Fast_IsoWater_20181103_173140	2206	5	1212.875	-20.2477	-38.0743	-299.6353
HKDS2004_Fast_IsoWater_20181103_173140	2206	6	1212.900	-20.3393	-38.2001	-300.7442
HKDS2004_Fast_IsoWater_20181103_173140	2206	7	1212.925	-20.1371	-37.8947	-297.2818
HKDS2004_Fast_IsoWater_20181103_173140	2206	8	1212.950	-19.8593	-37.3318	-292.7660
HKDS2004_Fast_IsoWater_20181103_173140	2206	9	1212.975	-19.7255	-36.9899	-288.9343
HKDS2004_Fast_IsoWater_20181103_173140	2206	10	1213.000	-19.4008	-36.4657	-284.6853
HKDS2004_Fast_IsoWater_20181103_173140	2206	11	1213.025	-19.2814	-36.2599	-282.0719
HKDS2004_Fast_IsoWater_20181103_173140	2206	12	1213.050	-19.3605	-36.4532	-284.7065
HKDS2004_Fast_IsoWater_20181103_173140	2206	13	1213.075	-19.7576	-37.1372	-290.7677
HKDS2004_Fast_IsoWater_20181103_173140	2206	14	1213.100	-19.9463	-37.6043	-295.1132
HKDS2004_Fast_IsoWater_20181103_173140	2206	15	1213.125	-20.1538	-38.0203	-297.8258
HKDS2004_Fast_IsoWater_20181103_173140	2206	16	1213.150	-20.3557	-38.3120	-300.6605
HKDS2004_Fast_IsoWater_20181103_173140	2206	17	1213.175	-20.5381	-38.6698	-303.6671
HKDS2004_Fast_IsoWater_20181103_173140	2206	18	1213.200	-20.5938	-38.8564	-305.1605
HKDS2004_Fast_IsoWater_20181103_173140	2206	19	1213.225	-20.5891	-38.6950	-303.7775
HKDS2004_Fast_IsoWater_20181103_173140	2206	20	1213.250	-20.3006	-38.2100	-300.4721
HKDS2004_Fast_IsoWater_20181103_173140	2206	21	1213.275	-19.9425	-37.5478	-294.0036
HKDS2004_Fast_IsoWater_20181103_173140	2206	22	1213.300	-19.3715	-36.4845	-284.1054
HKDS2004_Fast_IsoWater_20181103_173140	2207	1	1213.325	-19.1583	-36.0008	-279.1043
HKDS2004_Fast_IsoWater_20181103_173140	2207	2	1213.350	-19.0817	-35.8344	-278.6013
HKDS2004_Fast_IsoWater_20181103_173140	2207	3	1213.375	-19.3686	-36.4216	-283.2090
HKDS2004_Fast_IsoWater_20181103_173140	2207	4	1213.400	-19.7551	-37.2097	-291.1626
HKDS2004_Fast_IsoWater_20181103_173140	2207	5	1213.425	-20.1529	-37.9289	-297.0851
HKDS2004_Fast_IsoWater_20181103_173140	2207	6	1213.450	-20.3759	-38.2771	-299.9142
HKDS2004_Fast_IsoWater_20181103_173140	2207	7	1213.475	-20.3485	-38.2902	-301.3824
HKDS2004_Fast_IsoWater_20181103_173140	2207	8	1213.500	-20.1995	-38.0398	-299.5560
HKDS2004_Fast_IsoWater_20181103_173140	2207	9	1213.525	-19.7674	-37.2267	-292.3238
HKDS2004_Fast_IsoWater_20181103_173140	2207	10	1213.550	-19.4461	-36.5404	-284.6310
HKDS2004_Fast_IsoWater_20181103_173140	2207	11	1213.575	-19.1920	-36.1152	-281.7205
HKDS2004_Fast_IsoWater_20181103_173140	2207	12	1213.600	-19.4171	-36.4871	-284.7379
HKDS2004_Fast_IsoWater_20181103_173140	2207	13	1213.625	-19.7189	-37.1711	-291.5597
HKDS2004_Fast_IsoWater_20181103_173140	2207	14	1213.650	-19.8833	-37.4676	-294.5280
HKDS2004_Fast_IsoWater_20181103_173140	2207	15	1213.675	-19.8524	-37.4123	-293.6125
HKDS2004_Fast_IsoWater_20181103_173140	2207	16	1213.700	-19.8121	-37.2232	-291.6634
HKDS2004_Fast_IsoWater_20181103_173140	2207	17	1213.725	-19.7586	-37.1902	-291.2130
HKDS2004_Fast_IsoWater_20181103_173140	2207	18	1213.750	-19.8260	-37.2363	-292.2896
HKDS2004_Fast_IsoWater_20181103_173140	2207	19	1213.775	-19.7217	-37.0807	-291.1055
HKDS2004_Fast_IsoWater_20181103_173140	2207	20	1213.800	-19.4014	-36.5257	-285.2039
HKDS2004_Fast_IsoWater_20181103_173140	2207	21	1213.825	-19.1608	-36.0312	-279.6600
HKDS2004_Fast_IsoWater_20181103_173140	2207	22	1213.850	-19.0899	-35.8139	-278.3539
HKDS2004_Fast_IsoWater_20181103_173140	2208	1	1213.875	-19.2379	-36.2225	-281.4947
HKDS2004_Fast_IsoWater_20181103_173140	2208	2	1213.900	-19.5302	-36.6992	-284.9542
HKDS2004_Fast_IsoWater_20181103_173140	2208	3	1213.925	-19.7557	-37.1653	-289.0339
HKDS2004_Fast_IsoWater_20181103_173140	2208	4	1213.950	-20.1270	-37.7679	-295.3596
HKDS2004_Fast_IsoWater_20181103_173140	2208	5	1213.975	-20.1541	-37.8969	-296.2544
HKDS2004_Fast_IsoWater_20181105_075053	2208	6	1214.000	-19.8557	-37.4849	-292.4255
HKDS2004_Fast_IsoWater_20181105_075053	2208	7	1214.025	-19.7199	-37.1043	-288.4079
HKDS2004_Fast_IsoWater_20181105_075053	2208	8	1214.050	-19.6476	-36.9156	-286.1609
HKDS2004_Fast_IsoWater_20181105_075053	2208	9	1214.075	-19.6789	-37.0537	-288.1605
HKDS2004_Fast_IsoWater_20181105_075053	2208	10	1214.100	-20.1201	-37.8120	-295.3575
HKDS2004_Fast_IsoWater_20181105_075053	2208	11	1214.125	-20.3709	-38.3209	-300.8126
HKDS2004_Fast_IsoWater_20181105_075053	2208	12	1214.150	-20.3933	-38.4715	-302.2464
HKDS2004_Fast_IsoWater_20181105_075053	2208	13	1214.175	-20.3870	-38.3442	-300.3336
HKDS2004_Fast_IsoWater_20181105_075053	2208	14	1214.200	-20.2572	-38.1008	-297.6742
HKDS2004_Fast_IsoWater_20181105_075053	2208	15	1214.225	-20.1627	-37.9176	-295.8025
HKDS2004_Fast_IsoWater_20181105_075053	2208	16	1214.250	-20.1763	-38.0202	-296.6367
HKDS2004_Fast_IsoWater_20181105_075053	2208	17	1214.275	-20.2392	-38.0644	-298.0450
HKDS2004_Fast_IsoWater_20181105_075053	2208	18	1214.300	-20.1905	-37.9633	-297.2152
HKDS2004_Fast_IsoWater_20181105_075053	2208	19	1214.325	-20.1495	-37.8507	-296.4115
HKDS2004_Fast_IsoWater_20181105_075053	2208	20	1214.350	-20.1049	-37.8219	-296.2881
HKDS2004_Fast_IsoWater_20181105_075053	2208	21	1214.375	-20.1154	-37.7804	-295.7773
HKDS2004_Fast_IsoWater_20181105_075053	2208	22	1214.400	-20.0898	-37.6815	-294.6422
HKDS2004_Fast_IsoWater_20181105_075053	2209	1	1214.425	-20.0816	-37.8034	-295.4924
HKDS2004_Fast_IsoWater_20181105_075053	2209	2	1214.450	-20.2616	-38.1590	-298.6970
HKDS2004_Fast_IsoWater_20181105_075053	2209	3	1214.475	-20.5045	-38.5853	-301.9217
HKDS2004_Fast_IsoWater_20181105_075053	2209	4	1214.500	-20.5506	-38.6957	-302.3348
HKDS2004_Fast_IsoWater_20181105_075053	2209	5	1214.525	-20.7085	-38.8661	-302.8888
HKDS2004_Fast_IsoWater_20181105_075053	2209	6	1214.550	-20.8841	-39.3113	-307.6792
HKDS2004_Fast_IsoWater_20181105_075053	2209	7	1214.575	-21.0967	-39.6001	-310.9907
HKDS2004_Fast_IsoWater_20181105_075053	2209	8	1214.600	-20.9798	-39.4683	-308.7004
HKDS2004_Fast_IsoWater_20181105_075053	2209	9	1214.625	-20.5686	-38.7849	-303.0733
HKDS2004_Fast_IsoWater_20181105_075053	2209	10	1214.650	-20.4192	-38.5086	-300.7179
HKDS2004_Fast_IsoWater_20181105_075053	2209	11	1214.675	-20.4097	-38.4152	-300.9096
HKDS2004_Fast_IsoWater_20181105_075053	2209	12	1214.700	-20.3292	-38.3855	-300.6931
HKDS2004_Fast_IsoWater_20181105_075053	2209	13	1214.725	-20.4195	-38.4043	-299.6254
HKDS2004_Fast_IsoWater_20181105_075053	2209	14	1214.750	-20.3826	-38.3909	-299.4438
HKDS2004_Fast_IsoWater_20181105_075053	2209	15	1214.775	-20.5190	-38.5438	-301.3110
HKDS2004_Fast_IsoWater_20181105_075053	2209	16	1214.800	-20.7780	-39.1252	-307.5424
HKDS2004_Fast_IsoWater_20181105_075053	2209	17	1214.825	-21.0152	-39.5368	-311.2470
HKDS2004_Fast_IsoWater_20181105_075053	2209	18	1214.850	-20.8036	-39.2026	-308.3538
HKDS2004_Fast_IsoWater_20181105_075053	2209	19	1214.875	-20.4236	-38.4360	-300.7710
HKDS2004_Fast_IsoWater_20181105_075053	2209	20	1214.900	-19.9224	-37.5178	-292.2839
HKDS2004_Fast_IsoWater_20181105_075053	2209	21	1214.925	-19.6207	-36.8542	-286.1985
HKDS2004_Fast_IsoWater_20181105_075053	2209	22	1214.950	-19.5209	-36.6908	-286.3073
HKDS2004_Fast_IsoWater_20181105_075053	2210	1	1214.975	-19.8380	-37.3864	-292.5078
HKDS2004_Fast_IsoWater_20181105_075053	2210	2	1215.000	-20.0601	-37.7289	-297.3078
HKDS2004_Fast_IsoWater_20181105_075053	2210	3	1215.025	-19.9931	-37.6739	-295.4918
HKDS2004_Fast_IsoWater_20181105_075053	2210	4	1215.050	-19.7496	-37.1967	-291.2602
HKDS2004_Fast_IsoWater_20181105_075053	2210	5	1215.075	-19.5727	-36.8382	-287.7235
HKDS2004_Fast_IsoWater_20181105_075053	2210	6	1215.100	-19.4363	-36.4240	-284.6929
HKDS2004_Fast_IsoWater_20181105_075053	2210	7	1215.125	-19.1526	-36.0598	-280.9609
HKDS2004_Fast_IsoWater_20181105_075053	2210	8	1215.150	-19.1110	-35.9450	-279.8249
HKDS2004_Fast_IsoWater_20181105_075053	2210	9	1215.175	-19.1523	-36.1244	-282.5578
HKDS2004_Fast_IsoWater_20181105_075053	2210	10	1215.200	-19.3314	-36.4026	-285.3149
HKDS2004_Fast_IsoWater_20181105_075053	2210	11	1215.225	-19.4527	-36.6588	-286.8937
HKDS2004_Fast_IsoWater_20181105_075053	2210	12	1215.250	-19.6378	-37.0419	-290.3315
HKDS2004_Fast_IsoWater_20181105_075053	2210	13	1215.275	-19.8782	-37.4900	-294.8054
HKDS2004_Fast_IsoWater_20181105_075053	2210	14	1215.300	-19.8962	-37.4548	-295.1187
HKDS2004_Fast_IsoWater_20181106_121722	2210	15	1215.325	-19.6878	-37.1121	-291.8983
HKDS2004_Fast_IsoWater_20181106_121722	2210	16	1215.350	-19.4648	-36.6675	-287.7340
HKDS2004_Fast_IsoWater_20181106_121722	2210	17	1215.375	-19.1564	-36.0438	-283.0919
HKDS2004_Fast_IsoWater_20181106_121722	2210	18	1215.400	-19.0407	-35.7780	-280.0319
HKDS2004_Fast_IsoWater_20181106_121722	2210	19	1215.425	-18.9308	-35.6966	-279.1822
HKDS2004_Fast_IsoWater_20181106_121722	2210	20	1215.450	-19.1793	-36.0201	-282.0503
HKDS2004_Fast_IsoWater_20181106_121722	2210	21	1215.475	-19.3209	-36.3444	-285.0436
HKDS2004_Fast_IsoWater_20181106_121722	2210	22	1215.500	-19.5261	-36.6502	-286.9145
HKDS2004_Fast_IsoWater_20181106_121722	2211	1	1215.525	-19.7396	-37.1150	-291.4658
HKDS2004_Fast_IsoWater_20181106_121722	2211	2	1215.550	-20.0824	-37.8088	-296.9093
HKDS2004_Fast_IsoWater_20181106_121722	2211	3	1215.575	-20.4080	-38.3615	-302.4608
HKDS2004_Fast_IsoWater_20181106_121722	2211	4	1215.600	-20.6072	-38.7344	-305.6016
HKDS2004_Fast_IsoWater_20181106_121722	2211	5	1215.625	-20.4077	-38.4798	-302.3979
HKDS2004_Fast_IsoWater_20181106_121722	2211	6	1215.650	-20.1087	-37.7825	-295.5223
HKDS2004_Fast_IsoWater_20181106_121722	2211	7	1215.675	-19.7765	-37.0684	-288.8046
HKDS2004_Fast_IsoWater_20181106_121722	2211	8	1215.700	-19.4356	-36.6592	-286.1297
HKDS2004_Fast_IsoWater_20181106_121722	2211	9	1215.725	-19.6214	-36.9250	-288.5815
HKDS2004_Fast_IsoWater_20181106_121722	2211	10	1215.750	-20.0636	-37.8284	-296.7555
HKDS2004_Fast_IsoWater_20181106_121722	2211	11	1215.775	-20.4915	-38.5328	-302.5158
HKDS2004_Fast_IsoWater_20181106_121722	2211	12	1215.800	-20.6821	-38.9118	-305.8586
HKDS2004_Fast_IsoWater_20181106_121722	2211	13	1215.825	-20.6405	-38.8167	-304.4541
HKDS2004_Fast_IsoWater_20181106_121722	2211	14	1215.850	-20.4413	-38.4441	-300.7621
HKDS2004_Fast_IsoWater_20181106_121722	2211	15	1215.875	-20.2628	-38.2300	-298.7091
HKDS2004_Fast_IsoWater_20181106_121722	2211	16	1215.900	-20.2787	-38.2110	-299.5013
HKDS2004_Fast_IsoWater_20181106_121722	2211	17	1215.925	-20.0849	-37.8599	-296.1889
HKDS2004_Fast_IsoWater_20181106_121722	2211	18	1215.950	-19.7136	-37.1276	-289.6825
HKDS2004_Fast_IsoWater_20181106_121722	2211	19	1215.975	-19.3270	-36.3325	-283.8091
HKDS2004_Fast_IsoWater_20181106_121722	2211	20	1216.000	-19.0230	-35.7339	-279.3941
HKDS2004_Fast_IsoWater_20181106_121722	2211	21	1216.025	-18.8953	-35.5536	-277.6693
HKDS2004_Fast_IsoWater_20181106_121722	2211	22	1216.050	-18.8498	-35.5002	-277.6509
HKDS2004_Fast_IsoWater_20181106_121722	2212	1	1216.075	-18.9728	-35.7178	-278.8718
HKDS2004_Fast_IsoWater_20181106_121722	2212	2	1216.100	-19.3915	-36.4126	-284.9142
HKDS2004_Fast_IsoWater_20181106_121722	2212	3	1216.125	-19.8082	-37.2610	-292.5071
HKDS2004_Fast_IsoWater_20181106_121722	2212	4	1216.150	-20.2650	-38.1399	-299.7885
HKDS2004_Fast_IsoWater_20181106_121722	2212	5	1216.175	-20.5560	-38.6238	-303.4151
HKDS2004_Fast_IsoWater_20181106_121722	2212	6	1216.200	-20.5926	-38.7395	-303.2746
HKDS2004_Fast_IsoWater_20181106_121722	2212	7	1216.225	-20.5020	-38.6283	-302.4612
HKDS2004_Fast_IsoWater_20181106_121722	2212	8	1216.250	-20.5598	-38.5933	-302.3983
HKDS2004_Fast_IsoWater_20181106_121722	2212	9	1216.275	-20.5681	-38.6437	-302.9489
HKDS2004_Fast_IsoWater_20181106_121722	2212	10	1216.300	-20.4413	-38.4547	-302.2810
HKDS2004_Fast_IsoWater_20181106_121722	2212	11	1216.325	-20.1049	-37.7686	-296.9036
HKDS2004_Fast_IsoWater_20181106_121722	2212	12	1216.350	-19.6732	-36.9549	-290.6577
HKDS2004_Fast_IsoWater_20181106_121722	2212	13	1216.375	-19.4782	-36.6965	-287.6339
HKDS2004_Fast_IsoWater_20181106_121722	2212	14	1216.400	-19.4343	-36.6183	-288.1029
HKDS2004_Fast_IsoWater_20181106_121722	2212	15	1216.425	-19.5811	-36.7698	-289.8389
HKDS2004_Fast_IsoWater_20181106_121722	2212	16	1216.450	-19.5938	-36.8331	-290.6132
HKDS2004_Fast_IsoWater_20181106_121722	2212	17	1216.475	-19.2984	-36.3528	-286.9952
HKDS2004_Fast_IsoWater_20181106_121722	2212	18	1216.500	-18.9645	-35.6564	-279.9264
HKDS2004_Fast_IsoWater_20181106_121722	2212	19	1216.525	-18.7831	-35.3160	-276.0840
HKDS2004_Fast_IsoWater_20181106_121722	2212	20	1216.550	-18.7145	-35.2356	-276.4419
HKDS2004_Fast_IsoWater_20181106_121722	2212	21	1216.575	-18.8806	-35.4758	-277.9051
HKDS2004_Fast_IsoWater_20181106_121722	2212	22	1216.600	-18.9032	-35.5610	-278.1460
HKDS2004_Fast_IsoWater_20181106_121722	2213	1	1216.625	-18.9121	-35.5619	-277.5766
HKDS2004_Fast_IsoWater_20181107_084818	2213	2	1216.650	-18.9116	-35.6039	-276.7147
HKDS2004_Fast_IsoWater_20181107_084818	2213	3	1216.675	-19.0261	-35.8437	-278.5242
HKDS2004_Fast_IsoWater_20181107_084818	2213	4	1216.700	-19.2630	-36.2431	-282.1090
HKDS2004_Fast_IsoWater_20181107_084818	2213	5	1216.725	-19.5031	-36.6331	-286.1227
HKDS2004_Fast_IsoWater_20181107_084818	2213	6	1216.750	-19.6677	-37.0110	-289.6738
HKDS2004_Fast_IsoWater_20181107_084818	2213	7	1216.775	-19.7308	-37.1387	-290.1927
HKDS2004_Fast_IsoWater_20181107_084818	2213	8	1216.800	-19.7942	-37.1796	-290.5941
HKDS2004_Fast_IsoWater_20181107_084818	2213	9	1216.825	-19.8344	-37.3946	-292.5983
HKDS2004_Fast_IsoWater_20181107_084818	2213	10	1216.850	-20.0921	-37.8828	-296.5079
HKDS2004_Fast_IsoWater_20181107_084818	2213	11	1216.875	-20.4814	-38.6192	-302.7241
HKDS2004_Fast_IsoWater_20181107_084818	2213	12	1216.900	-20.8570	-39.2921	-308.4864
HKDS2004_Fast_IsoWater_20181107_084818	2213	13	1216.925	-20.9306	-39.4659	-310.1990
HKDS2004_Fast_IsoWater_20181107_084818	2213	14	1216.950	-20.7062	-38.9816	-306.5895
HKDS2004_Fast_IsoWater_20181107_084818	2213	15	1216.975	-20.2053	-38.0421	-298.1142
HKDS2004_Fast_IsoWater_20181107_084818	2213	16	1217.000	-19.6064	-36.9540	-289.2242
HKDS2004_Fast_IsoWater_20181107_084818	2213	17	1217.025	-19.2930	-36.2952	-283.5742
HKDS2004_Fast_IsoWater_20181107_084818	2213	18	1217.050	-19.2203	-36.1629	-282.1916
HKDS2004_Fast_IsoWater_20181107_084818	2213	19	1217.075	-19.1849	-36.1324	-282.4326
HKDS2004_Fast_IsoWater_20181107_084818	2213	20	1217.100	-19.4078	-36.5302	-285.6248
HKDS2004_Fast_IsoWater_20181107_084818	2213	21	1217.125	-19.6877	-37.0847	-291.1947
HKDS2004_Fast_IsoWater_20181107_084818	2213	22	1217.150	-20.0656	-37.7129	-296.6359
HKDS2004_Fast_IsoWater_20181107_084818	2214	1	1217.175	-20.2690	-38.1487	-300.4995
HKDS2004_Fast_IsoWater_20181107_084818	2214	2	1217.200	-20.2199	-38.0428	-298.8973
HKDS2004_Fast_IsoWater_20181107_084818	2214	3	1217.225	-19.9148	-37.4348	-293.0229
HKDS2004_Fast_IsoWater_20181107_084818	2214	4	1217.250	-19.4410	-36.5691	-285.7337
HKDS2004_Fast_IsoWater_20181107_084818	2214	5	1217.275	-19.1020	-35.9325	-280.8044
HKDS2004_Fast_IsoWater_20181107_084818	2214	6	1217.300	-18.7997	-35.4688	-277.5903
HKDS2004_Fast_IsoWater_20181107_084818	2214	7	1217.325	-18.6649	-35.1781	-274.6969
HKDS2004_Fast_IsoWater_20181107_084818	2214	8	1217.350	-18.5603	-34.9261	-271.9899
HKDS2004_Fast_IsoWater_20181107_084818	2214	9	1217.375	-18.6578	-35.0861	-273.5876
HKDS2004_Fast_IsoWater_20181107_084818	2214	10	1217.400	-18.9212	-35.6886	-279.4296
HKDS2004_Fast_IsoWater_20181107_084818	2214	11	1217.425	-19.1014	-36.0625	-282.6396
HKDS2004_Fast_IsoWater_20181107_084818	2214	12	1217.450	-18.9416	-35.7339	-279.2458
HKDS2004_Fast_IsoWater_20181107_084818	2214	13	1217.475	-18.6690	-35.1669	-274.0443
HKDS2004_Fast_IsoWater_20181107_084818	2214	14	1217.500	-18.3476	-34.6172	-270.6574
HKDS2004_Fast_IsoWater_20181107_084818	2214	15	1217.525	-18.1990	-34.2545	-267.7024
HKDS2004_Fast_IsoWater_20181107_084818	2214	16	1217.550	-18.2567	-34.2664	-267.5938
HKDS2004_Fast_IsoWater_20181107_084818	2214	17	1217.575	-18.3505	-34.6983	-271.8146
HKDS2004_Fast_IsoWater_20181107_084818	2214	18	1217.600	-18.8861	-35.5141	-278.1447
HKDS2004_Fast_IsoWater_20181107_084818	2214	19	1217.625	-19.2130	-36.1935	-283.3116
HKDS2004_Fast_IsoWater_20181107_084818	2214	20	1217.650	-19.2519	-36.3647	-284.9344
HKDS2004_Fast_IsoWater_20181107_084818	2214	21	1217.675	-19.0204	-35.7771	-279.5598
HKDS2004_Fast_IsoWater_20181107_084818	2214	22	1217.700	-18.6999	-35.1817	-273.2713
HKDS2004_Fast_IsoWater_20181107_084818	2215	1	1217.725	-18.6639	-35.1208	-272.2310
HKDS2004_Fast_IsoWater_20181107_084818	2215	2	1217.750	-18.9289	-35.7034	-278.0285
HKDS2004_Fast_IsoWater_20181107_084818	2215	3	1217.775	-19.3204	-36.4182	-283.8871
HKDS2004_Fast_IsoWater_20181107_084818	2215	4	1217.800	-19.3042	-36.3557	-283.6219
HKDS2004_Fast_IsoWater_20181107_084818	2215	5	1217.825	-18.9681	-35.7738	-278.5763
HKDS2004_Fast_IsoWater_20181107_084818	2215	6	1217.850	-18.6610	-35.2190	-273.5320
HKDS2004_Fast_IsoWater_20181107_084818	2215	7	1217.875	-18.5756	-34.9641	-271.8054
HKDS2004_Fast_IsoWater_20181107_084818	2215	8	1217.900	-18.8045	-35.3902	-275.8293
HKDS2004_Fast_IsoWater_20181107_084818	2215	9	1217.925	-19.1728	-36.1443	-283.1274
HKDS2004_Fast_IsoWater_20181107_084818	2215	10	1217.950	-19.4145	-36.5816	-287.2057
HKDS2004_Fast_IsoWater_20181108_072225	2215	11	1217.975	-19.3977	-36.5625	-287.2689
HKDS2004_Fast_IsoWater_20181108_072225	2215	12	1218.000	-19.0707	-35.9733	-282.3265
HKDS2004_Fast_IsoWater_20181108_072225	2215	13	1218.025	-18.6577	-35.2517	-277.1833
HKDS2004_Fast_IsoWater_20181108_072225	2215	14	1218.050	-18.5212	-34.9373	-274.6408
HKDS2004_Fast_IsoWater_20181108_072225	2215	15	1218.075	-18.4577	-34.7445	-273.0100
HKDS2004_Fast_IsoWater_20181108_072225	2215	16	1218.100	-18.5398	-34.8265	-273.4831
HKDS2004_Fast_IsoWater_20181108_072225	2215	17	1218.125	-18.6593	-35.1116	-275.0990
HKDS2004_Fast_IsoWater_20181108_072225	2215	18	1218.150	-18.6807	-35.2667	-276.6934
HKDS2004_Fast_IsoWater_20181108_072225	2215	19	1218.175	-18.9927	-35.7566	-279.9637
HKDS2004_Fast_IsoWater_20181108_072225	2215	20	1218.200	-19.2012	-36.2019	-283.6508
HKDS2004_Fast_IsoWater_20181108_072225	2215	21	1218.225	-19.4669	-36.6063	-286.0616
HKDS2004_Fast_IsoWater_20181108_072225	2215	22	1218.250	-19.4965	-36.7288	-286.6708
HKDS2004_Fast_IsoWater_20181108_072225	2216	1	1218.275	-19.5754	-36.7879	-287.0360
HKDS2004_Fast_IsoWater_20181108_072225	2216	2	1218.300	-19.7752	-37.4020	-292.2861
HKDS2004_Fast_IsoWater_20181108_072225	2216	3	1218.325	-19.9073	-37.6369	-295.3914
HKDS2004_Fast_IsoWater_20181108_072225	2216	4	1218.350	-19.7148	-37.2593	-292.0186
HKDS2004_Fast_IsoWater_20181108_072225	2216	5	1218.375	-19.4682	-36.7438	-286.6130
HKDS2004_Fast_IsoWater_20181108_072225	2216	6	1218.400	-19.3040	-36.4020	-283.9684
HKDS2004_Fast_IsoWater_20181108_072225	2216	7	1218.425	-19.2814	-36.2861	-282.7586
HKDS2004_Fast_IsoWater_20181108_072225	2216	8	1218.450	-19.3166	-36.3659	-283.2644
HKDS2004_Fast_IsoWater_20181108_072225	2216	9	1218.475	-19.4198	-36.6095	-285.4115
HKDS2004_Fast_IsoWater_20181108_072225	2216	10	1218.500	-19.7494	-37.1157	-288.7055
HKDS2004_Fast_IsoWater_20181108_072225	2216	11	1218.525	-19.9003	-37.5453	-293.7770
HKDS2004_Fast_IsoWater_20181108_072225	2216	12	1218.550	-20.0834	-37.9541	-297.7412
HKDS2004_Fast_IsoWater_20181108_072225	2216	13	1218.575	-20.1677	-38.0879	-299.5609
HKDS2004_Fast_IsoWater_20181108_072225	2216	14	1218.600	-20.2032	-38.0473	-299.4809
HKDS2004_Fast_IsoWater_20181108_072225	2216	15	1218.625	-20.1787	-38.0157	-299.5047
HKDS2004_Fast_IsoWater_20181108_072225	2216	16	1218.650	-20.2410	-38.1942	-300.6000
HKDS2004_Fast_IsoWater_20181108_072225	2216	17	1218.675	-20.4114	-38.4932	-303.1668
HKDS2004_Fast_IsoWater_20181108_072225	2216	18	1218.700	-20.6684	-38.9659	-307.3715
HKDS2004_Fast_IsoWater_20181108_072225	2216	19	1218.725	-20.7599	-39.0486	-308.2631
HKDS2004_Fast_IsoWater_20181108_072225	2216	20	1218.750	-20.5879	-38.7980	-305.9031
HKDS2004_Fast_IsoWater_20181108_072225	2216	21	1218.775	-20.3303	-38.3075	-301.7685
HKDS2004_Fast_IsoWater_20181108_072225	2216	22	1218.800	-20.0265	-37.7776	-297.3998
HKDS2004_Fast_IsoWater_20181108_072225	2217	1	1218.825	-19.7563	-37.3180	-293.6324
HKDS2004_Fast_IsoWater_20181108_072225	2217	2	1218.850	-19.6122	-36.9823	-290.4363
HKDS2004_Fast_IsoWater_20181108_072225	2217	3	1218.875	-19.3820	-36.5274	-285.9029
HKDS2004_Fast_IsoWater_20181108_072225	2217	4	1218.900	-19.0247	-35.8415	-278.9115
HKDS2004_Fast_IsoWater_20181108_072225	2217	5	1218.925	-18.6693	-35.1818	-273.4320
HKDS2004_Fast_IsoWater_20181108_072225	2217	6	1218.950	-18.4596	-34.8897	-270.7937
HKDS2004_Fast_IsoWater_20181108_072225	2217	7	1218.975	-18.6684	-35.1326	-273.3197
HKDS2004_Fast_IsoWater_20181108_072225	2217	8	1219.000	-18.8565	-35.6079	-277.7547
HKDS2004_Fast_IsoWater_20181108_072225	2217	9	1219.025	-19.4251	-36.5514	-285.7649
HKDS2004_Fast_IsoWater_20181108_072225	2217	10	1219.050	-19.8469	-37.3069	-292.2940
HKDS2004_Fast_IsoWater_20181108_072225	2217	11	1219.075	-19.8733	-37.4716	-293.3814
HKDS2004_Fast_IsoWater_20181108_072225	2217	12	1219.100	-19.6827	-37.1846	-291.0880
HKDS2004_Fast_IsoWater_20181108_072225	2217	13	1219.125	-19.5254	-36.8839	-287.5132
HKDS2004_Fast_IsoWater_20181108_072225	2217	14	1219.150	-19.3921	-36.5593	-285.5431
HKDS2004_Fast_IsoWater_20181108_072225	2217	15	1219.175	-19.3172	-36.3784	-285.3416
HKDS2004_Fast_IsoWater_20181108_072225	2217	16	1219.200	-19.2251	-36.2542	-284.3603
HKDS2004_Fast_IsoWater_20181108_072225	2217	17	1219.225	-18.9917	-35.8284	-280.6534
HKDS2004_Fast_IsoWater_20181108_072225	2217	18	1219.250	-18.8747	-35.5275	-276.9853
HKDS2004_Fast_IsoWater_20181108_072225	2217	19	1219.275	-19.2210	-36.3477	-284.2756
HKDS2004_Fast_IsoWater_20181109_142353	2217	20	1219.300	-19.9679	-37.6189	-294.9245
HKDS2004_Fast_IsoWater_20181109_142353	2217	21	1219.325	-19.6752	-37.0151	-289.5493
HKDS2004_Fast_IsoWater_20181109_142353	2217	22	1219.350	-19.5836	-36.9231	-289.0841
HKDS2004_Fast_IsoWater_20181109_142353	2218	1	1219.375	-20.0311	-37.6840	-296.8838
HKDS2004_Fast_IsoWater_20181109_142353	2218	2	1219.400	-20.6308	-38.8568	-307.8173
HKDS2004_Fast_IsoWater_20181109_142353	2218	3	1219.425	-21.0855	-39.7642	-315.3860
HKDS2004_Fast_IsoWater_20181109_142353	2218	4	1219.450	-21.2619	-40.0945	-317.6109
HKDS2004_Fast_IsoWater_20181109_142353	2218	5	1219.475	-21.2638	-40.0525	-316.1016
HKDS2004_Fast_IsoWater_20181109_142353	2218	6	1219.500	-21.1168	-39.8255	-313.8163
HKDS2004_Fast_IsoWater_20181109_142353	2218	7	1219.525	-21.0492	-39.6379	-312.0107
HKDS2004_Fast_IsoWater_20181109_142353	2218	8	1219.550	-21.0862	-39.6998	-312.0667
HKDS2004_Fast_IsoWater_20181109_142353	2218	9	1219.575	-21.1718	-39.9008	-314.2780
HKDS2004_Fast_IsoWater_20181109_142353	2218	10	1219.600	-21.1153	-39.8845	-314.4413
HKDS2004_Fast_IsoWater_20181109_142353	2218	11	1219.625	-20.8849	-39.3917	-309.5345
HKDS2004_Fast_IsoWater_20181109_142353	2218	12	1219.650	-20.3385	-38.2852	-299.8663
HKDS2004_Fast_IsoWater_20181109_142353	2218	13	1219.675	-19.6661	-37.0344	-289.8515
HKDS2004_Fast_IsoWater_20181109_142353	2218	14	1219.700	-19.2742	-36.3040	-284.6088
HKDS2004_Fast_IsoWater_20181109_142353	2218	15	1219.725	-19.0597	-35.9586	-283.0273
HKDS2004_Fast_IsoWater_20181109_142353	2218	16	1219.750	-18.7854	-35.4950	-279.5637
HKDS2004_Fast_IsoWater_20181109_142353	2218	17	1219.775	-18.4081	-34.7390	-272.0465
HKDS2004_Fast_IsoWater_20181109_142353	2218	18	1219.800	-17.9120	-33.7543	-262.8124
HKDS2004_Fast_IsoWater_20181109_142353	2218	19	1219.825	-17.6007	-33.1012	-257.4572
HKDS2004_Fast_IsoWater_20181109_142353	2218	20	1219.850	-17.6933	-33.3400	-259.2456
HKDS2004_Fast_IsoWater_20181109_142353	2218	21	1219.875	-18.2842	-34.4103	-270.2197
HKDS2004_Fast_IsoWater_20181109_142353	2218	22	1219.900	-19.0098	-35.8166	-282.8173
HKDS2004_Fast_IsoWater_20181109_142353	2219	1	1219.925	-19.4164	-36.7205	-289.8013
HKDS2004_Fast_IsoWater_20181109_142353	2219	2	1219.950	-19.6923	-37.0991	-292.0806
HKDS2004_Fast_IsoWater_20181109_142353	2219	3	1219.975	-19.6531	-37.0065	-290.1105
HKDS2004_Fast_IsoWater_20181109_142353	2219	4	1220.000	-19.6228	-37.0607	-288.7393
HKDS2004_Fast_IsoWater_20181109_142353	2219	5	1220.025	-19.8810	-37.5346	-292.7215
HKDS2004_Fast_IsoWater_20181109_142353	2219	6	1220.050	-20.4551	-38.5048	-301.8752
HKDS2004_Fast_IsoWater_20181109_142353	2219	7	1220.075	-21.1295	-39.8822	-314.7654
HKDS2004_Fast_IsoWater_20181109_142353	2219	8	1220.100	-21.7675	-41.0262	-324.5889
HKDS2004_Fast_IsoWater_20181109_142353	2219	9	1220.125	-22.0102	-41.4623	-327.8361
HKDS2004_Fast_IsoWater_20181109_142353	2219	10	1220.150	-21.8493	-41.1891	-325.7449
HKDS2004_Fast_IsoWater_20181109_142353	2219	11	1220.175	-21.3396	-40.2657	-318.2245
HKDS2004_Fast_IsoWater_20181109_142353	2219	12	1220.200	-20.7051	-39.0255	-305.9295
HKDS2004_Fast_IsoWater_20181109_142353	2219	13	1220.225	-19.9404	-37.5493	-294.1644
HKDS2004_Fast_IsoWater_20181109_142353	2219	14	1220.250	-19.4695	-36.6579	-287.0330
HKDS2004_Fast_IsoWater_20181109_142353	2219	15	1220.275	-19.2945	-36.3713	-285.1541
HKDS2004_Fast_IsoWater_20181109_142353	2219	16	1220.300	-19.3570	-36.4745	-286.2465
HKDS2004_Fast_IsoWater_20181109_142353	2219	17	1220.325	-19.5757	-36.8474	-289.1022
HKDS2004_Fast_IsoWater_20181109_142353	2219	18	1220.350	-19.7808	-37.3839	-293.7348
HKDS2004_Fast_IsoWater_20181109_142353	2219	19	1220.375	-20.1410	-37.9293	-299.0395
HKDS2004_Fast_IsoWater_20181109_142353	2219	20	1220.400	-20.3395	-38.2672	-301.2654
HKDS2004_Fast_IsoWater_20181109_142353	2219	21	1220.425	-20.1960	-37.9636	-298.3820
HKDS2004_Fast_IsoWater_20181109_142353	2219	22	1220.450	-19.8225	-37.3101	-292.0199
HKDS2004_Fast_IsoWater_20181109_142353	2220	1	1220.475	-19.2746	-36.2171	-283.3896
HKDS2004_Fast_IsoWater_20181109_142353	2220	2	1220.500	-18.9349	-35.7929	-278.5132
HKDS2004_Fast_IsoWater_20181109_142353	2220	3	1220.525	-18.7339	-35.3401	-274.7055
HKDS2004_Fast_IsoWater_20181109_142353	2220	4	1220.550	-18.7007	-35.2222	-273.9950
HKDS2004_Fast_IsoWater_20181109_142353	2220	5	1220.575	-18.8834	-35.5684	-277.3559
HKDS2004_Fast_IsoWater_20181109_142353	2220	6	1220.600	-19.0072	-35.8265	-281.1999
HKDS2004_Fast_IsoWater_20181110_153601	2220	7	1220.625	-19.1028	-35.9414	-282.4786
HKDS2004_Fast_IsoWater_20181110_153601	2220	8	1220.650	-18.9053	-35.6267	-279.8698
HKDS2004_Fast_IsoWater_20181110_153601	2220	9	1220.675	-18.7641	-35.2850	-276.5159
HKDS2004_Fast_IsoWater_20181110_153601	2220	10	1220.700	-18.7568	-35.2081	-274.8589
HKDS2004_Fast_IsoWater_20181110_153601	2220	11	1220.725	-18.9377	-35.6737	-277.9857
HKDS2004_Fast_IsoWater_20181110_153601	2220	12	1220.750	-19.6364	-36.8515	-288.3057
HKDS2004_Fast_IsoWater_20181110_153601	2220	13	1220.775	-20.0712	-37.8809	-298.2490
HKDS2004_Fast_IsoWater_20181110_153601	2220	14	1220.800	-20.3483	-38.4388	-302.2202
HKDS2004_Fast_IsoWater_20181110_153601	2220	15	1220.825	-20.4756	-38.4594	-301.9495
HKDS2004_Fast_IsoWater_20181110_153601	2220	16	1220.850	-20.1903	-38.0913	-298.5622
HKDS2004_Fast_IsoWater_20181110_153601	2220	17	1220.875	-19.9795	-37.5205	-292.9254
HKDS2004_Fast_IsoWater_20181110_153601	2220	18	1220.900	-19.4770	-36.7269	-286.5316
HKDS2004_Fast_IsoWater_20181110_153601	2220	19	1220.925	-19.2345	-36.1873	-281.7901
HKDS2004_Fast_IsoWater_20181110_153601	2220	20	1220.950	-19.1297	-35.9923	-280.5691
HKDS2004_Fast_IsoWater_20181110_153601	2220	21	1220.975	-19.2288	-36.1870	-281.3892
HKDS2004_Fast_IsoWater_20181110_153601	2220	22	1221.000	-19.3113	-36.1876	-281.7434
