Run_ID	Bag	sample	Depth	d17	d18	dD
HKDS2004_Fast_IsoWater_20180828_073415	1601	1	880.025	-18.7768	-35.3555	-274.3110
HKDS2004_Fast_IsoWater_20180828_073415	1601	2	880.050	-18.8442	-35.4561	-275.2328
HKDS2004_Fast_IsoWater_20180828_073415	1601	3	880.075	-18.7576	-35.2593	-272.4752
HKDS2004_Fast_IsoWater_20180828_073415	1601	4	880.100	-18.4913	-34.8191	-268.5449
HKDS2004_Fast_IsoWater_20180828_073415	1601	5	880.125	-18.2621	-34.4214	-265.1064
HKDS2004_Fast_IsoWater_20180828_073415	1601	6	880.150	-18.1566	-34.2082	-263.8870
HKDS2004_Fast_IsoWater_20180828_073415	1601	7	880.175	-18.1643	-34.1002	-263.6205
HKDS2004_Fast_IsoWater_20180828_073415	1601	8	880.200	-18.0224	-33.9358	-262.9832
HKDS2004_Fast_IsoWater_20180828_073415	1601	9	880.225	-17.9993	-33.8468	-262.8247
HKDS2004_Fast_IsoWater_20180828_073415	1601	10	880.250	-17.9591	-33.7442	-262.6180
HKDS2004_Fast_IsoWater_20180828_073415	1601	11	880.275	-18.0038	-33.7989	-262.5980
HKDS2004_Fast_IsoWater_20180828_073415	1601	12	880.300	-18.0623	-33.9124	-263.2782
HKDS2004_Fast_IsoWater_20180828_073415	1601	13	880.325	-18.2043	-34.2275	-265.4849
HKDS2004_Fast_IsoWater_20180828_073415	1601	14	880.350	-18.3868	-34.6079	-269.5239
HKDS2004_Fast_IsoWater_20180828_073415	1601	15	880.375	-18.5402	-34.9008	-271.9189
HKDS2004_Fast_IsoWater_20180828_073415	1601	16	880.400	-18.5402	-34.8291	-270.9742
HKDS2004_Fast_IsoWater_20180828_073415	1601	17	880.425	-18.5079	-34.7687	-269.4677
HKDS2004_Fast_IsoWater_20180828_073415	1601	18	880.450	-18.5108	-34.8330	-269.6849
HKDS2004_Fast_IsoWater_20180828_073415	1601	19	880.475	-18.6147	-35.0156	-271.9989
HKDS2004_Fast_IsoWater_20180828_073415	1601	20	880.500	-18.7640	-35.3552	-274.5876
HKDS2004_Fast_IsoWater_20180828_073415	1601	21	880.525	-18.9366	-35.6362	-276.5196
HKDS2004_Fast_IsoWater_20180828_073415	1601	22	880.550	-19.0491	-35.8095	-277.8092
HKDS2004_Fast_IsoWater_20180828_073415	1602	1	880.575	-19.0328	-35.8208	-278.1921
HKDS2004_Fast_IsoWater_20180828_073415	1602	2	880.600	-19.0162	-35.8028	-278.0308
HKDS2004_Fast_IsoWater_20180828_073415	1602	3	880.625	-19.0980	-35.9028	-277.8930
HKDS2004_Fast_IsoWater_20180828_073415	1602	4	880.650	-19.0715	-35.8825	-278.1610
HKDS2004_Fast_IsoWater_20180828_073415	1602	5	880.675	-19.0667	-35.8995	-278.6872
HKDS2004_Fast_IsoWater_20180828_073415	1602	6	880.700	-19.1150	-35.9767	-278.6170
HKDS2004_Fast_IsoWater_20180828_073415	1602	7	880.725	-19.1482	-36.0269	-278.1264
HKDS2004_Fast_IsoWater_20180828_073415	1602	8	880.750	-19.1102	-35.8844	-277.4649
HKDS2004_Fast_IsoWater_20180828_073415	1602	9	880.775	-18.9801	-35.6873	-275.5974
HKDS2004_Fast_IsoWater_20180828_073415	1602	10	880.800	-18.7164	-35.2359	-271.0703
HKDS2004_Fast_IsoWater_20180828_073415	1602	11	880.825	-18.4472	-34.6883	-266.8920
HKDS2004_Fast_IsoWater_20180828_073415	1602	12	880.850	-18.2736	-34.3815	-265.1045
HKDS2004_Fast_IsoWater_20180828_073415	1602	13	880.875	-18.2864	-34.3825	-266.7557
HKDS2004_Fast_IsoWater_20180828_073415	1602	14	880.900	-18.3625	-34.5732	-268.3251
HKDS2004_Fast_IsoWater_20180828_073415	1602	15	880.925	-18.2730	-34.4596	-268.3489
HKDS2004_Fast_IsoWater_20180828_073415	1602	16	880.950	-18.4840	-34.8230	-269.7668
HKDS2004_Fast_IsoWater_20180828_073415	1602	17	880.975	-18.6527	-35.0738	-270.9903
HKDS2004_Fast_IsoWater_20180828_073415	1602	18	881.000	-18.8183	-35.3494	-273.2313
HKDS2004_Fast_IsoWater_20180828_073415	1602	19	881.025	-19.0594	-35.9256	-278.7390
HKDS2004_Fast_IsoWater_20180828_073415	1602	20	881.050	-19.4641	-36.5725	-284.7715
HKDS2004_Fast_IsoWater_20180828_073415	1602	21	881.075	-19.5616	-36.8073	-286.3564
HKDS2004_Fast_IsoWater_20180828_073415	1602	22	881.100	-19.4276	-36.6626	-284.4823
HKDS2004_Fast_IsoWater_20180828_073415	1603	1	881.125	-19.4254	-36.4954	-282.9520
HKDS2004_Fast_IsoWater_20180828_073415	1603	2	881.150	-19.2569	-36.3542	-281.9152
HKDS2004_Fast_IsoWater_20180828_073415	1603	3	881.175	-19.3557	-36.4002	-281.9713
HKDS2004_Fast_IsoWater_20180828_073415	1603	4	881.200	-19.3515	-36.4008	-281.4722
HKDS2004_Fast_IsoWater_20180828_073415	1603	5	881.225	-19.3464	-36.3484	-280.9260
HKDS2004_Fast_IsoWater_20180828_073415	1603	6	881.250	-19.3081	-36.2330	-279.9597
HKDS2004_Fast_IsoWater_20180828_073415	1603	7	881.275	-19.0958	-35.9854	-278.2610
HKDS2004_Fast_IsoWater_20180828_073415	1603	8	881.300	-18.9328	-35.6433	-275.1830
HKDS2004_Fast_IsoWater_20180828_073415	1603	9	881.325	-18.7071	-35.2285	-271.8185
HKDS2004_Fast_IsoWater_20180829_074506	1603	10	881.350	-18.5654	-34.9270	-269.4603
HKDS2004_Fast_IsoWater_20180829_074506	1603	11	881.375	-18.3531	-34.6508	-269.4498
HKDS2004_Fast_IsoWater_20180829_074506	1603	12	881.400	-18.3744	-34.6454	-269.5072
HKDS2004_Fast_IsoWater_20180829_074506	1603	13	881.425	-18.3264	-34.5247	-268.9985
HKDS2004_Fast_IsoWater_20180829_074506	1603	14	881.450	-18.3779	-34.5256	-268.4203
HKDS2004_Fast_IsoWater_20180829_074506	1603	15	881.475	-18.4394	-34.7690	-269.4872
HKDS2004_Fast_IsoWater_20180829_074506	1603	16	881.500	-18.6271	-35.0735	-272.8853
HKDS2004_Fast_IsoWater_20180829_074506	1603	17	881.525	-18.8766	-35.5637	-277.2878
HKDS2004_Fast_IsoWater_20180829_074506	1603	18	881.550	-19.0799	-35.8653	-279.6468
HKDS2004_Fast_IsoWater_20180829_074506	1603	19	881.575	-19.1665	-36.0471	-281.2777
HKDS2004_Fast_IsoWater_20180829_074506	1603	20	881.600	-19.1617	-36.1369	-281.6094
HKDS2004_Fast_IsoWater_20180829_074506	1603	21	881.625	-19.1703	-36.0632	-281.5462
HKDS2004_Fast_IsoWater_20180829_074506	1603	22	881.650	-19.1881	-36.1257	-281.2108
HKDS2004_Fast_IsoWater_20180829_074506	1604	1	881.675	-19.0332	-35.7906	-278.3716
HKDS2004_Fast_IsoWater_20180829_074506	1604	2	881.700	-18.9390	-35.6776	-277.3986
HKDS2004_Fast_IsoWater_20180829_074506	1604	3	881.725	-18.9224	-35.6110	-276.2373
HKDS2004_Fast_IsoWater_20180829_074506	1604	4	881.750	-18.9628	-35.6309	-276.5331
HKDS2004_Fast_IsoWater_20180829_074506	1604	5	881.775	-19.1115	-35.9763	-279.7449
HKDS2004_Fast_IsoWater_20180829_074506	1604	6	881.800	-19.3864	-36.5051	-284.0864
HKDS2004_Fast_IsoWater_20180829_074506	1604	7	881.825	-19.5624	-36.8569	-287.6682
HKDS2004_Fast_IsoWater_20180829_074506	1604	8	881.850	-19.7594	-37.0932	-288.7435
HKDS2004_Fast_IsoWater_20180829_074506	1604	9	881.875	-19.7536	-37.1218	-288.7508
HKDS2004_Fast_IsoWater_20180829_074506	1604	10	881.900	-19.7514	-37.1112	-289.0428
HKDS2004_Fast_IsoWater_20180829_074506	1604	11	881.925	-19.6235	-36.9503	-287.8824
HKDS2004_Fast_IsoWater_20180829_074506	1604	12	881.950	-19.3298	-36.3133	-283.5231
HKDS2004_Fast_IsoWater_20180829_074506	1604	13	881.975	-18.9823	-35.6522	-277.2726
HKDS2004_Fast_IsoWater_20180829_074506	1604	14	882.000	-18.3633	-34.4915	-268.0946
HKDS2004_Fast_IsoWater_20180829_074506	1604	15	882.025	-17.8570	-33.5710	-260.2693
HKDS2004_Fast_IsoWater_20180829_074506	1604	16	882.050	-17.5763	-33.0209	-255.5688
HKDS2004_Fast_IsoWater_20180829_074506	1604	17	882.075	-17.4494	-32.7608	-254.3381
HKDS2004_Fast_IsoWater_20180829_074506	1604	18	882.100	-17.6091	-33.1226	-257.1160
HKDS2004_Fast_IsoWater_20180829_074506	1604	19	882.125	-17.9394	-33.6868	-262.4357
HKDS2004_Fast_IsoWater_20180829_074506	1604	20	882.150	-18.1234	-34.1165	-265.7893
HKDS2004_Fast_IsoWater_20180829_074506	1604	21	882.175	-18.2042	-34.2868	-266.7801
HKDS2004_Fast_IsoWater_20180829_074506	1604	22	882.200	-18.2001	-34.3737	-267.1384
HKDS2004_Fast_IsoWater_20180829_074506	1605	1	882.225	-18.2605	-34.3464	-266.4710
HKDS2004_Fast_IsoWater_20180829_074506	1605	2	882.250	-18.2077	-34.2537	-265.1723
HKDS2004_Fast_IsoWater_20180829_074506	1605	3	882.275	-18.1364	-34.0866	-264.1920
HKDS2004_Fast_IsoWater_20180829_074506	1605	4	882.300	-18.2217	-34.2302	-264.6188
HKDS2004_Fast_IsoWater_20180829_074506	1605	5	882.325	-18.1896	-34.1565	-264.6858
HKDS2004_Fast_IsoWater_20180829_074506	1605	6	882.350	-18.0982	-34.0467	-263.3256
HKDS2004_Fast_IsoWater_20180829_074506	1605	7	882.375	-18.0480	-33.8880	-261.9066
HKDS2004_Fast_IsoWater_20180829_074506	1605	8	882.400	-17.9289	-33.7242	-260.8377
HKDS2004_Fast_IsoWater_20180829_074506	1605	9	882.425	-17.8898	-33.5262	-259.9669
HKDS2004_Fast_IsoWater_20180829_074506	1605	10	882.450	-17.7345	-33.2948	-257.7599
HKDS2004_Fast_IsoWater_20180829_074506	1605	11	882.475	-17.6623	-33.1889	-255.8278
HKDS2004_Fast_IsoWater_20180829_074506	1605	12	882.500	-17.6524	-33.1432	-255.7964
HKDS2004_Fast_IsoWater_20180829_074506	1605	13	882.525	-17.7568	-33.3862	-258.1760
HKDS2004_Fast_IsoWater_20180829_074506	1605	14	882.550	-17.9808	-33.8143	-261.1177
HKDS2004_Fast_IsoWater_20180829_074506	1605	15	882.575	-18.1348	-34.1284	-264.3237
HKDS2004_Fast_IsoWater_20180829_074506	1605	16	882.600	-18.4254	-34.6357	-268.6059
HKDS2004_Fast_IsoWater_20180829_074506	1605	17	882.625	-18.8690	-35.3857	-275.3823
HKDS2004_Fast_IsoWater_20180829_074506	1605	18	882.650	-19.0478	-35.7932	-279.5592
HKDS2004_Fast_IsoWater_20180830_082459	1605	19	882.675	-19.1021	-35.9418	-280.0862
HKDS2004_Fast_IsoWater_20180830_082459	1605	20	882.700	-19.0230	-35.8337	-278.7480
HKDS2004_Fast_IsoWater_20180830_082459	1605	21	882.725	-18.8567	-35.5770	-276.4259
HKDS2004_Fast_IsoWater_20180830_082459	1605	22	882.750	-18.7240	-35.2768	-274.3167
HKDS2004_Fast_IsoWater_20180830_082459	1606	1	882.775	-18.6507	-35.2588	-273.8230
HKDS2004_Fast_IsoWater_20180830_082459	1606	2	882.800	-18.8300	-35.5509	-276.6537
HKDS2004_Fast_IsoWater_20180830_082459	1606	3	882.825	-19.0322	-35.8849	-280.5669
HKDS2004_Fast_IsoWater_20180830_082459	1606	4	882.850	-19.1519	-36.0071	-281.8285
HKDS2004_Fast_IsoWater_20180830_082459	1606	5	882.875	-19.0459	-35.8505	-279.7872
HKDS2004_Fast_IsoWater_20180830_082459	1606	6	882.900	-18.8040	-35.3862	-275.5502
HKDS2004_Fast_IsoWater_20180830_082459	1606	7	882.925	-18.5390	-34.9596	-271.8524
HKDS2004_Fast_IsoWater_20180830_082459	1606	8	882.950	-18.3812	-34.6115	-268.9793
HKDS2004_Fast_IsoWater_20180830_082459	1606	9	882.975	-18.2910	-34.4751	-267.8622
HKDS2004_Fast_IsoWater_20180830_082459	1606	10	883.000	-18.2355	-34.3229	-266.4622
HKDS2004_Fast_IsoWater_20180830_082459	1606	11	883.025	-18.2285	-34.2907	-265.9209
HKDS2004_Fast_IsoWater_20180830_082459	1606	12	883.050	-18.1476	-34.2132	-265.9075
HKDS2004_Fast_IsoWater_20180830_082459	1606	13	883.075	-18.0549	-34.1180	-265.0435
HKDS2004_Fast_IsoWater_20180830_082459	1606	14	883.100	-17.9727	-33.8963	-262.9753
HKDS2004_Fast_IsoWater_20180830_082459	1606	15	883.125	-17.9584	-33.7595	-261.1027
HKDS2004_Fast_IsoWater_20180830_082459	1606	16	883.150	-17.7965	-33.5623	-259.5383
HKDS2004_Fast_IsoWater_20180830_082459	1606	17	883.175	-17.7593	-33.4793	-258.6241
HKDS2004_Fast_IsoWater_20180830_082459	1606	18	883.200	-17.7270	-33.3844	-257.6921
HKDS2004_Fast_IsoWater_20180830_082459	1606	19	883.225	-17.7308	-33.4159	-257.6965
HKDS2004_Fast_IsoWater_20180830_082459	1606	20	883.250	-17.6828	-33.3741	-257.5728
HKDS2004_Fast_IsoWater_20180830_082459	1606	21	883.275	-17.8574	-33.6849	-261.2121
HKDS2004_Fast_IsoWater_20180830_082459	1606	22	883.300	-17.8222	-33.6556	-261.3584
HKDS2004_Fast_IsoWater_20180830_082459	1607	1	883.325	-17.8965	-33.7026	-261.3015
HKDS2004_Fast_IsoWater_20180830_082459	1607	2	883.350	-17.8212	-33.5478	-259.5160
HKDS2004_Fast_IsoWater_20180830_082459	1607	3	883.375	-17.8260	-33.7036	-260.9449
HKDS2004_Fast_IsoWater_20180830_082459	1607	4	883.400	-18.1018	-34.2048	-265.4358
HKDS2004_Fast_IsoWater_20180830_082459	1607	5	883.425	-18.4745	-34.8106	-270.4025
HKDS2004_Fast_IsoWater_20180830_082459	1607	6	883.450	-18.7704	-35.3888	-275.3323
HKDS2004_Fast_IsoWater_20180830_082459	1607	7	883.475	-19.0592	-36.0097	-280.6105
HKDS2004_Fast_IsoWater_20180830_082459	1607	8	883.500	-19.3233	-36.4653	-285.9109
HKDS2004_Fast_IsoWater_20180830_082459	1607	9	883.525	-19.5068	-36.8250	-288.1700
HKDS2004_Fast_IsoWater_20180830_082459	1607	10	883.550	-19.3802	-36.5261	-285.3755
HKDS2004_Fast_IsoWater_20180830_082459	1607	11	883.575	-19.0192	-35.8505	-278.9875
HKDS2004_Fast_IsoWater_20180830_082459	1607	12	883.600	-18.5602	-35.0256	-272.1603
HKDS2004_Fast_IsoWater_20180830_082459	1607	13	883.625	-18.2180	-34.3017	-265.3197
HKDS2004_Fast_IsoWater_20180830_082459	1607	14	883.650	-18.0599	-34.0050	-263.5145
HKDS2004_Fast_IsoWater_20180830_082459	1607	15	883.675	-17.9352	-33.9336	-263.3828
HKDS2004_Fast_IsoWater_20180830_082459	1607	16	883.700	-18.0695	-34.0317	-264.9135
HKDS2004_Fast_IsoWater_20180830_082459	1607	17	883.725	-18.0790	-34.1328	-266.0026
HKDS2004_Fast_IsoWater_20180830_082459	1607	18	883.750	-18.1498	-34.1324	-265.4952
HKDS2004_Fast_IsoWater_20180830_082459	1607	19	883.775	-18.1082	-34.1315	-264.0043
HKDS2004_Fast_IsoWater_20180830_082459	1607	20	883.800	-18.0285	-33.9719	-263.2346
HKDS2004_Fast_IsoWater_20180830_082459	1607	21	883.825	-18.0942	-34.1093	-264.7452
HKDS2004_Fast_IsoWater_20180830_082459	1607	22	883.850	-18.2631	-34.3322	-266.9375
HKDS2004_Fast_IsoWater_20180830_082459	1608	1	883.875	-18.2825	-34.4471	-268.9234
HKDS2004_Fast_IsoWater_20180830_082459	1608	2	883.900	-18.6072	-35.1005	-274.4073
HKDS2004_Fast_IsoWater_20180830_082459	1608	3	883.925	-18.9973	-35.7829	-279.6050
HKDS2004_Fast_IsoWater_20180830_082459	1608	4	883.950	-19.1383	-36.0326	-281.1280
HKDS2004_Fast_IsoWater_20180830_082459	1608	5	883.975	-19.0929	-35.9647	-279.6225
HKDS2004_Fast_IsoWater_20181005_120146	1608	6	884.000	-18.9890	-35.7360	-276.6716
HKDS2004_Fast_IsoWater_20181005_120146	1608	7	884.025	-18.9090	-35.6485	-275.1108
HKDS2004_Fast_IsoWater_20181005_120146	1608	8	884.050	-18.9346	-35.6171	-275.3861
HKDS2004_Fast_IsoWater_20181005_120146	1608	9	884.075	-18.9235	-35.6373	-275.6958
HKDS2004_Fast_IsoWater_20181005_120146	1608	10	884.100	-18.7989	-35.4344	-273.9913
HKDS2004_Fast_IsoWater_20181005_120146	1608	11	884.125	-18.6442	-35.2124	-271.9518
HKDS2004_Fast_IsoWater_20181005_120146	1608	12	884.150	-18.5075	-35.0144	-270.0719
HKDS2004_Fast_IsoWater_20181005_120146	1608	13	884.175	-18.4930	-34.8420	-269.7451
HKDS2004_Fast_IsoWater_20181005_120146	1608	14	884.200	-18.4253	-34.8231	-269.7477
HKDS2004_Fast_IsoWater_20181005_120146	1608	15	884.225	-18.4262	-34.7462	-268.6440
HKDS2004_Fast_IsoWater_20181005_120146	1608	16	884.250	-18.3531	-34.5943	-267.4481
HKDS2004_Fast_IsoWater_20181005_120146	1608	17	884.275	-18.3886	-34.6228	-267.4332
HKDS2004_Fast_IsoWater_20181005_120146	1608	18	884.300	-18.4025	-34.7411	-268.4705
HKDS2004_Fast_IsoWater_20181005_120146	1608	19	884.325	-18.4908	-34.8660	-269.4939
HKDS2004_Fast_IsoWater_20181005_120146	1608	20	884.350	-18.5369	-34.9461	-269.3984
HKDS2004_Fast_IsoWater_20181005_120146	1608	21	884.375	-18.4904	-34.8766	-268.4991
HKDS2004_Fast_IsoWater_20181005_120146	1608	22	884.400	-18.5490	-34.9186	-269.0894
HKDS2004_Fast_IsoWater_20181005_120146	1609	1	884.425	-18.5148	-34.8619	-269.4708
HKDS2004_Fast_IsoWater_20181005_120146	1609	2	884.450	-18.4696	-34.8484	-269.6950
HKDS2004_Fast_IsoWater_20181005_120146	1609	3	884.475	-18.5154	-34.8885	-269.9520
HKDS2004_Fast_IsoWater_20181005_120146	1609	4	884.500	-18.6338	-35.1028	-271.6555
HKDS2004_Fast_IsoWater_20181005_120146	1609	5	884.525	-18.7575	-35.3688	-274.2511
HKDS2004_Fast_IsoWater_20181005_120146	1609	6	884.550	-18.7176	-35.3809	-274.5483
HKDS2004_Fast_IsoWater_20181005_120146	1609	7	884.575	-18.6977	-35.2714	-273.1332
HKDS2004_Fast_IsoWater_20181005_120146	1609	8	884.600	-18.6869	-35.2582	-271.9750
HKDS2004_Fast_IsoWater_20181005_120146	1609	9	884.625	-18.7334	-35.2556	-272.4353
HKDS2004_Fast_IsoWater_20181005_120146	1609	10	884.650	-18.7749	-35.3720	-274.8989
HKDS2004_Fast_IsoWater_20181005_120146	1609	11	884.675	-18.8191	-35.4684	-275.6834
HKDS2004_Fast_IsoWater_20181005_120146	1609	12	884.700	-18.6543	-35.1781	-273.4644
HKDS2004_Fast_IsoWater_20181005_120146	1609	13	884.725	-18.4768	-34.8305	-270.5662
HKDS2004_Fast_IsoWater_20181005_120146	1609	14	884.750	-18.3193	-34.4963	-267.8059
HKDS2004_Fast_IsoWater_20181005_120146	1609	15	884.775	-18.2136	-34.2617	-265.3956
HKDS2004_Fast_IsoWater_20181005_120146	1609	16	884.800	-18.0526	-34.0157	-262.9450
HKDS2004_Fast_IsoWater_20181005_120146	1609	17	884.825	-17.9466	-33.8003	-259.9234
HKDS2004_Fast_IsoWater_20181005_120146	1609	18	884.850	-17.7805	-33.5889	-258.0302
HKDS2004_Fast_IsoWater_20181005_120146	1609	19	884.875	-17.7125	-33.4030	-256.7581
HKDS2004_Fast_IsoWater_20181005_120146	1609	20	884.900	-17.7172	-33.4703	-257.3472
HKDS2004_Fast_IsoWater_20181005_120146	1609	21	884.925	-17.7739	-33.5600	-258.4308
HKDS2004_Fast_IsoWater_20181005_120146	1609	22	884.950	-17.9444	-33.7587	-259.9821
HKDS2004_Fast_IsoWater_20181005_120146	1610	1	884.975	-17.9479	-33.8859	-261.6815
HKDS2004_Fast_IsoWater_20181005_120146	1610	2	885.000	-18.0950	-34.1512	-264.7288
HKDS2004_Fast_IsoWater_20181005_120146	1610	3	885.025	-18.2452	-34.3861	-265.8908
HKDS2004_Fast_IsoWater_20181005_120146	1610	4	885.050	-18.2645	-34.4341	-265.9689
HKDS2004_Fast_IsoWater_20181005_120146	1610	5	885.075	-18.3285	-34.4578	-266.1843
HKDS2004_Fast_IsoWater_20181005_120146	1610	6	885.100	-18.3465	-34.5709	-266.9586
HKDS2004_Fast_IsoWater_20181005_120146	1610	7	885.125	-18.3569	-34.6046	-267.5652
HKDS2004_Fast_IsoWater_20181005_120146	1610	8	885.150	-18.2832	-34.4892	-266.5614
HKDS2004_Fast_IsoWater_20181005_120146	1610	9	885.175	-18.2699	-34.3912	-264.9268
HKDS2004_Fast_IsoWater_20181005_120146	1610	10	885.200	-18.2269	-34.4174	-265.0822
HKDS2004_Fast_IsoWater_20181005_120146	1610	11	885.225	-18.5164	-34.8398	-268.9629
HKDS2004_Fast_IsoWater_20181005_120146	1610	12	885.250	-18.6720	-35.2175	-272.9159
HKDS2004_Fast_IsoWater_20181005_120146	1610	13	885.275	-18.6682	-35.2640	-273.5912
HKDS2004_Fast_IsoWater_20181005_120146	1610	14	885.300	-18.5303	-35.0105	-271.4411
HKDS2004_Fast_IsoWater_20181024_120327	1610	15	885.325	-18.6443	-35.0247	-270.7089
HKDS2004_Fast_IsoWater_20181024_120327	1610	16	885.350	-18.6858	-35.1770	-272.6130
HKDS2004_Fast_IsoWater_20181024_120327	1610	17	885.375	-18.8318	-35.3749	-275.6573
HKDS2004_Fast_IsoWater_20181024_120327	1610	18	885.400	-18.8232	-35.3287	-274.6531
HKDS2004_Fast_IsoWater_20181024_120327	1610	19	885.425	-18.6266	-35.0115	-271.8294
HKDS2004_Fast_IsoWater_20181024_120327	1610	20	885.450	-18.5940	-34.9063	-269.7549
HKDS2004_Fast_IsoWater_20181024_120327	1610	21	885.475	-18.5537	-34.8739	-271.0986
HKDS2004_Fast_IsoWater_20181024_120327	1610	22	885.500	-18.7700	-35.3059	-275.9755
HKDS2004_Fast_IsoWater_20181024_120327	1611	1	885.525	-18.8704	-35.4326	-276.3280
HKDS2004_Fast_IsoWater_20181024_120327	1611	2	885.550	-18.5629	-35.0324	-272.8788
HKDS2004_Fast_IsoWater_20181024_120327	1611	3	885.575	-18.4410	-34.6052	-268.3706
HKDS2004_Fast_IsoWater_20181024_120327	1611	4	885.600	-18.1595	-34.0173	-264.3354
HKDS2004_Fast_IsoWater_20181024_120327	1611	5	885.625	-18.0417	-33.9003	-263.1666
HKDS2004_Fast_IsoWater_20181024_120327	1611	6	885.650	-17.9597	-33.7531	-262.2927
HKDS2004_Fast_IsoWater_20181024_120327	1611	7	885.675	-17.9160	-33.8172	-262.1138
HKDS2004_Fast_IsoWater_20181024_120327	1611	8	885.700	-18.4686	-34.7421	-269.9412
HKDS2004_Fast_IsoWater_20181024_120327	1611	9	885.725	-18.5411	-34.8537	-271.4391
HKDS2004_Fast_IsoWater_20181024_120327	1611	10	885.750	-18.4841	-34.8268	-271.0185
HKDS2004_Fast_IsoWater_20181024_120327	1611	11	885.775	-18.5632	-34.8185	-269.7937
HKDS2004_Fast_IsoWater_20181024_120327	1611	12	885.800	-18.4724	-34.8332	-269.4050
HKDS2004_Fast_IsoWater_20181024_120327	1611	13	885.825	-18.6487	-35.1235	-271.7487
HKDS2004_Fast_IsoWater_20181024_120327	1611	14	885.850	-18.8261	-35.3835	-274.8528
HKDS2004_Fast_IsoWater_20181024_120327	1611	15	885.875	-18.9413	-35.5596	-276.9238
HKDS2004_Fast_IsoWater_20181024_120327	1611	16	885.900	-18.9198	-35.6093	-277.5945
HKDS2004_Fast_IsoWater_20181024_120327	1611	17	885.925	-18.8435	-35.3380	-275.7069
HKDS2004_Fast_IsoWater_20181024_120327	1611	18	885.950	-18.6620	-35.1055	-273.0797
HKDS2004_Fast_IsoWater_20181024_120327	1611	19	885.975	-18.5142	-34.9724	-271.8946
HKDS2004_Fast_IsoWater_20181024_120327	1611	20	886.000	-18.5484	-34.9650	-272.3511
HKDS2004_Fast_IsoWater_20181024_120327	1611	21	886.025	-18.6519	-35.1186	-274.3225
HKDS2004_Fast_IsoWater_20181024_120327	1611	22	886.050	-18.6193	-35.0737	-274.4704
HKDS2004_Fast_IsoWater_20181024_120327	1612	1	886.075	-18.5617	-34.9025	-272.5650
HKDS2004_Fast_IsoWater_20181024_120327	1612	2	886.100	-18.2957	-34.5192	-269.1462
HKDS2004_Fast_IsoWater_20181024_120327	1612	3	886.125	-18.2345	-34.1543	-266.0253
HKDS2004_Fast_IsoWater_20181024_120327	1612	4	886.150	-17.9559	-33.9112	-262.8662
HKDS2004_Fast_IsoWater_20181024_120327	1612	5	886.175	-17.7931	-33.5417	-259.4674
HKDS2004_Fast_IsoWater_20181024_120327	1612	6	886.200	-17.7257	-33.4138	-258.3984
HKDS2004_Fast_IsoWater_20181024_120327	1612	7	886.225	-17.8488	-33.6235	-259.5898
HKDS2004_Fast_IsoWater_20181024_120327	1612	8	886.250	-18.0734	-34.0109	-263.4832
HKDS2004_Fast_IsoWater_20181024_120327	1612	9	886.275	-18.3805	-34.5988	-268.5594
HKDS2004_Fast_IsoWater_20181024_120327	1612	10	886.300	-18.5841	-34.9432	-271.7407
HKDS2004_Fast_IsoWater_20181024_120327	1612	11	886.325	-18.6269	-35.1174	-273.2611
HKDS2004_Fast_IsoWater_20181024_120327	1612	12	886.350	-18.6953	-35.2546	-274.1553
HKDS2004_Fast_IsoWater_20181024_120327	1612	13	886.375	-18.8172	-35.4179	-275.2323
HKDS2004_Fast_IsoWater_20181024_120327	1612	14	886.400	-18.7630	-35.3473	-275.3305
HKDS2004_Fast_IsoWater_20181024_120327	1612	15	886.425	-18.7703	-35.2777	-273.7984
HKDS2004_Fast_IsoWater_20181024_120327	1612	16	886.450	-18.6586	-35.1462	-272.4789
HKDS2004_Fast_IsoWater_20181024_120327	1612	17	886.475	-18.7209	-35.2011	-273.0580
HKDS2004_Fast_IsoWater_20181024_120327	1612	18	886.500	-18.7877	-35.3377	-274.7317
HKDS2004_Fast_IsoWater_20181024_120327	1612	19	886.525	-18.7475	-35.3069	-274.8464
HKDS2004_Fast_IsoWater_20181024_120327	1612	20	886.550	-18.7577	-35.2880	-274.0577
HKDS2004_Fast_IsoWater_20181024_120327	1612	21	886.575	-18.5759	-34.9920	-271.5554
HKDS2004_Fast_IsoWater_20181024_120327	1612	22	886.600	-18.5414	-34.9294	-272.0481
HKDS2004_Fast_IsoWater_20181024_120327	1613	1	886.625	-18.6462	-35.0802	-275.2266
HKDS2004_Fast_IsoWater_20181025_081448	1613	2	886.650	-18.7176	-35.2974	-275.9440
HKDS2004_Fast_IsoWater_20181025_081448	1613	3	886.675	-18.6697	-35.1413	-273.8614
HKDS2004_Fast_IsoWater_20181025_081448	1613	4	886.700	-18.4481	-34.7524	-270.2469
HKDS2004_Fast_IsoWater_20181025_081448	1613	5	886.725	-18.2417	-34.3360	-265.7606
HKDS2004_Fast_IsoWater_20181025_081448	1613	6	886.750	-17.8641	-33.5910	-259.2249
HKDS2004_Fast_IsoWater_20181025_081448	1613	7	886.775	-17.4811	-32.8925	-253.3761
HKDS2004_Fast_IsoWater_20181025_081448	1613	8	886.800	-17.1968	-32.4296	-249.8049
HKDS2004_Fast_IsoWater_20181025_081448	1613	9	886.825	-17.1706	-32.2360	-249.2350
HKDS2004_Fast_IsoWater_20181025_081448	1613	10	886.850	-17.0776	-32.1709	-249.3351
HKDS2004_Fast_IsoWater_20181025_081448	1613	11	886.875	-16.9607	-32.0167	-247.4329
HKDS2004_Fast_IsoWater_20181025_081448	1613	12	886.900	-16.9241	-31.9039	-245.6222
HKDS2004_Fast_IsoWater_20181025_081448	1613	13	886.925	-16.9635	-31.9590	-245.4878
HKDS2004_Fast_IsoWater_20181025_081448	1613	14	886.950	-17.1426	-32.2873	-248.9612
HKDS2004_Fast_IsoWater_20181025_081448	1613	15	886.975	-17.4212	-32.8425	-254.3405
HKDS2004_Fast_IsoWater_20181025_081448	1613	16	887.000	-17.6277	-33.2143	-257.5648
HKDS2004_Fast_IsoWater_20181025_081448	1613	17	887.025	-17.7285	-33.3884	-258.1194
HKDS2004_Fast_IsoWater_20181025_081448	1613	18	887.050	-17.7664	-33.4846	-258.5289
HKDS2004_Fast_IsoWater_20181025_081448	1613	19	887.075	-18.0513	-33.9664	-262.4927
HKDS2004_Fast_IsoWater_20181025_081448	1613	20	887.100	-18.4551	-34.6851	-268.7901
HKDS2004_Fast_IsoWater_20181025_081448	1613	21	887.125	-18.7627	-35.4150	-274.7730
HKDS2004_Fast_IsoWater_20181025_081448	1613	22	887.150	-19.0092	-35.8189	-277.5675
HKDS2004_Fast_IsoWater_20181025_081448	1614	1	887.175	-19.1539	-36.0603	-279.4570
HKDS2004_Fast_IsoWater_20181025_081448	1614	2	887.200	-19.1718	-36.1639	-280.5352
HKDS2004_Fast_IsoWater_20181025_081448	1614	3	887.225	-19.1350	-36.0821	-280.2003
HKDS2004_Fast_IsoWater_20181025_081448	1614	4	887.250	-19.1214	-36.0392	-278.5212
HKDS2004_Fast_IsoWater_20181025_081448	1614	5	887.275	-18.9525	-35.7234	-276.9268
HKDS2004_Fast_IsoWater_20181025_081448	1614	6	887.300	-18.8989	-35.6019	-276.7375
HKDS2004_Fast_IsoWater_20181025_081448	1614	7	887.325	-18.9282	-35.6612	-278.1428
HKDS2004_Fast_IsoWater_20181025_081448	1614	8	887.350	-18.9528	-35.7561	-278.5034
HKDS2004_Fast_IsoWater_20181025_081448	1614	9	887.375	-18.9641	-35.7599	-278.5240
HKDS2004_Fast_IsoWater_20181025_081448	1614	10	887.400	-19.0089	-35.7933	-278.6212
HKDS2004_Fast_IsoWater_20181025_081448	1614	11	887.425	-19.1347	-36.0324	-280.1028
HKDS2004_Fast_IsoWater_20181025_081448	1614	12	887.450	-19.1854	-36.1401	-280.7121
HKDS2004_Fast_IsoWater_20181025_081448	1614	13	887.475	-19.3231	-36.3180	-281.3830
HKDS2004_Fast_IsoWater_20181025_081448	1614	14	887.500	-19.2390	-36.2898	-282.4666
HKDS2004_Fast_IsoWater_20181025_081448	1614	15	887.525	-19.2636	-36.3257	-282.9507
HKDS2004_Fast_IsoWater_20181025_081448	1614	16	887.550	-19.1479	-36.1228	-281.5209
HKDS2004_Fast_IsoWater_20181025_081448	1614	17	887.575	-18.9802	-35.7615	-277.6057
HKDS2004_Fast_IsoWater_20181025_081448	1614	18	887.600	-18.7504	-35.3939	-274.2155
HKDS2004_Fast_IsoWater_20181025_081448	1614	19	887.625	-18.6745	-35.1409	-272.4929
HKDS2004_Fast_IsoWater_20181025_081448	1614	20	887.650	-18.6193	-35.1153	-272.6663
HKDS2004_Fast_IsoWater_20181025_081448	1614	21	887.675	-18.7293	-35.2631	-273.1530
HKDS2004_Fast_IsoWater_20181025_081448	1614	22	887.700	-18.6650	-35.2169	-273.0332
HKDS2004_Fast_IsoWater_20181025_081448	1615	1	887.725	-18.7561	-35.2355	-272.7152
HKDS2004_Fast_IsoWater_20181025_081448	1615	2	887.750	-18.5541	-34.9948	-272.2574
HKDS2004_Fast_IsoWater_20181025_081448	1615	3	887.775	-18.4510	-34.7101	-269.6783
HKDS2004_Fast_IsoWater_20181025_081448	1615	4	887.800	-18.1257	-34.1280	-265.4289
HKDS2004_Fast_IsoWater_20181025_081448	1615	5	887.825	-17.8102	-33.5676	-260.6160
HKDS2004_Fast_IsoWater_20181025_081448	1615	6	887.850	-17.5416	-33.0377	-256.6242
HKDS2004_Fast_IsoWater_20181025_081448	1615	7	887.875	-17.3884	-32.8380	-254.7370
HKDS2004_Fast_IsoWater_20181025_081448	1615	8	887.900	-17.3090	-32.6469	-253.0305
HKDS2004_Fast_IsoWater_20181025_081448	1615	9	887.925	-17.2557	-32.4440	-250.7954
HKDS2004_Fast_IsoWater_20181025_081448	1615	10	887.950	-17.1133	-32.2289	-249.5304
HKDS2004_Fast_IsoWater_20181029_090435	1615	11	887.975	-17.2067	-32.3890	-250.6734
HKDS2004_Fast_IsoWater_20181029_090435	1615	12	888.000	-17.2766	-32.5665	-253.3018
HKDS2004_Fast_IsoWater_20181029_090435	1615	13	888.025	-17.4862	-32.8049	-255.0845
HKDS2004_Fast_IsoWater_20181029_090435	1615	14	888.050	-17.5743	-33.0107	-256.1461
HKDS2004_Fast_IsoWater_20181029_090435	1615	15	888.075	-17.7790	-33.4301	-259.3643
HKDS2004_Fast_IsoWater_20181029_090435	1615	16	888.100	-18.1133	-34.1326	-265.9602
HKDS2004_Fast_IsoWater_20181029_090435	1615	17	888.125	-18.4659	-34.7722	-272.7569
HKDS2004_Fast_IsoWater_20181029_090435	1615	18	888.150	-18.5798	-34.9139	-273.5407
HKDS2004_Fast_IsoWater_20181029_090435	1615	19	888.175	-18.4634	-34.8478	-271.8598
HKDS2004_Fast_IsoWater_20181029_090435	1615	20	888.200	-18.3785	-34.5553	-269.1956
HKDS2004_Fast_IsoWater_20181029_090435	1615	21	888.225	-18.1883	-34.2925	-267.0336
HKDS2004_Fast_IsoWater_20181029_090435	1615	22	888.250	-18.1998	-34.2572	-265.9063
HKDS2004_Fast_IsoWater_20181029_090435	1616	1	888.275	-17.9975	-33.8442	-262.3574
HKDS2004_Fast_IsoWater_20181029_090435	1616	2	888.300	-17.8452	-33.5551	-259.3510
HKDS2004_Fast_IsoWater_20181029_090435	1616	3	888.325	-18.5142	-34.8879	-272.0941
HKDS2004_Fast_IsoWater_20181029_090435	1616	4	888.350	-18.6602	-35.1375	-274.9382
HKDS2004_Fast_IsoWater_20181029_090435	1616	5	888.375	-18.4789	-34.6921	-268.9593
HKDS2004_Fast_IsoWater_20181029_090435	1616	6	888.400	-17.9460	-33.8618	-260.9863
HKDS2004_Fast_IsoWater_20181029_090435	1616	7	888.425	-17.1838	-32.2534	-248.2055
HKDS2004_Fast_IsoWater_20181029_090435	1616	8	888.450	-17.3310	-32.6844	-251.6593
HKDS2004_Fast_IsoWater_20181029_090435	1616	9	888.475	-17.7046	-33.2279	-256.6221
HKDS2004_Fast_IsoWater_20181029_090435	1616	10	888.500	-17.8019	-33.5388	-259.7376
HKDS2004_Fast_IsoWater_20181029_090435	1616	11	888.525	-17.9387	-33.7852	-261.2267
HKDS2004_Fast_IsoWater_20181029_090435	1616	12	888.550	-18.0347	-34.0034	-262.2591
HKDS2004_Fast_IsoWater_20181029_090435	1616	13	888.575	-18.3155	-34.4700	-266.2983
HKDS2004_Fast_IsoWater_20181029_090435	1616	14	888.600	-18.6189	-35.0917	-273.0733
HKDS2004_Fast_IsoWater_20181029_090435	1616	15	888.625	-18.9016	-35.6631	-278.6120
HKDS2004_Fast_IsoWater_20181029_090435	1616	16	888.650	-19.0323	-35.9230	-281.5582
HKDS2004_Fast_IsoWater_20181029_090435	1616	17	888.675	-19.1731	-36.0726	-282.6991
HKDS2004_Fast_IsoWater_20181029_090435	1616	18	888.700	-18.9674	-35.6721	-279.4412
HKDS2004_Fast_IsoWater_20181029_090435	1616	19	888.725	-18.7829	-35.2471	-274.6442
HKDS2004_Fast_IsoWater_20181029_090435	1616	20	888.750	-18.6217	-35.0029	-271.4932
HKDS2004_Fast_IsoWater_20181029_090435	1616	21	888.775	-18.7187	-35.2135	-273.4028
HKDS2004_Fast_IsoWater_20181029_090435	1616	22	888.800	-19.0189	-35.8925	-279.5126
HKDS2004_Fast_IsoWater_20181029_090435	1617	1	888.825	-19.2186	-36.1643	-282.2605
HKDS2004_Fast_IsoWater_20181029_090435	1617	2	888.850	-19.2221	-36.1396	-281.9555
HKDS2004_Fast_IsoWater_20181029_090435	1617	3	888.875	-19.1194	-35.9733	-279.5119
HKDS2004_Fast_IsoWater_20181029_090435	1617	4	888.900	-18.8599	-35.4759	-275.7731
HKDS2004_Fast_IsoWater_20181029_090435	1617	5	888.925	-18.6774	-35.0914	-271.9863
HKDS2004_Fast_IsoWater_20181029_090435	1617	6	888.950	-18.5066	-34.8046	-269.4657
HKDS2004_Fast_IsoWater_20181029_090435	1617	7	888.975	-18.3689	-34.5344	-267.6418
HKDS2004_Fast_IsoWater_20181029_090435	1617	8	889.000	-18.3142	-34.4434	-267.5755
HKDS2004_Fast_IsoWater_20181029_090435	1617	9	889.025	-18.5133	-34.7815	-270.1053
HKDS2004_Fast_IsoWater_20181029_090435	1617	10	889.050	-18.6246	-34.9603	-273.4123
HKDS2004_Fast_IsoWater_20181029_090435	1617	11	889.075	-18.8993	-35.6105	-278.2226
HKDS2004_Fast_IsoWater_20181029_090435	1617	12	889.100	-18.8437	-35.6009	-279.2408
HKDS2004_Fast_IsoWater_20181029_090435	1617	13	889.125	-18.7022	-35.2257	-275.8146
HKDS2004_Fast_IsoWater_20181029_090435	1617	14	889.150	-18.3222	-34.5415	-268.7792
HKDS2004_Fast_IsoWater_20181029_090435	1617	15	889.175	-18.0649	-33.9980	-262.5150
HKDS2004_Fast_IsoWater_20181029_090435	1617	16	889.200	-17.8811	-33.5445	-259.0789
HKDS2004_Fast_IsoWater_20181029_090435	1617	17	889.225	-17.9384	-33.7048	-260.8528
HKDS2004_Fast_IsoWater_20181029_090435	1617	18	889.250	-18.0920	-34.0823	-265.1986
HKDS2004_Fast_IsoWater_20181029_090435	1617	19	889.275	-18.2519	-34.4328	-268.1675
HKDS2004_Fast_IsoWater_20181030_165343	1617	20	889.300	-18.4726	-34.8130	-270.6908
HKDS2004_Fast_IsoWater_20181030_165343	1617	21	889.325	-18.4742	-34.8271	-270.8822
HKDS2004_Fast_IsoWater_20181030_165343	1617	22	889.350	-18.3444	-34.6280	-268.5322
HKDS2004_Fast_IsoWater_20181030_165343	1618	1	889.375	-18.1558	-34.3202	-265.2238
HKDS2004_Fast_IsoWater_20181030_165343	1618	2	889.400	-18.1198	-34.1392	-262.9357
HKDS2004_Fast_IsoWater_20181030_165343	1618	3	889.425	-18.2292	-34.3042	-264.5696
HKDS2004_Fast_IsoWater_20181030_165343	1618	4	889.450	-18.4707	-34.7589	-269.1058
HKDS2004_Fast_IsoWater_20181030_165343	1618	5	889.475	-18.6143	-35.1008	-272.5361
HKDS2004_Fast_IsoWater_20181030_165343	1618	6	889.500	-18.8516	-35.4491	-275.3285
HKDS2004_Fast_IsoWater_20181030_165343	1618	7	889.525	-19.0880	-35.9248	-278.3985
HKDS2004_Fast_IsoWater_20181030_165343	1618	8	889.550	-19.2583	-36.2686	-281.2531
HKDS2004_Fast_IsoWater_20181030_165343	1618	9	889.575	-19.5579	-36.8032	-285.8382
HKDS2004_Fast_IsoWater_20181030_165343	1618	10	889.600	-19.8009	-37.3155	-291.7557
HKDS2004_Fast_IsoWater_20181030_165343	1618	11	889.625	-20.0107	-37.7645	-295.5211
HKDS2004_Fast_IsoWater_20181030_165343	1618	12	889.650	-20.1015	-37.8571	-296.6946
HKDS2004_Fast_IsoWater_20181030_165343	1618	13	889.675	-19.9784	-37.6841	-293.7215
HKDS2004_Fast_IsoWater_20181030_165343	1618	14	889.700	-19.8430	-37.3615	-289.8802
HKDS2004_Fast_IsoWater_20181030_165343	1618	15	889.725	-19.7449	-37.2017	-287.9640
HKDS2004_Fast_IsoWater_20181030_165343	1618	16	889.750	-19.5633	-36.8919	-286.3129
HKDS2004_Fast_IsoWater_20181030_165343	1618	17	889.775	-19.3744	-36.4471	-283.1214
HKDS2004_Fast_IsoWater_20181030_165343	1618	18	889.800	-18.9029	-35.6193	-277.4737
HKDS2004_Fast_IsoWater_20181030_165343	1618	19	889.825	-18.6536	-35.0912	-272.2713
HKDS2004_Fast_IsoWater_20181030_165343	1618	20	889.850	-18.3046	-34.5139	-267.7926
HKDS2004_Fast_IsoWater_20181030_165343	1618	21	889.875	-18.2046	-34.2405	-264.8684
HKDS2004_Fast_IsoWater_20181030_165343	1618	22	889.900	-18.0995	-34.0481	-262.2895
HKDS2004_Fast_IsoWater_20181030_165343	1619	1	889.925	-18.1454	-34.1318	-262.3908
HKDS2004_Fast_IsoWater_20181030_165343	1619	2	889.950	-18.3482	-34.4749	-265.5436
HKDS2004_Fast_IsoWater_20181030_165343	1619	3	889.975	-18.5862	-34.9725	-269.8273
HKDS2004_Fast_IsoWater_20181030_165343	1619	4	890.000	-18.7858	-35.3002	-272.2068
HKDS2004_Fast_IsoWater_20181030_165343	1619	5	890.025	-18.8523	-35.4971	-273.6562
HKDS2004_Fast_IsoWater_20181030_165343	1619	6	890.050	-18.9741	-35.7199	-275.2847
HKDS2004_Fast_IsoWater_20181030_165343	1619	7	890.075	-18.9368	-35.7273	-275.6391
HKDS2004_Fast_IsoWater_20181030_165343	1619	8	890.100	-18.9586	-35.6814	-275.2599
HKDS2004_Fast_IsoWater_20181030_165343	1619	9	890.125	-18.8624	-35.6026	-274.7360
HKDS2004_Fast_IsoWater_20181030_165343	1619	10	890.150	-18.9861	-35.7103	-275.7690
HKDS2004_Fast_IsoWater_20181030_165343	1619	11	890.175	-19.0545	-35.8615	-278.2819
HKDS2004_Fast_IsoWater_20181030_165343	1619	12	890.200	-19.0339	-35.8775	-279.2099
HKDS2004_Fast_IsoWater_20181030_165343	1619	13	890.225	-18.9706	-35.7711	-278.7923
HKDS2004_Fast_IsoWater_20181030_165343	1619	14	890.250	-19.0105	-35.6945	-277.0390
HKDS2004_Fast_IsoWater_20181030_165343	1619	15	890.275	-18.7748	-35.2732	-273.2977
HKDS2004_Fast_IsoWater_20181030_165343	1619	16	890.300	-18.3887	-34.6290	-269.0032
HKDS2004_Fast_IsoWater_20181030_165343	1619	17	890.325	-18.1957	-34.2427	-265.1003
HKDS2004_Fast_IsoWater_20181030_165343	1619	18	890.350	-18.0714	-33.9394	-262.6775
HKDS2004_Fast_IsoWater_20181030_165343	1619	19	890.375	-17.9834	-33.8832	-262.3638
HKDS2004_Fast_IsoWater_20181030_165343	1619	20	890.400	-17.9843	-33.8764	-261.8725
HKDS2004_Fast_IsoWater_20181030_165343	1619	21	890.425	-17.9052	-33.6780	-259.8521
HKDS2004_Fast_IsoWater_20181030_165343	1619	22	890.450	-17.8473	-33.5274	-258.1185
HKDS2004_Fast_IsoWater_20181030_165343	1620	1	890.475	-17.8777	-33.7095	-259.3456
HKDS2004_Fast_IsoWater_20181030_165343	1620	2	890.500	-18.1296	-34.1189	-263.4156
HKDS2004_Fast_IsoWater_20181030_165343	1620	3	890.525	-18.4428	-34.6325	-268.5389
HKDS2004_Fast_IsoWater_20181030_165343	1620	4	890.550	-18.5852	-35.0072	-271.9496
HKDS2004_Fast_IsoWater_20181030_165343	1620	5	890.575	-18.6302	-35.0719	-272.4726
HKDS2004_Fast_IsoWater_20181030_165343	1620	6	890.600	-18.6415	-35.1175	-272.0846
HKDS2004_Fast_IsoWater_20181101_084017	1620	7	890.625	-18.6657	-35.1150	-272.3182
HKDS2004_Fast_IsoWater_20181101_084017	1620	8	890.650	-18.7128	-35.2225	-273.7814
HKDS2004_Fast_IsoWater_20181101_084017	1620	9	890.675	-18.6600	-35.2617	-274.0028
HKDS2004_Fast_IsoWater_20181101_084017	1620	10	890.700	-18.6641	-35.1673	-273.4521
HKDS2004_Fast_IsoWater_20181101_084017	1620	11	890.725	-18.6669	-35.1477	-273.3483
HKDS2004_Fast_IsoWater_20181101_084017	1620	12	890.750	-18.6925	-35.1345	-273.4676
HKDS2004_Fast_IsoWater_20181101_084017	1620	13	890.775	-18.7201	-35.2626	-274.3125
HKDS2004_Fast_IsoWater_20181101_084017	1620	14	890.800	-18.8127	-35.4276	-275.7554
HKDS2004_Fast_IsoWater_20181101_084017	1620	15	890.825	-18.9098	-35.5595	-276.9629
HKDS2004_Fast_IsoWater_20181101_084017	1620	16	890.850	-18.8415	-35.5274	-276.3518
HKDS2004_Fast_IsoWater_20181101_084017	1620	17	890.875	-18.7956	-35.3939	-274.6805
HKDS2004_Fast_IsoWater_20181101_084017	1620	18	890.900	-18.7684	-35.3917	-273.8566
HKDS2004_Fast_IsoWater_20181101_084017	1620	19	890.925	-18.8908	-35.5811	-275.0619
HKDS2004_Fast_IsoWater_20181101_084017	1620	20	890.950	-18.9743	-35.6835	-276.8411
HKDS2004_Fast_IsoWater_20181101_084017	1620	21	890.975	-19.1087	-35.9447	-278.1053
HKDS2004_Fast_IsoWater_20181101_084017	1620	22	891.000	-19.1382	-36.0414	-279.1901
